2024-10-21 17:00:47,696 - INFO - iniciando extarção campus cbja_suap
2024-10-21 17:00:47,781 - INFO - Iniciando navegador
2024-10-21 17:00:55,223 - INFO - acessando SUAP
2024-10-21 17:00:56,333 - INFO - inserindo nome e senha
2024-10-21 17:01:05,208 - INFO - preparando url search params 
2024-10-21 17:01:05,208 - INFO - paginando pagina-1 
2024-10-21 17:01:36,624 - INFO - capturando tabela e convertendo em lista
2024-10-21 17:01:47,492 - INFO - montando DatFrame
2024-10-21 17:01:47,496 - INFO - DataFrame montado
2024-10-21 17:01:47,497 - INFO - paginando pagina-2 
2024-10-21 17:02:18,192 - INFO - capturando tabela e convertendo em lista
2024-10-21 17:02:29,357 - INFO - montando DatFrame
2024-10-21 17:02:29,364 - INFO - DataFrame montado
2024-10-21 17:02:29,365 - INFO - paginando pagina-3 
2024-10-21 17:02:59,941 - INFO - capturando tabela e convertendo em lista
2024-10-21 17:03:11,420 - INFO - montando DatFrame
2024-10-21 17:03:11,427 - INFO - DataFrame montado
2024-10-21 17:03:11,429 - INFO - paginando pagina-4 
2024-10-21 17:03:40,758 - INFO - capturando tabela e convertendo em lista
2024-10-21 17:03:52,054 - INFO - montando DatFrame
2024-10-21 17:03:52,059 - INFO - DataFrame montado
2024-10-21 17:03:52,060 - INFO - paginando pagina-5 
2024-10-21 17:04:22,493 - INFO - capturando tabela e convertendo em lista
2024-10-21 17:04:33,973 - INFO - montando DatFrame
2024-10-21 17:04:33,978 - INFO - DataFrame montado
2024-10-21 17:04:33,979 - INFO - paginando pagina-6 
2024-10-21 17:05:04,941 - INFO - capturando tabela e convertendo em lista
2024-10-21 17:05:16,650 - INFO - montando DatFrame
2024-10-21 17:05:16,655 - INFO - DataFrame montado
2024-10-21 17:05:16,655 - INFO - paginando pagina-7 
2024-10-21 17:05:47,752 - INFO - capturando tabela e convertendo em lista
2024-10-21 17:05:59,417 - INFO - montando DatFrame
2024-10-21 17:05:59,420 - INFO - DataFrame montado
2024-10-21 17:05:59,421 - INFO - paginando pagina-8 
2024-10-21 17:06:30,050 - INFO - capturando tabela e convertendo em lista
2024-10-21 17:06:40,959 - INFO - montando DatFrame
2024-10-21 17:06:40,964 - INFO - DataFrame montado
2024-10-21 17:06:40,966 - INFO - paginando pagina-9 
2024-10-21 17:07:12,592 - INFO - capturando tabela e convertendo em lista
2024-10-21 17:07:23,084 - INFO - montando DatFrame
2024-10-21 17:07:23,087 - INFO - DataFrame montado
2024-10-21 17:07:23,088 - INFO - paginando pagina-10 
2024-10-21 17:07:54,849 - INFO - capturando tabela e convertendo em lista
2024-10-21 17:08:06,267 - INFO - montando DatFrame
2024-10-21 17:08:06,272 - INFO - DataFrame montado
2024-10-21 17:08:06,273 - INFO - paginando pagina-11 
2024-10-21 17:08:39,330 - INFO - capturando tabela e convertendo em lista
2024-10-21 17:08:50,277 - INFO - montando DatFrame
2024-10-21 17:08:50,284 - INFO - DataFrame montado
2024-10-21 17:08:50,285 - INFO - paginando pagina-12 
2024-10-21 17:09:20,926 - INFO - capturando tabela e convertendo em lista
2024-10-21 17:09:31,387 - INFO - montando DatFrame
2024-10-21 17:09:31,392 - INFO - DataFrame montado
2024-10-21 17:09:31,392 - INFO - paginando pagina-13 
2024-10-21 17:10:00,881 - INFO - capturando tabela e convertendo em lista
2024-10-21 17:10:14,472 - INFO - montando DatFrame
2024-10-21 17:10:14,476 - INFO - DataFrame montado
2024-10-21 17:10:14,477 - INFO - paginando pagina-14 
2024-10-21 17:10:45,344 - INFO - capturando tabela e convertendo em lista
2024-10-21 17:10:57,333 - INFO - montando DatFrame
2024-10-21 17:10:57,338 - INFO - DataFrame montado
2024-10-21 17:10:57,339 - INFO - paginando pagina-15 
2024-10-21 17:11:28,390 - INFO - capturando tabela e convertendo em lista
2024-10-21 17:11:38,008 - INFO - montando DatFrame
2024-10-21 17:11:38,012 - INFO - DataFrame montado
2024-10-21 17:11:38,013 - INFO - paginando pagina-16 
2024-10-21 17:12:08,452 - INFO - capturando tabela e convertendo em lista
2024-10-21 17:12:18,559 - INFO - montando DatFrame
2024-10-21 17:12:18,563 - INFO - DataFrame montado
2024-10-21 17:12:18,564 - INFO - paginando pagina-17 
2024-10-21 17:12:48,966 - INFO - capturando tabela e convertendo em lista
2024-10-21 17:12:59,124 - INFO - montando DatFrame
2024-10-21 17:12:59,127 - INFO - DataFrame montado
2024-10-21 17:12:59,128 - INFO - paginando pagina-18 
2024-10-21 17:13:29,837 - INFO - capturando tabela e convertendo em lista
2024-10-21 17:13:40,672 - INFO - montando DatFrame
2024-10-21 17:13:40,676 - INFO - DataFrame montado
2024-10-21 17:13:40,677 - INFO - paginando pagina-19 
2024-10-21 17:14:10,803 - INFO - capturando tabela e convertendo em lista
2024-10-21 17:14:21,207 - INFO - montando DatFrame
2024-10-21 17:14:21,210 - INFO - DataFrame montado
2024-10-21 17:14:21,211 - INFO - paginando pagina-20 
2024-10-21 17:14:51,385 - INFO - capturando tabela e convertendo em lista
2024-10-21 17:15:01,501 - INFO - montando DatFrame
2024-10-21 17:15:01,506 - INFO - DataFrame montado
2024-10-21 17:15:01,507 - INFO - paginando pagina-21 
2024-10-21 17:15:31,900 - INFO - capturando tabela e convertendo em lista
2024-10-21 17:15:41,482 - INFO - montando DatFrame
2024-10-21 17:15:41,486 - INFO - DataFrame montado
2024-10-21 17:15:41,487 - INFO - paginando pagina-22 
2024-10-21 17:16:14,057 - INFO - capturando tabela e convertendo em lista
2024-10-21 17:16:23,482 - INFO - montando DatFrame
2024-10-21 17:16:23,486 - INFO - DataFrame montado
2024-10-21 17:16:23,487 - INFO - paginando pagina-23 
2024-10-21 17:16:59,196 - INFO - capturando tabela e convertendo em lista
2024-10-21 17:17:09,021 - INFO - montando DatFrame
2024-10-21 17:17:09,025 - INFO - DataFrame montado
2024-10-21 17:17:09,026 - INFO - paginando pagina-24 
2024-10-21 17:17:41,856 - INFO - capturando tabela e convertendo em lista
2024-10-21 17:17:51,083 - INFO - montando DatFrame
2024-10-21 17:17:51,087 - INFO - DataFrame montado
2024-10-21 17:17:51,089 - INFO - paginando pagina-25 
2024-10-21 17:18:20,672 - INFO - capturando tabela e convertendo em lista
2024-10-21 17:18:30,530 - INFO - montando DatFrame
2024-10-21 17:18:30,533 - INFO - DataFrame montado
2024-10-21 17:18:30,534 - INFO - paginando pagina-26 
2024-10-21 17:19:01,603 - INFO - capturando tabela e convertendo em lista
2024-10-21 17:19:11,516 - INFO - montando DatFrame
2024-10-21 17:19:11,520 - INFO - DataFrame montado
2024-10-21 17:19:11,521 - INFO - paginando pagina-27 
2024-10-21 17:19:42,484 - INFO - capturando tabela e convertendo em lista
2024-10-21 17:19:51,846 - INFO - montando DatFrame
2024-10-21 17:19:51,849 - INFO - DataFrame montado
2024-10-21 17:19:51,850 - INFO - paginando pagina-28 
2024-10-21 17:20:22,507 - INFO - capturando tabela e convertendo em lista
2024-10-21 17:20:32,401 - INFO - montando DatFrame
2024-10-21 17:20:32,406 - INFO - DataFrame montado
2024-10-21 17:20:32,407 - INFO - paginando pagina-29 
2024-10-21 17:21:02,430 - INFO - capturando tabela e convertendo em lista
2024-10-21 17:21:12,040 - INFO - montando DatFrame
2024-10-21 17:21:12,044 - INFO - DataFrame montado
2024-10-21 17:21:12,045 - INFO - paginando pagina-30 
2024-10-21 17:21:42,085 - INFO - capturando tabela e convertendo em lista
2024-10-21 17:21:51,492 - INFO - montando DatFrame
2024-10-21 17:21:51,496 - INFO - DataFrame montado
2024-10-21 17:21:51,497 - INFO - paginando pagina-31 
2024-10-21 17:22:25,318 - INFO - capturando tabela e convertendo em lista
2024-10-21 17:22:34,978 - INFO - montando DatFrame
2024-10-21 17:22:34,982 - INFO - DataFrame montado
2024-10-21 17:22:34,983 - INFO - paginando pagina-32 
2024-10-21 17:23:08,718 - INFO - capturando tabela e convertendo em lista
2024-10-21 17:23:23,037 - INFO - montando DatFrame
2024-10-21 17:23:23,041 - INFO - DataFrame montado
2024-10-21 17:23:23,042 - INFO - paginando pagina-33 
2024-10-21 17:23:54,662 - INFO - capturando tabela e convertendo em lista
2024-10-21 17:24:05,782 - INFO - montando DatFrame
2024-10-21 17:24:05,786 - INFO - DataFrame montado
2024-10-21 17:24:05,787 - INFO - paginando pagina-34 
2024-10-21 17:24:36,200 - INFO - capturando tabela e convertendo em lista
2024-10-21 17:24:45,792 - INFO - montando DatFrame
2024-10-21 17:24:45,795 - INFO - DataFrame montado
2024-10-21 17:24:45,796 - INFO - paginando pagina-35 
2024-10-21 17:25:15,715 - INFO - capturando tabela e convertendo em lista
2024-10-21 17:25:25,697 - INFO - montando DatFrame
2024-10-21 17:25:25,700 - INFO - DataFrame montado
2024-10-21 17:25:25,701 - INFO - paginando pagina-36 
2024-10-21 17:25:55,256 - INFO - capturando tabela e convertendo em lista
2024-10-21 17:26:05,161 - INFO - montando DatFrame
2024-10-21 17:26:05,165 - INFO - DataFrame montado
2024-10-21 17:26:05,166 - INFO - paginando pagina-37 
2024-10-21 17:26:34,680 - INFO - capturando tabela e convertendo em lista
2024-10-21 17:26:44,877 - INFO - montando DatFrame
2024-10-21 17:26:44,881 - INFO - DataFrame montado
2024-10-21 17:26:44,882 - INFO - paginando pagina-38 
2024-10-21 17:27:15,170 - INFO - capturando tabela e convertendo em lista
2024-10-21 17:27:24,823 - INFO - montando DatFrame
2024-10-21 17:27:24,826 - INFO - DataFrame montado
2024-10-21 17:27:24,828 - INFO - paginando pagina-39 
2024-10-21 17:27:54,840 - INFO - capturando tabela e convertendo em lista
2024-10-21 17:28:05,320 - INFO - montando DatFrame
2024-10-21 17:28:05,324 - INFO - DataFrame montado
2024-10-21 17:28:05,325 - INFO - paginando pagina-40 
2024-10-21 17:28:40,127 - INFO - capturando tabela e convertendo em lista
2024-10-21 17:28:51,037 - INFO - montando DatFrame
2024-10-21 17:28:51,042 - INFO - DataFrame montado
2024-10-21 17:28:51,044 - INFO - paginando pagina-41 
2024-10-21 17:29:25,200 - INFO - capturando tabela e convertendo em lista
2024-10-21 17:29:34,443 - INFO - montando DatFrame
2024-10-21 17:29:34,447 - INFO - DataFrame montado
2024-10-21 17:29:34,448 - INFO - paginando pagina-42 
2024-10-21 17:30:05,106 - INFO - capturando tabela e convertendo em lista
2024-10-21 17:30:14,637 - INFO - montando DatFrame
2024-10-21 17:30:14,641 - INFO - DataFrame montado
2024-10-21 17:30:14,642 - INFO - paginando pagina-43 
2024-10-21 17:30:44,771 - INFO - capturando tabela e convertendo em lista
2024-10-21 17:30:55,542 - INFO - montando DatFrame
2024-10-21 17:30:55,550 - INFO - DataFrame montado
2024-10-21 17:30:55,553 - INFO - paginando pagina-44 
2024-10-21 17:31:25,130 - INFO - capturando tabela e convertendo em lista
2024-10-21 17:31:34,818 - INFO - montando DatFrame
2024-10-21 17:31:34,822 - INFO - DataFrame montado
2024-10-21 17:31:34,823 - INFO - paginando pagina-45 
2024-10-21 17:32:05,720 - INFO - capturando tabela e convertendo em lista
2024-10-21 17:32:15,039 - INFO - montando DatFrame
2024-10-21 17:32:15,043 - INFO - DataFrame montado
2024-10-21 17:32:15,044 - INFO - paginando pagina-46 
2024-10-21 17:32:46,447 - INFO - capturando tabela e convertendo em lista
2024-10-21 17:32:55,786 - INFO - montando DatFrame
2024-10-21 17:32:55,790 - INFO - DataFrame montado
2024-10-21 17:32:55,791 - INFO - paginando pagina-47 
2024-10-21 17:33:27,174 - INFO - capturando tabela e convertendo em lista
2024-10-21 17:33:36,722 - INFO - montando DatFrame
2024-10-21 17:33:36,727 - INFO - DataFrame montado
2024-10-21 17:33:36,728 - INFO - paginando pagina-48 
2024-10-21 17:34:09,241 - INFO - capturando tabela e convertendo em lista
2024-10-21 17:34:18,970 - INFO - montando DatFrame
2024-10-21 17:34:18,974 - INFO - DataFrame montado
2024-10-21 17:34:18,975 - INFO - paginando pagina-49 
2024-10-21 17:34:53,958 - INFO - capturando tabela e convertendo em lista
2024-10-21 17:35:03,382 - INFO - montando DatFrame
2024-10-21 17:35:03,386 - INFO - DataFrame montado
2024-10-21 17:35:03,387 - INFO - paginando pagina-50 
2024-10-21 17:35:36,181 - INFO - capturando tabela e convertendo em lista
2024-10-21 17:35:46,028 - INFO - montando DatFrame
2024-10-21 17:35:46,033 - INFO - DataFrame montado
2024-10-21 17:35:46,034 - INFO - paginando pagina-51 
2024-10-21 17:36:14,934 - INFO - capturando tabela e convertendo em lista
2024-10-21 17:36:24,244 - INFO - montando DatFrame
2024-10-21 17:36:24,247 - INFO - DataFrame montado
2024-10-21 17:36:24,249 - INFO - paginando pagina-52 
2024-10-21 17:36:54,540 - INFO - capturando tabela e convertendo em lista
2024-10-21 17:37:03,920 - INFO - montando DatFrame
2024-10-21 17:37:03,924 - INFO - DataFrame montado
2024-10-21 17:37:03,925 - INFO - paginando pagina-53 
2024-10-21 17:37:34,236 - INFO - capturando tabela e convertendo em lista
2024-10-21 17:37:43,856 - INFO - montando DatFrame
2024-10-21 17:37:43,859 - INFO - DataFrame montado
2024-10-21 17:37:43,861 - INFO - paginando pagina-54 
2024-10-21 17:38:15,112 - INFO - capturando tabela e convertendo em lista
2024-10-21 17:38:24,632 - INFO - montando DatFrame
2024-10-21 17:38:24,637 - INFO - DataFrame montado
2024-10-21 17:38:24,639 - INFO - paginando pagina-55 
2024-10-21 17:38:55,888 - INFO - capturando tabela e convertendo em lista
2024-10-21 17:39:05,410 - INFO - montando DatFrame
2024-10-21 17:39:05,414 - INFO - DataFrame montado
2024-10-21 17:39:05,415 - INFO - paginando pagina-56 
2024-10-21 17:39:37,655 - INFO - capturando tabela e convertendo em lista
2024-10-21 17:39:47,386 - INFO - montando DatFrame
2024-10-21 17:39:47,391 - INFO - DataFrame montado
2024-10-21 17:39:47,393 - INFO - paginando pagina-57 
2024-10-21 17:40:22,017 - INFO - capturando tabela e convertendo em lista
2024-10-21 17:40:31,108 - INFO - montando DatFrame
2024-10-21 17:40:31,111 - INFO - DataFrame montado
2024-10-21 17:40:31,113 - INFO - paginando pagina-58 
2024-10-21 17:41:05,626 - INFO - capturando tabela e convertendo em lista
2024-10-21 17:41:15,328 - INFO - montando DatFrame
2024-10-21 17:41:15,332 - INFO - DataFrame montado
2024-10-21 17:41:15,333 - INFO - paginando pagina-59 
2024-10-21 17:41:50,213 - INFO - capturando tabela e convertendo em lista
2024-10-21 17:41:59,480 - INFO - montando DatFrame
2024-10-21 17:41:59,484 - INFO - DataFrame montado
2024-10-21 17:41:59,485 - INFO - paginando pagina-60 
2024-10-21 17:42:29,368 - INFO - capturando tabela e convertendo em lista
2024-10-21 17:42:39,065 - INFO - montando DatFrame
2024-10-21 17:42:39,069 - INFO - DataFrame montado
2024-10-21 17:42:39,070 - INFO - paginando pagina-61 
2024-10-21 17:43:10,832 - INFO - capturando tabela e convertendo em lista
2024-10-21 17:43:20,232 - INFO - montando DatFrame
2024-10-21 17:43:20,235 - INFO - DataFrame montado
2024-10-21 17:43:20,237 - INFO - paginando pagina-62 
2024-10-21 17:43:49,714 - INFO - capturando tabela e convertendo em lista
2024-10-21 17:43:59,603 - INFO - montando DatFrame
2024-10-21 17:43:59,608 - INFO - DataFrame montado
2024-10-21 17:43:59,610 - INFO - paginando pagina-63 
2024-10-21 17:44:30,517 - INFO - capturando tabela e convertendo em lista
2024-10-21 17:44:39,822 - INFO - montando DatFrame
2024-10-21 17:44:39,825 - INFO - DataFrame montado
2024-10-21 17:44:39,827 - INFO - paginando pagina-64 
2024-10-21 17:45:10,890 - INFO - capturando tabela e convertendo em lista
2024-10-21 17:45:20,629 - INFO - montando DatFrame
2024-10-21 17:45:20,633 - INFO - DataFrame montado
2024-10-21 17:45:20,635 - INFO - paginando pagina-65 
2024-10-21 17:45:51,083 - INFO - capturando tabela e convertendo em lista
2024-10-21 17:46:00,598 - INFO - montando DatFrame
2024-10-21 17:46:00,602 - INFO - DataFrame montado
2024-10-21 17:46:00,604 - INFO - paginando pagina-66 
2024-10-21 17:46:34,641 - INFO - capturando tabela e convertendo em lista
2024-10-21 17:46:44,610 - INFO - montando DatFrame
2024-10-21 17:46:44,614 - INFO - DataFrame montado
2024-10-21 17:46:44,616 - INFO - paginando pagina-67 
2024-10-21 17:47:19,131 - INFO - capturando tabela e convertendo em lista
2024-10-21 17:47:28,454 - INFO - montando DatFrame
2024-10-21 17:47:28,457 - INFO - DataFrame montado
2024-10-21 17:47:28,459 - INFO - paginando pagina-68 
2024-10-21 17:47:58,388 - INFO - capturando tabela e convertendo em lista
2024-10-21 17:48:07,731 - INFO - montando DatFrame
2024-10-21 17:48:07,735 - INFO - DataFrame montado
2024-10-21 17:48:07,736 - INFO - paginando pagina-69 
2024-10-21 17:48:38,812 - INFO - capturando tabela e convertendo em lista
2024-10-21 17:48:48,320 - INFO - montando DatFrame
2024-10-21 17:48:48,324 - INFO - DataFrame montado
2024-10-21 17:48:48,327 - INFO - paginando pagina-70 
2024-10-21 17:49:19,245 - INFO - capturando tabela e convertendo em lista
2024-10-21 17:49:28,905 - INFO - montando DatFrame
2024-10-21 17:49:28,909 - INFO - DataFrame montado
2024-10-21 17:49:28,911 - INFO - paginando pagina-71 
2024-10-21 17:49:59,615 - INFO - capturando tabela e convertendo em lista
2024-10-21 17:50:09,249 - INFO - montando DatFrame
2024-10-21 17:50:09,254 - INFO - DataFrame montado
2024-10-21 17:50:09,257 - INFO - paginando pagina-72 
2024-10-21 17:50:40,435 - INFO - capturando tabela e convertendo em lista
2024-10-21 17:50:53,811 - INFO - montando DatFrame
2024-10-21 17:50:53,818 - INFO - DataFrame montado
2024-10-21 17:50:53,820 - INFO - paginando pagina-73 
2024-10-21 17:51:23,503 - INFO - capturando tabela e convertendo em lista
2024-10-21 17:51:35,292 - INFO - montando DatFrame
2024-10-21 17:51:35,296 - INFO - DataFrame montado
2024-10-21 17:51:35,297 - INFO - paginando pagina-74 
2024-10-21 17:52:08,629 - INFO - capturando tabela e convertendo em lista
2024-10-22 14:38:05,459 - INFO - iniciando extarção campus cbar_suap
2024-10-22 14:38:05,571 - INFO - Iniciando navegador
