2024-11-05 15:01:48,444 - INFO - iniciando extarção campus cpes_suap
2024-11-05 15:01:48,531 - INFO - Iniciando navegador
2024-11-05 15:01:59,048 - INFO - acessando SUAP
2024-11-05 15:02:00,595 - INFO - inserindo nome e senha
2024-11-05 15:02:14,348 - INFO - preparando url search params 
2024-11-05 15:02:14,348 - INFO - paginando pagina-1 
2024-11-05 15:03:00,132 - INFO - capturando tabela e convertendo em lista
2024-11-05 15:03:13,522 - INFO - montando DatFrame
2024-11-05 15:03:13,533 - INFO - DataFrame montado
2024-11-05 15:03:13,533 - INFO - paginando pagina-2 
2024-11-05 15:03:54,051 - INFO - capturando tabela e convertendo em lista
2024-11-05 15:04:07,633 - INFO - montando DatFrame
2024-11-05 15:04:07,643 - INFO - DataFrame montado
2024-11-05 15:04:07,644 - INFO - paginando pagina-3 
2024-11-05 15:04:48,244 - INFO - capturando tabela e convertendo em lista
2024-11-05 15:05:05,444 - INFO - montando DatFrame
2024-11-05 15:05:05,449 - INFO - DataFrame montado
2024-11-05 15:05:05,449 - INFO - paginando pagina-4 
2024-11-05 15:05:47,827 - INFO - capturando tabela e convertendo em lista
2024-11-05 15:05:59,116 - INFO - montando DatFrame
2024-11-05 15:05:59,119 - INFO - DataFrame montado
2024-11-05 15:05:59,120 - INFO - paginando pagina-5 
2024-11-05 15:06:40,159 - INFO - capturando tabela e convertendo em lista
2024-11-05 15:06:53,832 - INFO - montando DatFrame
2024-11-05 15:06:53,836 - INFO - DataFrame montado
2024-11-05 15:06:53,837 - INFO - paginando pagina-6 
2024-11-05 15:07:35,062 - INFO - capturando tabela e convertendo em lista
2024-11-05 15:07:54,592 - INFO - montando DatFrame
2024-11-05 15:07:54,602 - INFO - DataFrame montado
2024-11-05 15:07:54,604 - INFO - paginando pagina-7 
2024-11-05 15:08:36,791 - INFO - capturando tabela e convertendo em lista
2024-11-05 15:08:52,773 - INFO - montando DatFrame
2024-11-05 15:08:52,780 - INFO - DataFrame montado
2024-11-05 15:08:52,781 - INFO - paginando pagina-8 
2024-11-05 15:09:34,522 - INFO - capturando tabela e convertendo em lista
2024-11-05 15:09:48,474 - INFO - montando DatFrame
2024-11-05 15:09:48,479 - INFO - DataFrame montado
2024-11-05 15:09:48,480 - INFO - paginando pagina-9 
2024-11-05 15:10:29,132 - INFO - capturando tabela e convertendo em lista
2024-11-05 15:10:40,312 - INFO - montando DatFrame
2024-11-05 15:10:40,315 - INFO - DataFrame montado
2024-11-05 15:10:40,316 - INFO - paginando pagina-10 
2024-11-05 15:11:20,767 - INFO - capturando tabela e convertendo em lista
2024-11-05 15:11:30,269 - INFO - montando DatFrame
2024-11-05 15:11:30,275 - INFO - DataFrame montado
2024-11-05 15:11:30,275 - INFO - paginando pagina-11 
2024-11-05 15:12:08,528 - INFO - capturando tabela e convertendo em lista
2024-11-05 15:12:18,984 - INFO - montando DatFrame
2024-11-05 15:12:18,989 - INFO - DataFrame montado
2024-11-05 15:12:18,990 - INFO - paginando pagina-12 
2024-11-05 15:12:58,524 - INFO - capturando tabela e convertendo em lista
2024-11-05 15:13:17,721 - INFO - montando DatFrame
2024-11-05 15:13:17,727 - INFO - DataFrame montado
2024-11-05 15:13:17,728 - INFO - paginando pagina-13 
2024-11-05 15:13:58,031 - INFO - capturando tabela e convertendo em lista
2024-11-05 15:14:15,140 - INFO - montando DatFrame
2024-11-05 15:14:15,146 - INFO - DataFrame montado
2024-11-05 15:14:15,146 - INFO - paginando pagina-14 
2024-11-05 15:14:57,800 - INFO - capturando tabela e convertendo em lista
2024-11-05 15:15:09,789 - INFO - montando DatFrame
2024-11-05 15:15:09,793 - INFO - DataFrame montado
2024-11-05 15:15:09,794 - INFO - paginando pagina-15 
2024-11-05 15:15:54,630 - INFO - capturando tabela e convertendo em lista
2024-11-05 15:16:05,236 - INFO - montando DatFrame
2024-11-05 15:16:05,240 - INFO - DataFrame montado
2024-11-05 15:16:05,241 - INFO - paginando pagina-16 
2024-11-05 15:16:47,646 - INFO - capturando tabela e convertendo em lista
2024-11-05 15:16:56,871 - INFO - montando DatFrame
2024-11-05 15:16:56,875 - INFO - DataFrame montado
2024-11-05 15:16:56,876 - INFO - paginando pagina-17 
2024-11-05 15:17:38,849 - INFO - capturando tabela e convertendo em lista
2024-11-05 15:17:53,732 - INFO - montando DatFrame
2024-11-05 15:17:53,737 - INFO - DataFrame montado
2024-11-05 15:17:53,738 - INFO - paginando pagina-18 
2024-11-05 15:18:36,556 - INFO - capturando tabela e convertendo em lista
2024-11-05 15:18:52,134 - INFO - montando DatFrame
2024-11-05 15:18:52,140 - INFO - DataFrame montado
2024-11-05 15:18:52,142 - INFO - paginando pagina-19 
2024-11-05 15:19:34,272 - INFO - capturando tabela e convertendo em lista
2024-11-05 15:19:48,974 - INFO - montando DatFrame
2024-11-05 15:19:48,980 - INFO - DataFrame montado
2024-11-05 15:19:48,981 - INFO - paginando pagina-20 
2024-11-05 15:20:28,274 - INFO - capturando tabela e convertendo em lista
2024-11-05 15:20:43,205 - INFO - montando DatFrame
2024-11-05 15:20:43,211 - INFO - DataFrame montado
2024-11-05 15:20:43,212 - INFO - paginando pagina-21 
2024-11-05 15:21:22,924 - INFO - capturando tabela e convertendo em lista
2024-11-05 15:21:38,315 - INFO - montando DatFrame
2024-11-05 15:21:38,322 - INFO - DataFrame montado
2024-11-05 15:21:38,323 - INFO - paginando pagina-22 
2024-11-05 15:22:18,383 - INFO - capturando tabela e convertendo em lista
2024-11-05 15:22:32,949 - INFO - montando DatFrame
2024-11-05 15:22:32,953 - INFO - DataFrame montado
2024-11-05 15:22:32,954 - INFO - paginando pagina-23 
2024-11-05 15:23:13,584 - INFO - capturando tabela e convertendo em lista
2024-11-05 15:23:30,965 - INFO - montando DatFrame
2024-11-05 15:23:30,977 - INFO - DataFrame montado
2024-11-05 15:23:30,980 - INFO - paginando pagina-24 
2024-11-05 15:24:10,706 - INFO - capturando tabela e convertendo em lista
2024-11-05 15:24:27,853 - INFO - montando DatFrame
2024-11-05 15:24:27,860 - INFO - DataFrame montado
2024-11-05 15:24:27,862 - INFO - paginando pagina-25 
2024-11-05 15:25:08,622 - INFO - capturando tabela e convertendo em lista
2024-11-05 15:25:27,029 - INFO - montando DatFrame
2024-11-05 15:25:27,035 - INFO - DataFrame montado
2024-11-05 15:25:27,037 - INFO - paginando pagina-26 
2024-11-05 15:26:06,170 - INFO - capturando tabela e convertendo em lista
2024-11-05 15:26:21,333 - INFO - montando DatFrame
2024-11-05 15:26:21,336 - INFO - DataFrame montado
2024-11-05 15:26:21,338 - INFO - paginando pagina-27 
2024-11-05 15:27:02,185 - INFO - capturando tabela e convertendo em lista
2024-11-05 15:27:28,321 - INFO - montando DatFrame
2024-11-05 15:27:28,328 - INFO - DataFrame montado
2024-11-05 15:27:28,329 - INFO - paginando pagina-28 
2024-11-05 15:28:07,813 - INFO - capturando tabela e convertendo em lista
2024-11-05 15:28:24,780 - INFO - montando DatFrame
2024-11-05 15:28:24,786 - INFO - DataFrame montado
2024-11-05 15:28:24,787 - INFO - paginando pagina-29 
2024-11-05 15:29:03,909 - INFO - capturando tabela e convertendo em lista
2024-11-05 15:29:21,071 - INFO - montando DatFrame
2024-11-05 15:29:21,076 - INFO - DataFrame montado
2024-11-05 15:29:21,077 - INFO - paginando pagina-30 
2024-11-05 15:29:59,523 - INFO - capturando tabela e convertendo em lista
2024-11-05 15:30:20,132 - INFO - montando DatFrame
2024-11-05 15:30:20,136 - INFO - DataFrame montado
2024-11-05 15:30:20,137 - INFO - paginando pagina-31 
2024-11-05 15:30:57,240 - INFO - capturando tabela e convertendo em lista
2024-11-05 15:31:12,064 - INFO - montando DatFrame
2024-11-05 15:31:12,070 - INFO - DataFrame montado
2024-11-05 15:31:12,072 - INFO - paginando pagina-32 
2024-11-05 15:31:49,537 - INFO - capturando tabela e convertendo em lista
2024-11-05 15:32:01,583 - INFO - montando DatFrame
2024-11-05 15:32:01,589 - INFO - DataFrame montado
2024-11-05 15:32:01,590 - INFO - paginando pagina-33 
2024-11-05 15:32:40,674 - INFO - capturando tabela e convertendo em lista
2024-11-05 15:33:13,927 - INFO - montando DatFrame
2024-11-05 15:33:13,933 - INFO - DataFrame montado
2024-11-05 15:33:13,934 - INFO - paginando pagina-34 
2024-11-05 15:33:52,262 - INFO - capturando tabela e convertendo em lista
2024-11-05 15:34:10,026 - INFO - montando DatFrame
2024-11-05 15:34:10,032 - INFO - DataFrame montado
2024-11-05 15:34:10,034 - INFO - paginando pagina-35 
2024-11-05 15:34:51,255 - INFO - capturando tabela e convertendo em lista
2024-11-05 15:35:08,621 - INFO - montando DatFrame
2024-11-05 15:35:08,626 - INFO - DataFrame montado
2024-11-05 15:35:08,628 - INFO - paginando pagina-36 
2024-11-05 15:35:50,040 - INFO - capturando tabela e convertendo em lista
2024-11-05 15:36:07,403 - INFO - montando DatFrame
2024-11-05 15:36:07,406 - INFO - DataFrame montado
2024-11-05 15:36:07,408 - INFO - paginando pagina-37 
2024-11-05 15:36:46,974 - INFO - capturando tabela e convertendo em lista
2024-11-05 15:37:06,969 - INFO - montando DatFrame
2024-11-05 15:37:06,977 - INFO - DataFrame montado
2024-11-05 15:37:06,980 - INFO - paginando pagina-38 
2024-11-05 15:37:46,608 - INFO - capturando tabela e convertendo em lista
2024-11-05 15:38:07,451 - INFO - montando DatFrame
2024-11-05 15:38:07,459 - INFO - DataFrame montado
2024-11-05 15:38:07,460 - INFO - paginando pagina-39 
2024-11-05 15:38:45,628 - INFO - capturando tabela e convertendo em lista
2024-11-05 15:39:04,910 - INFO - montando DatFrame
2024-11-05 15:39:04,914 - INFO - DataFrame montado
2024-11-05 15:39:04,915 - INFO - paginando pagina-40 
2024-11-05 15:39:42,511 - INFO - capturando tabela e convertendo em lista
2024-11-05 15:39:59,031 - INFO - montando DatFrame
2024-11-05 15:39:59,035 - INFO - DataFrame montado
2024-11-05 15:39:59,036 - INFO - paginando pagina-41 
2024-11-05 15:40:38,987 - INFO - capturando tabela e convertendo em lista
2024-11-05 15:40:57,934 - INFO - montando DatFrame
2024-11-05 15:40:57,940 - INFO - DataFrame montado
2024-11-05 15:40:57,941 - INFO - paginando pagina-42 
2024-11-05 15:41:38,835 - INFO - capturando tabela e convertendo em lista
2024-11-05 15:41:51,895 - INFO - montando DatFrame
2024-11-05 15:41:51,899 - INFO - DataFrame montado
2024-11-05 15:41:51,900 - INFO - paginando pagina-43 
2024-11-05 15:42:32,474 - INFO - capturando tabela e convertendo em lista
2024-11-05 15:42:45,116 - INFO - montando DatFrame
2024-11-05 15:42:45,119 - INFO - DataFrame montado
2024-11-05 15:42:45,120 - INFO - paginando pagina-44 
2024-11-05 15:43:26,760 - INFO - capturando tabela e convertendo em lista
2024-11-05 15:43:46,327 - INFO - montando DatFrame
2024-11-05 15:43:46,335 - INFO - DataFrame montado
2024-11-05 15:43:46,336 - INFO - paginando pagina-45 
2024-11-05 15:44:25,472 - INFO - capturando tabela e convertendo em lista
2024-11-05 15:44:43,941 - INFO - montando DatFrame
2024-11-05 15:44:43,946 - INFO - DataFrame montado
2024-11-05 15:44:43,948 - INFO - paginando pagina-46 
2024-11-05 15:45:25,154 - INFO - capturando tabela e convertendo em lista
2024-11-05 15:45:45,581 - INFO - montando DatFrame
2024-11-05 15:45:45,586 - INFO - DataFrame montado
2024-11-05 15:45:45,587 - INFO - paginando pagina-47 
2024-11-05 15:46:24,730 - INFO - capturando tabela e convertendo em lista
2024-11-05 15:46:41,794 - INFO - montando DatFrame
2024-11-05 15:46:41,801 - INFO - DataFrame montado
2024-11-05 15:46:41,803 - INFO - paginando pagina-48 
2024-11-05 15:47:22,376 - INFO - capturando tabela e convertendo em lista
2024-11-05 15:47:43,040 - INFO - montando DatFrame
2024-11-05 15:47:43,045 - INFO - DataFrame montado
2024-11-05 15:47:43,046 - INFO - paginando pagina-49 
2024-11-05 15:48:23,510 - INFO - capturando tabela e convertendo em lista
2024-11-05 15:48:41,882 - INFO - montando DatFrame
2024-11-05 15:48:41,886 - INFO - DataFrame montado
2024-11-05 15:48:41,888 - INFO - paginando pagina-50 
2024-11-05 15:49:24,511 - INFO - capturando tabela e convertendo em lista
2024-11-05 15:49:43,410 - INFO - montando DatFrame
2024-11-05 15:49:43,416 - INFO - DataFrame montado
2024-11-05 15:49:43,418 - INFO - paginando pagina-51 
2024-11-05 15:50:23,797 - INFO - capturando tabela e convertendo em lista
2024-11-05 15:50:41,347 - INFO - montando DatFrame
2024-11-05 15:50:41,355 - INFO - DataFrame montado
2024-11-05 15:50:41,357 - INFO - paginando pagina-52 
2024-11-05 15:51:20,916 - INFO - capturando tabela e convertendo em lista
2024-11-05 15:51:41,550 - INFO - montando DatFrame
2024-11-05 15:51:41,555 - INFO - DataFrame montado
2024-11-05 15:51:41,557 - INFO - paginando pagina-53 
2024-11-05 15:52:23,446 - INFO - capturando tabela e convertendo em lista
2024-11-05 15:52:36,724 - INFO - montando DatFrame
2024-11-05 15:52:36,728 - INFO - DataFrame montado
2024-11-05 15:52:36,730 - INFO - paginando pagina-54 
2024-11-05 15:53:17,049 - INFO - capturando tabela e convertendo em lista
2024-11-05 15:53:29,969 - INFO - montando DatFrame
2024-11-05 15:53:29,975 - INFO - DataFrame montado
2024-11-05 15:53:29,977 - INFO - paginando pagina-55 
2024-11-05 15:54:09,941 - INFO - capturando tabela e convertendo em lista
2024-11-05 15:54:24,130 - INFO - montando DatFrame
2024-11-05 15:54:24,140 - INFO - DataFrame montado
2024-11-05 15:54:24,143 - INFO - paginando pagina-56 
2024-11-05 15:55:01,711 - INFO - capturando tabela e convertendo em lista
2024-11-05 15:55:15,986 - INFO - montando DatFrame
2024-11-05 15:55:15,991 - INFO - DataFrame montado
2024-11-05 15:55:15,993 - INFO - paginando pagina-57 
2024-11-05 15:55:57,001 - INFO - capturando tabela e convertendo em lista
2024-11-05 15:56:14,348 - INFO - montando DatFrame
2024-11-05 15:56:14,353 - INFO - DataFrame montado
2024-11-05 15:56:14,355 - INFO - paginando pagina-58 
2024-11-05 15:56:55,157 - INFO - capturando tabela e convertendo em lista
2024-11-05 15:57:14,479 - INFO - montando DatFrame
2024-11-05 15:57:14,485 - INFO - DataFrame montado
2024-11-05 15:57:14,487 - INFO - paginando pagina-59 
2024-11-05 15:57:59,727 - INFO - capturando tabela e convertendo em lista
2024-11-05 15:58:17,787 - INFO - montando DatFrame
2024-11-05 15:58:17,791 - INFO - DataFrame montado
2024-11-05 15:58:17,792 - INFO - paginando pagina-60 
2024-11-05 15:59:01,346 - INFO - capturando tabela e convertendo em lista
2024-11-05 15:59:13,758 - INFO - montando DatFrame
2024-11-05 15:59:13,762 - INFO - DataFrame montado
2024-11-05 15:59:13,764 - INFO - paginando pagina-61 
2024-11-05 15:59:57,650 - INFO - capturando tabela e convertendo em lista
2024-11-05 16:00:10,300 - INFO - montando DatFrame
2024-11-05 16:00:10,304 - INFO - DataFrame montado
2024-11-05 16:00:10,305 - INFO - paginando pagina-62 
2024-11-05 16:00:50,743 - INFO - capturando tabela e convertendo em lista
2024-11-05 16:01:07,927 - INFO - montando DatFrame
2024-11-05 16:01:07,934 - INFO - DataFrame montado
2024-11-05 16:01:07,936 - INFO - paginando pagina-63 
2024-11-05 16:01:46,076 - INFO - capturando tabela e convertendo em lista
2024-11-05 16:02:05,088 - INFO - montando DatFrame
2024-11-05 16:02:05,097 - INFO - DataFrame montado
2024-11-05 16:02:05,100 - INFO - paginando pagina-64 
2024-11-05 16:02:43,857 - INFO - capturando tabela e convertendo em lista
2024-11-05 16:02:56,307 - INFO - montando DatFrame
2024-11-05 16:02:56,310 - INFO - DataFrame montado
2024-11-05 16:02:56,312 - INFO - paginando pagina-65 
2024-11-05 16:03:35,231 - INFO - capturando tabela e convertendo em lista
2024-11-05 16:03:52,773 - INFO - montando DatFrame
2024-11-05 16:03:52,779 - INFO - DataFrame montado
2024-11-05 16:03:52,784 - INFO - paginando pagina-66 
2024-11-05 16:04:34,702 - INFO - capturando tabela e convertendo em lista
2024-11-05 16:04:54,676 - INFO - montando DatFrame
2024-11-05 16:04:54,685 - INFO - DataFrame montado
2024-11-05 16:04:54,692 - INFO - paginando pagina-67 
2024-11-05 16:05:35,808 - INFO - capturando tabela e convertendo em lista
2024-11-05 16:05:55,238 - INFO - montando DatFrame
2024-11-05 16:05:55,244 - INFO - DataFrame montado
2024-11-05 16:05:55,246 - INFO - paginando pagina-68 
2024-11-05 16:06:37,069 - INFO - capturando tabela e convertendo em lista
2024-11-05 16:06:49,888 - INFO - montando DatFrame
2024-11-05 16:06:49,894 - INFO - DataFrame montado
2024-11-05 16:06:49,896 - INFO - paginando pagina-69 
2024-11-05 16:07:28,917 - INFO - capturando tabela e convertendo em lista
2024-11-05 16:07:50,626 - INFO - montando DatFrame
2024-11-05 16:07:50,634 - INFO - DataFrame montado
2024-11-05 16:07:50,640 - INFO - paginando pagina-70 
2024-11-05 16:08:28,804 - INFO - capturando tabela e convertendo em lista
2024-11-05 16:08:47,870 - INFO - montando DatFrame
2024-11-05 16:08:47,875 - INFO - DataFrame montado
2024-11-05 16:08:47,877 - INFO - paginando pagina-71 
2024-11-05 16:09:25,784 - INFO - capturando tabela e convertendo em lista
2024-11-05 16:09:44,129 - INFO - montando DatFrame
2024-11-05 16:09:44,134 - INFO - DataFrame montado
2024-11-05 16:09:44,136 - INFO - paginando pagina-72 
2024-11-05 16:10:24,184 - INFO - capturando tabela e convertendo em lista
2024-11-05 16:10:42,068 - INFO - montando DatFrame
2024-11-05 16:10:42,073 - INFO - DataFrame montado
2024-11-05 16:10:42,076 - INFO - paginando pagina-73 
2024-11-05 16:11:22,322 - INFO - capturando tabela e convertendo em lista
2024-11-05 16:11:39,778 - INFO - montando DatFrame
2024-11-05 16:11:39,783 - INFO - DataFrame montado
2024-11-05 16:11:39,786 - INFO - paginando pagina-74 
2024-11-05 16:12:20,930 - INFO - capturando tabela e convertendo em lista
2024-11-05 16:12:37,445 - INFO - montando DatFrame
2024-11-05 16:12:37,452 - INFO - DataFrame montado
2024-11-05 16:12:37,454 - INFO - paginando pagina-75 
2024-11-05 16:13:19,140 - INFO - capturando tabela e convertendo em lista
2024-11-05 16:13:36,258 - INFO - montando DatFrame
2024-11-05 16:13:36,264 - INFO - DataFrame montado
2024-11-05 16:13:36,268 - INFO - paginando pagina-76 
2024-11-05 16:14:17,163 - INFO - capturando tabela e convertendo em lista
2024-11-05 16:14:31,299 - INFO - montando DatFrame
2024-11-05 16:14:31,303 - INFO - DataFrame montado
2024-11-05 16:14:31,305 - INFO - paginando pagina-77 
2024-11-05 16:15:11,280 - INFO - capturando tabela e convertendo em lista
2024-11-05 16:15:27,763 - INFO - montando DatFrame
2024-11-05 16:15:27,769 - INFO - DataFrame montado
2024-11-05 16:15:27,770 - INFO - paginando pagina-78 
2024-11-05 16:16:07,021 - INFO - capturando tabela e convertendo em lista
2024-11-05 16:16:25,446 - INFO - montando DatFrame
2024-11-05 16:16:25,451 - INFO - DataFrame montado
2024-11-05 16:16:25,454 - INFO - paginando pagina-79 
2024-11-05 16:17:07,055 - INFO - capturando tabela e convertendo em lista
2024-11-05 16:17:26,740 - INFO - montando DatFrame
2024-11-05 16:17:26,751 - INFO - DataFrame montado
2024-11-05 16:17:26,756 - INFO - paginando pagina-80 
2024-11-05 16:18:06,351 - INFO - capturando tabela e convertendo em lista
2024-11-05 16:18:26,174 - INFO - montando DatFrame
2024-11-05 16:18:26,179 - INFO - DataFrame montado
2024-11-05 16:18:26,184 - INFO - paginando pagina-81 
2024-11-05 16:19:05,725 - INFO - capturando tabela e convertendo em lista
2024-11-05 16:19:22,946 - INFO - montando DatFrame
2024-11-05 16:19:22,952 - INFO - DataFrame montado
2024-11-05 16:19:22,954 - INFO - paginando pagina-82 
2024-11-05 16:20:03,003 - INFO - capturando tabela e convertendo em lista
2024-11-05 16:20:17,058 - INFO - montando DatFrame
2024-11-05 16:20:17,064 - INFO - DataFrame montado
2024-11-05 16:20:17,069 - INFO - paginando pagina-83 
2024-11-05 16:20:56,815 - INFO - capturando tabela e convertendo em lista
2024-11-05 16:21:10,196 - INFO - montando DatFrame
2024-11-05 16:21:10,200 - INFO - DataFrame montado
2024-11-05 16:21:10,202 - INFO - paginando pagina-84 
2024-11-05 16:21:50,211 - INFO - capturando tabela e convertendo em lista
2024-11-05 16:22:11,184 - INFO - montando DatFrame
2024-11-05 16:22:11,193 - INFO - DataFrame montado
2024-11-05 16:22:11,196 - INFO - paginando pagina-85 
2024-11-05 16:22:51,339 - INFO - capturando tabela e convertendo em lista
2024-11-05 16:23:12,363 - INFO - montando DatFrame
2024-11-05 16:23:12,367 - INFO - DataFrame montado
2024-11-05 16:23:12,373 - INFO - paginando pagina-86 
2024-11-05 16:23:53,675 - INFO - capturando tabela e convertendo em lista
2024-11-05 16:24:15,156 - INFO - montando DatFrame
2024-11-05 16:24:15,162 - INFO - DataFrame montado
2024-11-05 16:24:15,165 - INFO - paginando pagina-87 
2024-11-05 16:24:55,139 - INFO - capturando tabela e convertendo em lista
2024-11-05 16:25:11,678 - INFO - montando DatFrame
2024-11-05 16:25:11,685 - INFO - DataFrame montado
2024-11-05 16:25:11,688 - INFO - paginando pagina-88 
2024-11-05 16:25:51,647 - INFO - capturando tabela e convertendo em lista
2024-11-05 16:26:06,669 - INFO - montando DatFrame
2024-11-05 16:26:06,674 - INFO - DataFrame montado
2024-11-05 16:26:06,676 - INFO - paginando pagina-89 
2024-11-05 16:26:46,740 - INFO - capturando tabela e convertendo em lista
2024-11-05 16:27:00,307 - INFO - montando DatFrame
2024-11-05 16:27:00,314 - INFO - DataFrame montado
2024-11-05 16:27:00,317 - INFO - paginando pagina-90 
2024-11-05 16:27:39,818 - INFO - capturando tabela e convertendo em lista
2024-11-05 16:27:53,590 - INFO - montando DatFrame
2024-11-05 16:27:53,594 - INFO - DataFrame montado
2024-11-05 16:27:53,596 - INFO - paginando pagina-91 
2024-11-05 16:28:34,901 - INFO - capturando tabela e convertendo em lista
2024-11-05 16:28:50,107 - INFO - montando DatFrame
2024-11-05 16:28:50,112 - INFO - DataFrame montado
2024-11-05 16:28:50,114 - INFO - paginando pagina-92 
2024-11-05 16:29:32,884 - INFO - capturando tabela e convertendo em lista
2024-11-05 16:29:52,248 - INFO - montando DatFrame
2024-11-05 16:29:52,253 - INFO - DataFrame montado
2024-11-05 16:29:52,256 - INFO - paginando pagina-93 
2024-11-05 16:30:35,240 - INFO - capturando tabela e convertendo em lista
2024-11-05 16:30:54,653 - INFO - montando DatFrame
2024-11-05 16:30:54,659 - INFO - DataFrame montado
2024-11-05 16:30:54,663 - INFO - paginando pagina-94 
2024-11-05 16:31:36,932 - INFO - capturando tabela e convertendo em lista
2024-11-05 16:31:50,916 - INFO - montando DatFrame
2024-11-05 16:31:50,922 - INFO - DataFrame montado
2024-11-05 16:31:50,925 - INFO - paginando pagina-95 
2024-11-05 16:32:31,827 - INFO - capturando tabela e convertendo em lista
2024-11-05 16:32:44,322 - INFO - montando DatFrame
2024-11-05 16:32:44,327 - INFO - DataFrame montado
2024-11-05 16:32:44,330 - INFO - paginando pagina-96 
2024-11-05 16:33:26,438 - INFO - capturando tabela e convertendo em lista
2024-11-05 16:33:42,298 - INFO - montando DatFrame
2024-11-05 16:33:42,302 - INFO - DataFrame montado
2024-11-05 16:33:42,304 - INFO - paginando pagina-97 
2024-11-05 16:34:22,898 - INFO - capturando tabela e convertendo em lista
2024-11-05 16:34:39,453 - INFO - montando DatFrame
2024-11-05 16:34:39,459 - INFO - DataFrame montado
2024-11-05 16:34:39,462 - INFO - paginando pagina-98 
2024-11-05 16:35:20,290 - INFO - capturando tabela e convertendo em lista
2024-11-05 16:35:39,255 - INFO - montando DatFrame
2024-11-05 16:35:39,261 - INFO - DataFrame montado
2024-11-05 16:35:39,263 - INFO - paginando pagina-99 
2024-11-05 16:36:23,080 - INFO - capturando tabela e convertendo em lista
2024-11-05 16:36:47,244 - INFO - montando DatFrame
2024-11-05 16:36:47,249 - INFO - DataFrame montado
2024-11-05 16:36:47,252 - INFO - paginando pagina-100 
2024-11-05 16:37:32,822 - INFO - capturando tabela e convertendo em lista
2024-11-05 16:37:47,584 - INFO - montando DatFrame
2024-11-05 16:37:47,589 - INFO - DataFrame montado
2024-11-05 16:37:47,592 - INFO - paginando pagina-101 
2024-11-05 16:38:29,725 - INFO - capturando tabela e convertendo em lista
2024-11-05 16:38:42,497 - INFO - montando DatFrame
2024-11-05 16:38:42,502 - INFO - DataFrame montado
2024-11-05 16:38:42,504 - INFO - paginando pagina-102 
2024-11-05 16:39:26,903 - INFO - capturando tabela e convertendo em lista
2024-11-05 16:39:39,411 - INFO - montando DatFrame
2024-11-05 16:39:39,415 - INFO - DataFrame montado
2024-11-05 16:39:39,417 - INFO - paginando pagina-103 
2024-11-05 16:40:20,766 - INFO - capturando tabela e convertendo em lista
2024-11-05 16:40:33,760 - INFO - montando DatFrame
2024-11-05 16:40:33,766 - INFO - DataFrame montado
2024-11-05 16:40:33,769 - INFO - paginando pagina-104 
2024-11-05 16:41:13,537 - INFO - capturando tabela e convertendo em lista
2024-11-05 16:41:26,442 - INFO - montando DatFrame
2024-11-05 16:41:26,446 - INFO - DataFrame montado
2024-11-05 16:41:26,448 - INFO - paginando pagina-105 
2024-11-05 16:42:07,687 - INFO - capturando tabela e convertendo em lista
2024-11-05 16:42:20,451 - INFO - montando DatFrame
2024-11-05 16:42:20,456 - INFO - DataFrame montado
2024-11-05 16:42:20,459 - INFO - paginando pagina-106 
2024-11-05 16:43:01,414 - INFO - capturando tabela e convertendo em lista
2024-11-05 16:43:14,124 - INFO - montando DatFrame
2024-11-05 16:43:14,129 - INFO - DataFrame montado
2024-11-05 16:43:14,133 - INFO - paginando pagina-107 
2024-11-05 16:43:53,394 - INFO - capturando tabela e convertendo em lista
2024-11-05 16:44:07,579 - INFO - montando DatFrame
2024-11-05 16:44:07,584 - INFO - DataFrame montado
2024-11-05 16:44:07,588 - INFO - paginando pagina-108 
2024-11-05 16:44:46,869 - INFO - capturando tabela e convertendo em lista
2024-11-05 16:44:59,330 - INFO - montando DatFrame
2024-11-05 16:44:59,333 - INFO - DataFrame montado
2024-11-05 16:44:59,336 - INFO - paginando pagina-109 
2024-11-05 16:45:38,611 - INFO - capturando tabela e convertendo em lista
2024-11-05 16:45:50,944 - INFO - montando DatFrame
2024-11-05 16:45:50,948 - INFO - DataFrame montado
2024-11-05 16:45:50,950 - INFO - paginando pagina-110 
2024-11-05 16:46:29,527 - INFO - capturando tabela e convertendo em lista
2024-11-05 16:46:42,840 - INFO - montando DatFrame
2024-11-05 16:46:42,844 - INFO - DataFrame montado
2024-11-05 16:46:42,848 - INFO - paginando pagina-111 
2024-11-05 16:47:21,693 - INFO - capturando tabela e convertendo em lista
2024-11-05 16:47:36,696 - INFO - montando DatFrame
2024-11-05 16:47:36,700 - INFO - DataFrame montado
2024-11-05 16:47:36,702 - INFO - paginando pagina-112 
2024-11-05 16:48:17,304 - INFO - capturando tabela e convertendo em lista
2024-11-05 16:48:29,478 - INFO - montando DatFrame
2024-11-05 16:48:29,483 - INFO - DataFrame montado
2024-11-05 16:48:29,485 - INFO - paginando pagina-113 
2024-11-05 16:49:10,027 - INFO - capturando tabela e convertendo em lista
2024-11-05 16:49:23,395 - INFO - montando DatFrame
2024-11-05 16:49:23,401 - INFO - DataFrame montado
2024-11-05 16:49:23,404 - INFO - paginando pagina-114 
2024-11-05 16:50:03,576 - INFO - capturando tabela e convertendo em lista
2024-11-05 16:50:16,336 - INFO - montando DatFrame
2024-11-05 16:50:16,339 - INFO - DataFrame montado
2024-11-05 16:50:16,341 - INFO - paginando pagina-115 
2024-11-05 16:50:56,487 - INFO - capturando tabela e convertendo em lista
2024-11-05 16:51:08,988 - INFO - montando DatFrame
2024-11-05 16:51:08,993 - INFO - DataFrame montado
2024-11-05 16:51:08,995 - INFO - paginando pagina-116 
2024-11-05 16:51:48,957 - INFO - capturando tabela e convertendo em lista
2024-11-05 16:52:01,910 - INFO - montando DatFrame
2024-11-05 16:52:01,915 - INFO - DataFrame montado
2024-11-05 16:52:01,919 - INFO - paginando pagina-117 
2024-11-05 16:52:41,584 - INFO - capturando tabela e convertendo em lista
2024-11-05 16:52:54,755 - INFO - montando DatFrame
2024-11-05 16:52:54,759 - INFO - DataFrame montado
2024-11-05 16:52:54,762 - INFO - paginando pagina-118 
2024-11-05 16:53:35,733 - INFO - capturando tabela e convertendo em lista
2024-11-05 16:53:48,795 - INFO - montando DatFrame
2024-11-05 16:53:48,799 - INFO - DataFrame montado
2024-11-05 16:53:48,801 - INFO - paginando pagina-119 
2024-11-05 16:54:30,097 - INFO - capturando tabela e convertendo em lista
2024-11-05 16:54:42,683 - INFO - montando DatFrame
2024-11-05 16:54:42,687 - INFO - DataFrame montado
2024-11-05 16:54:42,690 - INFO - paginando pagina-120 
2024-11-05 16:55:22,108 - INFO - capturando tabela e convertendo em lista
2024-11-05 16:55:34,774 - INFO - montando DatFrame
2024-11-05 16:55:34,778 - INFO - DataFrame montado
2024-11-05 16:55:34,781 - INFO - paginando pagina-121 
2024-11-05 16:56:13,387 - INFO - capturando tabela e convertendo em lista
2024-11-05 16:56:26,237 - INFO - montando DatFrame
2024-11-05 16:56:26,241 - INFO - DataFrame montado
2024-11-05 16:56:26,244 - INFO - paginando pagina-122 
2024-11-05 16:57:03,283 - INFO - capturando tabela e convertendo em lista
2024-11-05 16:57:15,662 - INFO - montando DatFrame
2024-11-05 16:57:15,668 - INFO - DataFrame montado
2024-11-05 16:57:15,672 - INFO - paginando pagina-123 
2024-11-05 16:57:54,290 - INFO - capturando tabela e convertendo em lista
2024-11-05 16:58:06,736 - INFO - montando DatFrame
2024-11-05 16:58:06,740 - INFO - DataFrame montado
2024-11-05 16:58:06,742 - INFO - paginando pagina-124 
2024-11-05 16:58:45,812 - INFO - capturando tabela e convertendo em lista
2024-11-05 16:58:58,413 - INFO - montando DatFrame
2024-11-05 16:58:58,418 - INFO - DataFrame montado
2024-11-05 16:58:58,421 - INFO - paginando pagina-125 
2024-11-05 16:59:38,093 - INFO - capturando tabela e convertendo em lista
2024-11-05 16:59:50,926 - INFO - montando DatFrame
2024-11-05 16:59:50,930 - INFO - DataFrame montado
2024-11-05 16:59:50,933 - INFO - paginando pagina-126 
2024-11-05 17:00:30,213 - INFO - capturando tabela e convertendo em lista
2024-11-05 17:00:43,904 - INFO - montando DatFrame
2024-11-05 17:00:43,908 - INFO - DataFrame montado
2024-11-05 17:00:43,911 - INFO - paginando pagina-127 
2024-11-05 17:01:24,606 - INFO - capturando tabela e convertendo em lista
2024-11-05 17:01:38,657 - INFO - montando DatFrame
2024-11-05 17:01:38,662 - INFO - DataFrame montado
2024-11-05 17:01:38,666 - INFO - paginando pagina-128 
2024-11-05 17:02:18,006 - INFO - capturando tabela e convertendo em lista
2024-11-05 17:02:31,741 - INFO - montando DatFrame
2024-11-05 17:02:31,745 - INFO - DataFrame montado
2024-11-05 17:02:31,750 - INFO - paginando pagina-129 
2024-11-05 17:02:32,054 - INFO - Caiu as: 2024-11-05 17:02:32.054155 - na pagina 129
2024-11-05 17:02:34,940 - INFO - Iniciando navegador
2024-11-05 17:02:39,658 - INFO - acessando SUAP
2024-11-05 17:02:40,821 - INFO - inserindo nome e senha
2024-11-05 17:02:52,652 - INFO - Retomou as: 2024-11-05 17:02:52.652396 na pagina 129
2024-11-05 17:03:30,970 - INFO - capturando tabela e convertendo em lista
2024-11-05 17:03:43,561 - INFO - montando DatFrame
2024-11-05 17:03:43,568 - INFO - DataFrame montado
2024-11-05 17:03:43,570 - INFO - pagina pos erro - 130
2024-11-05 17:03:43,571 - INFO - paginando pagina-130 
2024-11-05 17:04:21,486 - INFO - capturando tabela e convertendo em lista
2024-11-05 17:04:33,316 - INFO - montando DatFrame
2024-11-05 17:04:33,320 - INFO - DataFrame montado
2024-11-05 17:04:33,323 - INFO - paginando pagina-131 
2024-11-05 17:05:10,201 - INFO - capturando tabela e convertendo em lista
2024-11-05 17:05:22,293 - INFO - montando DatFrame
2024-11-05 17:05:22,300 - INFO - DataFrame montado
2024-11-05 17:05:22,305 - INFO - paginando pagina-132 
2024-11-05 17:05:59,557 - INFO - capturando tabela e convertendo em lista
2024-11-05 17:06:12,995 - INFO - montando DatFrame
2024-11-05 17:06:13,001 - INFO - DataFrame montado
2024-11-05 17:06:13,005 - INFO - paginando pagina-133 
2024-11-05 17:06:51,743 - INFO - capturando tabela e convertendo em lista
2024-11-05 17:07:04,309 - INFO - montando DatFrame
2024-11-05 17:07:04,313 - INFO - DataFrame montado
2024-11-05 17:07:04,316 - INFO - paginando pagina-134 
2024-11-05 17:07:45,109 - INFO - capturando tabela e convertendo em lista
2024-11-05 17:07:57,364 - INFO - montando DatFrame
2024-11-05 17:07:57,368 - INFO - DataFrame montado
2024-11-05 17:07:57,371 - INFO - paginando pagina-135 
2024-11-05 17:08:37,627 - INFO - capturando tabela e convertendo em lista
2024-11-05 17:08:49,503 - INFO - montando DatFrame
2024-11-05 17:08:49,506 - INFO - DataFrame montado
2024-11-05 17:08:49,509 - INFO - paginando pagina-136 
2024-11-05 17:09:28,889 - INFO - capturando tabela e convertendo em lista
2024-11-05 17:09:41,189 - INFO - montando DatFrame
2024-11-05 17:09:41,197 - INFO - DataFrame montado
2024-11-05 17:09:41,201 - INFO - paginando pagina-137 
2024-11-05 17:10:20,379 - INFO - capturando tabela e convertendo em lista
2024-11-05 17:10:33,619 - INFO - montando DatFrame
2024-11-05 17:10:33,624 - INFO - DataFrame montado
2024-11-05 17:10:33,627 - INFO - paginando pagina-138 
2024-11-05 17:11:10,941 - INFO - capturando tabela e convertendo em lista
2024-11-05 17:11:23,240 - INFO - montando DatFrame
2024-11-05 17:11:23,243 - INFO - DataFrame montado
2024-11-05 17:11:23,247 - INFO - paginando pagina-139 
2024-11-05 17:11:59,663 - INFO - capturando tabela e convertendo em lista
2024-11-05 17:12:11,777 - INFO - montando DatFrame
2024-11-05 17:12:11,781 - INFO - DataFrame montado
2024-11-05 17:12:11,785 - INFO - paginando pagina-140 
2024-11-05 17:12:47,863 - INFO - capturando tabela e convertendo em lista
2024-11-05 17:12:59,989 - INFO - montando DatFrame
2024-11-05 17:12:59,993 - INFO - DataFrame montado
2024-11-05 17:12:59,996 - INFO - paginando pagina-141 
2024-11-05 17:13:36,031 - INFO - capturando tabela e convertendo em lista
2024-11-05 17:13:45,869 - INFO - montando DatFrame
2024-11-05 17:13:45,873 - INFO - DataFrame montado
2024-11-05 17:13:45,877 - INFO - paginando pagina-142 
2024-11-05 17:14:15,927 - INFO - acabaram as paginas
2024-11-05 17:14:15,927 - INFO - Extracao finalizada as: 2024-11-05 17:14:15.927084 na pagina 142
2024-11-05 17:14:16,013 - INFO - exportando arquivo .xlsx
