2024-11-04 14:37:50,829 - INFO - iniciando extarção campus reipe_suap
2024-11-04 14:37:50,925 - INFO - Iniciando navegador
2024-11-04 14:37:59,921 - INFO - acessando SUAP
2024-11-04 14:38:00,854 - INFO - inserindo nome e senha
2024-11-04 14:38:19,276 - INFO - preparando url search params 
2024-11-04 14:38:19,276 - INFO - paginando pagina-1 
2024-11-04 14:39:03,773 - INFO - capturando tabela e convertendo em lista
2024-11-04 14:39:14,656 - INFO - montando DatFrame
2024-11-04 14:39:14,668 - INFO - DataFrame montado
2024-11-04 14:39:14,669 - INFO - paginando pagina-2 
2024-11-04 14:39:56,390 - INFO - capturando tabela e convertendo em lista
2024-11-04 14:40:05,707 - INFO - montando DatFrame
2024-11-04 14:40:05,710 - INFO - DataFrame montado
2024-11-04 14:40:05,711 - INFO - paginando pagina-3 
2024-11-04 14:40:47,854 - INFO - capturando tabela e convertendo em lista
2024-11-04 14:40:56,145 - INFO - montando DatFrame
2024-11-04 14:40:56,149 - INFO - DataFrame montado
2024-11-04 14:40:56,150 - INFO - paginando pagina-4 
2024-11-04 14:41:38,119 - INFO - capturando tabela e convertendo em lista
2024-11-04 14:41:47,327 - INFO - montando DatFrame
2024-11-04 14:41:47,330 - INFO - DataFrame montado
2024-11-04 14:41:47,330 - INFO - paginando pagina-5 
2024-11-04 14:42:29,057 - INFO - capturando tabela e convertendo em lista
2024-11-04 14:42:39,059 - INFO - montando DatFrame
2024-11-04 14:42:39,063 - INFO - DataFrame montado
2024-11-04 14:42:39,063 - INFO - paginando pagina-6 
2024-11-04 14:43:19,386 - INFO - capturando tabela e convertendo em lista
2024-11-04 14:43:28,590 - INFO - montando DatFrame
2024-11-04 14:43:28,593 - INFO - DataFrame montado
2024-11-04 14:43:28,594 - INFO - paginando pagina-7 
2024-11-04 14:44:09,595 - INFO - capturando tabela e convertendo em lista
2024-11-04 14:44:18,851 - INFO - montando DatFrame
2024-11-04 14:44:18,853 - INFO - DataFrame montado
2024-11-04 14:44:18,854 - INFO - paginando pagina-8 
2024-11-04 14:44:58,982 - INFO - capturando tabela e convertendo em lista
2024-11-04 14:45:08,178 - INFO - montando DatFrame
2024-11-04 14:45:08,180 - INFO - DataFrame montado
2024-11-04 14:45:08,181 - INFO - paginando pagina-9 
2024-11-04 14:45:49,961 - INFO - capturando tabela e convertendo em lista
2024-11-04 14:46:00,667 - INFO - montando DatFrame
2024-11-04 14:46:00,670 - INFO - DataFrame montado
2024-11-04 14:46:00,671 - INFO - paginando pagina-10 
2024-11-04 14:46:41,699 - INFO - capturando tabela e convertendo em lista
2024-11-04 14:46:50,958 - INFO - montando DatFrame
2024-11-04 14:46:50,961 - INFO - DataFrame montado
2024-11-04 14:46:50,962 - INFO - paginando pagina-11 
2024-11-04 14:47:31,235 - INFO - capturando tabela e convertendo em lista
2024-11-04 14:47:40,528 - INFO - montando DatFrame
2024-11-04 14:47:40,531 - INFO - DataFrame montado
2024-11-04 14:47:40,531 - INFO - paginando pagina-12 
2024-11-04 14:48:22,356 - INFO - capturando tabela e convertendo em lista
2024-11-04 14:48:31,702 - INFO - montando DatFrame
2024-11-04 14:48:31,705 - INFO - DataFrame montado
2024-11-04 14:48:31,706 - INFO - paginando pagina-13 
2024-11-04 14:49:10,482 - INFO - capturando tabela e convertendo em lista
2024-11-04 14:49:23,977 - INFO - montando DatFrame
2024-11-04 14:49:23,981 - INFO - DataFrame montado
2024-11-04 14:49:23,982 - INFO - paginando pagina-14 
2024-11-04 14:50:06,912 - INFO - capturando tabela e convertendo em lista
2024-11-04 14:50:21,305 - INFO - montando DatFrame
2024-11-04 14:50:21,309 - INFO - DataFrame montado
2024-11-04 14:50:21,310 - INFO - paginando pagina-15 
2024-11-04 14:51:03,380 - INFO - capturando tabela e convertendo em lista
2024-11-04 14:51:17,710 - INFO - montando DatFrame
2024-11-04 14:51:17,715 - INFO - DataFrame montado
2024-11-04 14:51:17,715 - INFO - paginando pagina-16 
2024-11-04 14:51:58,538 - INFO - capturando tabela e convertendo em lista
2024-11-04 14:52:10,926 - INFO - montando DatFrame
2024-11-04 14:52:10,930 - INFO - DataFrame montado
2024-11-04 14:52:10,930 - INFO - paginando pagina-17 
2024-11-04 14:52:54,135 - INFO - capturando tabela e convertendo em lista
2024-11-04 14:53:03,536 - INFO - montando DatFrame
2024-11-04 14:53:03,539 - INFO - DataFrame montado
2024-11-04 14:53:03,540 - INFO - paginando pagina-18 
2024-11-04 14:53:47,229 - INFO - capturando tabela e convertendo em lista
2024-11-04 14:53:57,218 - INFO - montando DatFrame
2024-11-04 14:53:57,221 - INFO - DataFrame montado
2024-11-04 14:53:57,221 - INFO - paginando pagina-19 
2024-11-04 14:54:44,425 - INFO - capturando tabela e convertendo em lista
2024-11-04 14:54:54,229 - INFO - montando DatFrame
2024-11-04 14:54:54,231 - INFO - DataFrame montado
2024-11-04 14:54:54,232 - INFO - paginando pagina-20 
2024-11-04 14:55:38,053 - INFO - capturando tabela e convertendo em lista
2024-11-04 14:55:47,852 - INFO - montando DatFrame
2024-11-04 14:55:47,855 - INFO - DataFrame montado
2024-11-04 14:55:47,856 - INFO - paginando pagina-21 
2024-11-04 14:56:30,009 - INFO - capturando tabela e convertendo em lista
2024-11-04 14:56:39,828 - INFO - montando DatFrame
2024-11-04 14:56:39,832 - INFO - DataFrame montado
2024-11-04 14:56:39,833 - INFO - paginando pagina-22 
2024-11-04 14:57:20,171 - INFO - capturando tabela e convertendo em lista
2024-11-04 14:57:30,100 - INFO - montando DatFrame
2024-11-04 14:57:30,102 - INFO - DataFrame montado
2024-11-04 14:57:30,103 - INFO - paginando pagina-23 
2024-11-04 14:58:10,265 - INFO - capturando tabela e convertendo em lista
2024-11-04 14:58:20,169 - INFO - montando DatFrame
2024-11-04 14:58:20,171 - INFO - DataFrame montado
2024-11-04 14:58:20,172 - INFO - paginando pagina-24 
2024-11-04 14:59:00,444 - INFO - capturando tabela e convertendo em lista
2024-11-04 14:59:10,390 - INFO - montando DatFrame
2024-11-04 14:59:10,392 - INFO - DataFrame montado
2024-11-04 14:59:10,393 - INFO - paginando pagina-25 
2024-11-04 14:59:53,684 - INFO - capturando tabela e convertendo em lista
2024-11-04 15:00:03,534 - INFO - montando DatFrame
2024-11-04 15:00:03,537 - INFO - DataFrame montado
2024-11-04 15:00:03,538 - INFO - paginando pagina-26 
2024-11-04 15:00:46,440 - INFO - capturando tabela e convertendo em lista
2024-11-04 15:00:56,376 - INFO - montando DatFrame
2024-11-04 15:00:56,379 - INFO - DataFrame montado
2024-11-04 15:00:56,380 - INFO - paginando pagina-27 
2024-11-04 15:01:36,886 - INFO - capturando tabela e convertendo em lista
2024-11-04 15:01:46,745 - INFO - montando DatFrame
2024-11-04 15:01:46,748 - INFO - DataFrame montado
2024-11-04 15:01:46,749 - INFO - paginando pagina-28 
2024-11-04 15:02:30,388 - INFO - capturando tabela e convertendo em lista
2024-11-04 15:02:40,175 - INFO - montando DatFrame
2024-11-04 15:02:40,177 - INFO - DataFrame montado
2024-11-04 15:02:40,178 - INFO - paginando pagina-29 
2024-11-04 15:03:23,593 - INFO - capturando tabela e convertendo em lista
2024-11-04 15:03:33,450 - INFO - montando DatFrame
2024-11-04 15:03:33,453 - INFO - DataFrame montado
2024-11-04 15:03:33,453 - INFO - paginando pagina-30 
2024-11-04 15:04:15,876 - INFO - capturando tabela e convertendo em lista
2024-11-04 15:04:25,715 - INFO - montando DatFrame
2024-11-04 15:04:25,718 - INFO - DataFrame montado
2024-11-04 15:04:25,719 - INFO - paginando pagina-31 
2024-11-04 15:05:06,564 - INFO - capturando tabela e convertendo em lista
2024-11-04 15:05:16,457 - INFO - montando DatFrame
2024-11-04 15:05:16,460 - INFO - DataFrame montado
2024-11-04 15:05:16,461 - INFO - paginando pagina-32 
2024-11-04 15:05:57,314 - INFO - capturando tabela e convertendo em lista
2024-11-04 15:06:07,227 - INFO - montando DatFrame
2024-11-04 15:06:07,231 - INFO - DataFrame montado
2024-11-04 15:06:07,231 - INFO - paginando pagina-33 
2024-11-04 15:06:49,880 - INFO - capturando tabela e convertendo em lista
2024-11-04 15:06:59,772 - INFO - montando DatFrame
2024-11-04 15:06:59,776 - INFO - DataFrame montado
2024-11-04 15:06:59,776 - INFO - paginando pagina-34 
2024-11-04 15:07:41,202 - INFO - capturando tabela e convertendo em lista
2024-11-04 15:07:51,117 - INFO - montando DatFrame
2024-11-04 15:07:51,119 - INFO - DataFrame montado
2024-11-04 15:07:51,120 - INFO - paginando pagina-35 
2024-11-04 15:08:32,446 - INFO - capturando tabela e convertendo em lista
2024-11-04 15:08:42,364 - INFO - montando DatFrame
2024-11-04 15:08:42,367 - INFO - DataFrame montado
2024-11-04 15:08:42,367 - INFO - paginando pagina-36 
2024-11-04 15:09:24,293 - INFO - capturando tabela e convertendo em lista
2024-11-04 15:09:34,160 - INFO - montando DatFrame
2024-11-04 15:09:34,163 - INFO - DataFrame montado
2024-11-04 15:09:34,164 - INFO - paginando pagina-37 
2024-11-04 15:10:15,630 - INFO - capturando tabela e convertendo em lista
2024-11-04 15:10:25,499 - INFO - montando DatFrame
2024-11-04 15:10:25,502 - INFO - DataFrame montado
2024-11-04 15:10:25,503 - INFO - paginando pagina-38 
2024-11-04 15:11:05,431 - INFO - capturando tabela e convertendo em lista
2024-11-04 15:11:15,350 - INFO - montando DatFrame
2024-11-04 15:11:15,353 - INFO - DataFrame montado
2024-11-04 15:11:15,354 - INFO - paginando pagina-39 
2024-11-04 15:11:56,561 - INFO - capturando tabela e convertendo em lista
2024-11-04 15:12:06,399 - INFO - montando DatFrame
2024-11-04 15:12:06,403 - INFO - DataFrame montado
2024-11-04 15:12:06,404 - INFO - paginando pagina-40 
2024-11-04 15:12:48,627 - INFO - capturando tabela e convertendo em lista
2024-11-04 15:12:58,224 - INFO - montando DatFrame
2024-11-04 15:12:58,228 - INFO - DataFrame montado
2024-11-04 15:12:58,228 - INFO - paginando pagina-41 
2024-11-04 15:13:40,566 - INFO - capturando tabela e convertendo em lista
2024-11-04 15:13:50,144 - INFO - montando DatFrame
2024-11-04 15:13:50,146 - INFO - DataFrame montado
2024-11-04 15:13:50,147 - INFO - paginando pagina-42 
2024-11-04 15:14:29,089 - INFO - capturando tabela e convertendo em lista
2024-11-04 15:14:38,633 - INFO - montando DatFrame
2024-11-04 15:14:38,636 - INFO - DataFrame montado
2024-11-04 15:14:38,637 - INFO - paginando pagina-43 
2024-11-04 15:15:19,372 - INFO - capturando tabela e convertendo em lista
2024-11-04 15:15:29,012 - INFO - montando DatFrame
2024-11-04 15:15:29,015 - INFO - DataFrame montado
2024-11-04 15:15:29,016 - INFO - paginando pagina-44 
2024-11-04 15:16:08,851 - INFO - capturando tabela e convertendo em lista
2024-11-04 15:16:18,439 - INFO - montando DatFrame
2024-11-04 15:16:18,443 - INFO - DataFrame montado
2024-11-04 15:16:18,444 - INFO - paginando pagina-45 
2024-11-04 15:16:58,961 - INFO - capturando tabela e convertendo em lista
2024-11-04 15:17:08,663 - INFO - montando DatFrame
2024-11-04 15:17:08,665 - INFO - DataFrame montado
2024-11-04 15:17:08,666 - INFO - paginando pagina-46 
2024-11-04 15:17:49,193 - INFO - capturando tabela e convertendo em lista
2024-11-04 15:17:58,832 - INFO - montando DatFrame
2024-11-04 15:17:58,835 - INFO - DataFrame montado
2024-11-04 15:17:58,836 - INFO - paginando pagina-47 
2024-11-04 15:18:40,863 - INFO - capturando tabela e convertendo em lista
2024-11-04 15:18:50,532 - INFO - montando DatFrame
2024-11-04 15:18:50,535 - INFO - DataFrame montado
2024-11-04 15:18:50,536 - INFO - paginando pagina-48 
2024-11-04 15:19:31,430 - INFO - capturando tabela e convertendo em lista
2024-11-04 15:19:41,025 - INFO - montando DatFrame
2024-11-04 15:19:41,027 - INFO - DataFrame montado
2024-11-04 15:19:41,028 - INFO - paginando pagina-49 
2024-11-04 15:20:22,774 - INFO - capturando tabela e convertendo em lista
2024-11-04 15:20:32,384 - INFO - montando DatFrame
2024-11-04 15:20:32,387 - INFO - DataFrame montado
2024-11-04 15:20:32,389 - INFO - paginando pagina-50 
2024-11-04 15:21:12,234 - INFO - capturando tabela e convertendo em lista
2024-11-04 15:21:21,864 - INFO - montando DatFrame
2024-11-04 15:21:21,867 - INFO - DataFrame montado
2024-11-04 15:21:21,868 - INFO - paginando pagina-51 
2024-11-04 15:22:01,901 - INFO - capturando tabela e convertendo em lista
2024-11-04 15:22:12,678 - INFO - montando DatFrame
2024-11-04 15:22:12,682 - INFO - DataFrame montado
2024-11-04 15:22:12,683 - INFO - paginando pagina-52 
2024-11-04 15:22:53,738 - INFO - capturando tabela e convertendo em lista
2024-11-04 15:23:03,352 - INFO - montando DatFrame
2024-11-04 15:23:03,356 - INFO - DataFrame montado
2024-11-04 15:23:03,357 - INFO - paginando pagina-53 
2024-11-04 15:23:47,418 - INFO - capturando tabela e convertendo em lista
2024-11-04 15:23:57,455 - INFO - montando DatFrame
2024-11-04 15:23:57,458 - INFO - DataFrame montado
2024-11-04 15:23:57,460 - INFO - paginando pagina-54 
2024-11-04 15:24:40,055 - INFO - capturando tabela e convertendo em lista
2024-11-04 15:24:49,752 - INFO - montando DatFrame
2024-11-04 15:24:49,756 - INFO - DataFrame montado
2024-11-04 15:24:49,757 - INFO - paginando pagina-55 
2024-11-04 15:25:33,768 - INFO - capturando tabela e convertendo em lista
2024-11-04 15:25:43,376 - INFO - montando DatFrame
2024-11-04 15:25:43,379 - INFO - DataFrame montado
2024-11-04 15:25:43,380 - INFO - paginando pagina-56 
2024-11-04 15:26:26,579 - INFO - capturando tabela e convertendo em lista
2024-11-04 15:26:36,158 - INFO - montando DatFrame
2024-11-04 15:26:36,161 - INFO - DataFrame montado
2024-11-04 15:26:36,162 - INFO - paginando pagina-57 
2024-11-04 15:27:20,024 - INFO - capturando tabela e convertendo em lista
2024-11-04 15:27:29,888 - INFO - montando DatFrame
2024-11-04 15:27:29,890 - INFO - DataFrame montado
2024-11-04 15:27:29,891 - INFO - paginando pagina-58 
2024-11-04 15:28:11,497 - INFO - capturando tabela e convertendo em lista
2024-11-04 15:28:21,377 - INFO - montando DatFrame
2024-11-04 15:28:21,380 - INFO - DataFrame montado
2024-11-04 15:28:21,381 - INFO - paginando pagina-59 
2024-11-04 15:29:01,155 - INFO - capturando tabela e convertendo em lista
2024-11-04 15:29:10,993 - INFO - montando DatFrame
2024-11-04 15:29:10,996 - INFO - DataFrame montado
2024-11-04 15:29:10,997 - INFO - paginando pagina-60 
2024-11-04 15:29:52,909 - INFO - capturando tabela e convertendo em lista
2024-11-04 15:30:02,789 - INFO - montando DatFrame
2024-11-04 15:30:02,791 - INFO - DataFrame montado
2024-11-04 15:30:02,792 - INFO - paginando pagina-61 
2024-11-04 15:30:44,558 - INFO - capturando tabela e convertendo em lista
2024-11-04 15:30:54,630 - INFO - montando DatFrame
2024-11-04 15:30:54,634 - INFO - DataFrame montado
2024-11-04 15:30:54,636 - INFO - paginando pagina-62 
2024-11-04 15:31:37,352 - INFO - capturando tabela e convertendo em lista
2024-11-04 15:31:47,303 - INFO - montando DatFrame
2024-11-04 15:31:47,306 - INFO - DataFrame montado
2024-11-04 15:31:47,307 - INFO - paginando pagina-63 
2024-11-04 15:32:29,879 - INFO - capturando tabela e convertendo em lista
2024-11-04 15:32:39,752 - INFO - montando DatFrame
2024-11-04 15:32:39,755 - INFO - DataFrame montado
2024-11-04 15:32:39,756 - INFO - paginando pagina-64 
2024-11-04 15:33:21,363 - INFO - capturando tabela e convertendo em lista
2024-11-04 15:33:31,209 - INFO - montando DatFrame
2024-11-04 15:33:31,211 - INFO - DataFrame montado
2024-11-04 15:33:31,213 - INFO - paginando pagina-65 
2024-11-04 15:34:13,192 - INFO - capturando tabela e convertendo em lista
2024-11-04 15:34:23,056 - INFO - montando DatFrame
2024-11-04 15:34:23,061 - INFO - DataFrame montado
2024-11-04 15:34:23,063 - INFO - paginando pagina-66 
2024-11-04 15:35:03,804 - INFO - capturando tabela e convertendo em lista
2024-11-04 15:35:13,545 - INFO - montando DatFrame
2024-11-04 15:35:13,548 - INFO - DataFrame montado
2024-11-04 15:35:13,549 - INFO - paginando pagina-67 
2024-11-04 15:35:55,169 - INFO - capturando tabela e convertendo em lista
2024-11-04 15:36:04,972 - INFO - montando DatFrame
2024-11-04 15:36:04,974 - INFO - DataFrame montado
2024-11-04 15:36:04,976 - INFO - paginando pagina-68 
2024-11-04 15:36:49,401 - INFO - capturando tabela e convertendo em lista
2024-11-04 15:36:59,202 - INFO - montando DatFrame
2024-11-04 15:36:59,205 - INFO - DataFrame montado
2024-11-04 15:36:59,206 - INFO - paginando pagina-69 
2024-11-04 15:37:44,696 - INFO - capturando tabela e convertendo em lista
2024-11-04 15:37:54,674 - INFO - montando DatFrame
2024-11-04 15:37:54,677 - INFO - DataFrame montado
2024-11-04 15:37:54,678 - INFO - paginando pagina-70 
2024-11-04 15:38:38,857 - INFO - capturando tabela e convertendo em lista
2024-11-04 15:38:48,986 - INFO - montando DatFrame
2024-11-04 15:38:48,990 - INFO - DataFrame montado
2024-11-04 15:38:48,992 - INFO - paginando pagina-71 
2024-11-04 15:39:30,897 - INFO - capturando tabela e convertendo em lista
2024-11-04 15:39:41,077 - INFO - montando DatFrame
2024-11-04 15:39:41,079 - INFO - DataFrame montado
2024-11-04 15:39:41,081 - INFO - paginando pagina-72 
2024-11-04 15:40:21,768 - INFO - capturando tabela e convertendo em lista
2024-11-04 15:40:31,390 - INFO - montando DatFrame
2024-11-04 15:40:31,393 - INFO - DataFrame montado
2024-11-04 15:40:31,394 - INFO - paginando pagina-73 
2024-11-04 15:41:13,195 - INFO - capturando tabela e convertendo em lista
2024-11-04 15:41:22,855 - INFO - montando DatFrame
2024-11-04 15:41:22,858 - INFO - DataFrame montado
2024-11-04 15:41:22,860 - INFO - paginando pagina-74 
2024-11-04 15:42:04,413 - INFO - capturando tabela e convertendo em lista
2024-11-04 15:42:14,029 - INFO - montando DatFrame
2024-11-04 15:42:14,032 - INFO - DataFrame montado
2024-11-04 15:42:14,034 - INFO - paginando pagina-75 
2024-11-04 15:42:55,017 - INFO - capturando tabela e convertendo em lista
2024-11-04 15:43:04,647 - INFO - montando DatFrame
2024-11-04 15:43:04,650 - INFO - DataFrame montado
2024-11-04 15:43:04,651 - INFO - paginando pagina-76 
2024-11-04 15:43:46,641 - INFO - capturando tabela e convertendo em lista
2024-11-04 15:43:56,250 - INFO - montando DatFrame
2024-11-04 15:43:56,252 - INFO - DataFrame montado
2024-11-04 15:43:56,254 - INFO - paginando pagina-77 
2024-11-04 15:44:38,473 - INFO - capturando tabela e convertendo em lista
2024-11-04 15:44:48,168 - INFO - montando DatFrame
2024-11-04 15:44:48,170 - INFO - DataFrame montado
2024-11-04 15:44:48,172 - INFO - paginando pagina-78 
2024-11-04 15:45:28,547 - INFO - capturando tabela e convertendo em lista
2024-11-04 15:45:38,175 - INFO - montando DatFrame
2024-11-04 15:45:38,178 - INFO - DataFrame montado
2024-11-04 15:45:38,179 - INFO - paginando pagina-79 
2024-11-04 15:46:18,863 - INFO - capturando tabela e convertendo em lista
2024-11-04 15:46:28,474 - INFO - montando DatFrame
2024-11-04 15:46:28,477 - INFO - DataFrame montado
2024-11-04 15:46:28,479 - INFO - paginando pagina-80 
2024-11-04 15:47:08,825 - INFO - capturando tabela e convertendo em lista
2024-11-04 15:47:18,421 - INFO - montando DatFrame
2024-11-04 15:47:18,423 - INFO - DataFrame montado
2024-11-04 15:47:18,425 - INFO - paginando pagina-81 
2024-11-04 15:47:59,388 - INFO - capturando tabela e convertendo em lista
2024-11-04 15:48:08,993 - INFO - montando DatFrame
2024-11-04 15:48:08,997 - INFO - DataFrame montado
2024-11-04 15:48:08,998 - INFO - paginando pagina-82 
2024-11-04 15:48:50,642 - INFO - capturando tabela e convertendo em lista
2024-11-04 15:49:00,290 - INFO - montando DatFrame
2024-11-04 15:49:00,293 - INFO - DataFrame montado
2024-11-04 15:49:00,294 - INFO - paginando pagina-83 
2024-11-04 15:49:42,987 - INFO - capturando tabela e convertendo em lista
2024-11-04 15:49:52,604 - INFO - montando DatFrame
2024-11-04 15:49:52,607 - INFO - DataFrame montado
2024-11-04 15:49:52,608 - INFO - paginando pagina-84 
2024-11-04 15:50:35,655 - INFO - capturando tabela e convertendo em lista
2024-11-04 15:50:45,264 - INFO - montando DatFrame
2024-11-04 15:50:45,266 - INFO - DataFrame montado
2024-11-04 15:50:45,268 - INFO - paginando pagina-85 
2024-11-04 15:51:26,379 - INFO - capturando tabela e convertendo em lista
2024-11-04 15:51:35,994 - INFO - montando DatFrame
2024-11-04 15:51:35,997 - INFO - DataFrame montado
2024-11-04 15:51:35,999 - INFO - paginando pagina-86 
2024-11-04 15:52:15,889 - INFO - capturando tabela e convertendo em lista
2024-11-04 15:52:25,506 - INFO - montando DatFrame
2024-11-04 15:52:25,509 - INFO - DataFrame montado
2024-11-04 15:52:25,511 - INFO - paginando pagina-87 
2024-11-04 15:53:06,675 - INFO - capturando tabela e convertendo em lista
2024-11-04 15:53:16,281 - INFO - montando DatFrame
2024-11-04 15:53:16,284 - INFO - DataFrame montado
2024-11-04 15:53:16,285 - INFO - paginando pagina-88 
2024-11-04 15:53:56,701 - INFO - capturando tabela e convertendo em lista
2024-11-04 15:54:06,299 - INFO - montando DatFrame
2024-11-04 15:54:06,303 - INFO - DataFrame montado
2024-11-04 15:54:06,304 - INFO - paginando pagina-89 
2024-11-04 15:54:47,727 - INFO - capturando tabela e convertendo em lista
2024-11-04 15:54:57,725 - INFO - montando DatFrame
2024-11-04 15:54:57,728 - INFO - DataFrame montado
2024-11-04 15:54:57,730 - INFO - paginando pagina-90 
2024-11-04 15:55:39,950 - INFO - capturando tabela e convertendo em lista
2024-11-04 15:55:49,883 - INFO - montando DatFrame
2024-11-04 15:55:49,886 - INFO - DataFrame montado
2024-11-04 15:55:49,888 - INFO - paginando pagina-91 
2024-11-04 15:56:33,939 - INFO - capturando tabela e convertendo em lista
2024-11-04 15:56:43,948 - INFO - montando DatFrame
2024-11-04 15:56:43,951 - INFO - DataFrame montado
2024-11-04 15:56:43,952 - INFO - paginando pagina-92 
2024-11-04 15:57:26,424 - INFO - capturando tabela e convertendo em lista
2024-11-04 15:57:36,305 - INFO - montando DatFrame
2024-11-04 15:57:36,308 - INFO - DataFrame montado
2024-11-04 15:57:36,309 - INFO - paginando pagina-93 
2024-11-04 15:58:16,990 - INFO - capturando tabela e convertendo em lista
2024-11-04 15:58:26,846 - INFO - montando DatFrame
2024-11-04 15:58:26,849 - INFO - DataFrame montado
2024-11-04 15:58:26,850 - INFO - paginando pagina-94 
2024-11-04 15:59:07,334 - INFO - capturando tabela e convertendo em lista
2024-11-04 15:59:17,230 - INFO - montando DatFrame
2024-11-04 15:59:17,232 - INFO - DataFrame montado
2024-11-04 15:59:17,234 - INFO - paginando pagina-95 
2024-11-04 15:59:58,308 - INFO - capturando tabela e convertendo em lista
2024-11-04 16:00:08,238 - INFO - montando DatFrame
2024-11-04 16:00:08,241 - INFO - DataFrame montado
2024-11-04 16:00:08,243 - INFO - paginando pagina-96 
2024-11-04 16:00:49,885 - INFO - capturando tabela e convertendo em lista
2024-11-04 16:00:59,826 - INFO - montando DatFrame
2024-11-04 16:00:59,828 - INFO - DataFrame montado
2024-11-04 16:00:59,830 - INFO - paginando pagina-97 
2024-11-04 16:01:41,374 - INFO - capturando tabela e convertendo em lista
2024-11-04 16:01:51,209 - INFO - montando DatFrame
2024-11-04 16:01:51,212 - INFO - DataFrame montado
2024-11-04 16:01:51,214 - INFO - paginando pagina-98 
2024-11-04 16:02:34,454 - INFO - capturando tabela e convertendo em lista
2024-11-04 16:02:44,426 - INFO - montando DatFrame
2024-11-04 16:02:44,429 - INFO - DataFrame montado
2024-11-04 16:02:44,431 - INFO - paginando pagina-99 
2024-11-04 16:03:25,551 - INFO - capturando tabela e convertendo em lista
2024-11-04 16:03:35,431 - INFO - montando DatFrame
2024-11-04 16:03:35,434 - INFO - DataFrame montado
2024-11-04 16:03:35,435 - INFO - paginando pagina-100 
2024-11-04 16:04:14,425 - INFO - capturando tabela e convertendo em lista
2024-11-04 16:04:24,435 - INFO - montando DatFrame
2024-11-04 16:04:24,437 - INFO - DataFrame montado
2024-11-04 16:04:24,439 - INFO - paginando pagina-101 
2024-11-04 16:05:05,125 - INFO - capturando tabela e convertendo em lista
2024-11-04 16:05:15,024 - INFO - montando DatFrame
2024-11-04 16:05:15,027 - INFO - DataFrame montado
2024-11-04 16:05:15,029 - INFO - paginando pagina-102 
2024-11-04 16:05:55,205 - INFO - capturando tabela e convertendo em lista
2024-11-04 16:06:05,129 - INFO - montando DatFrame
2024-11-04 16:06:05,132 - INFO - DataFrame montado
2024-11-04 16:06:05,133 - INFO - paginando pagina-103 
2024-11-04 16:06:45,669 - INFO - capturando tabela e convertendo em lista
2024-11-04 16:06:55,598 - INFO - montando DatFrame
2024-11-04 16:06:55,602 - INFO - DataFrame montado
2024-11-04 16:06:55,603 - INFO - paginando pagina-104 
2024-11-04 16:07:36,520 - INFO - capturando tabela e convertendo em lista
2024-11-04 16:07:46,400 - INFO - montando DatFrame
2024-11-04 16:07:46,404 - INFO - DataFrame montado
2024-11-04 16:07:46,405 - INFO - paginando pagina-105 
2024-11-04 16:08:27,553 - INFO - capturando tabela e convertendo em lista
2024-11-04 16:08:37,524 - INFO - montando DatFrame
2024-11-04 16:08:37,527 - INFO - DataFrame montado
2024-11-04 16:08:37,529 - INFO - paginando pagina-106 
2024-11-04 16:09:18,673 - INFO - capturando tabela e convertendo em lista
2024-11-04 16:09:28,546 - INFO - montando DatFrame
2024-11-04 16:09:28,549 - INFO - DataFrame montado
2024-11-04 16:09:28,551 - INFO - paginando pagina-107 
2024-11-04 16:10:06,534 - INFO - capturando tabela e convertendo em lista
2024-11-04 16:10:16,401 - INFO - montando DatFrame
2024-11-04 16:10:16,403 - INFO - DataFrame montado
2024-11-04 16:10:16,405 - INFO - paginando pagina-108 
2024-11-04 16:10:54,672 - INFO - capturando tabela e convertendo em lista
2024-11-04 16:11:04,526 - INFO - montando DatFrame
2024-11-04 16:11:04,528 - INFO - DataFrame montado
2024-11-04 16:11:04,531 - INFO - paginando pagina-109 
2024-11-04 16:11:42,857 - INFO - capturando tabela e convertendo em lista
2024-11-04 16:11:52,680 - INFO - montando DatFrame
2024-11-04 16:11:52,682 - INFO - DataFrame montado
2024-11-04 16:11:52,685 - INFO - paginando pagina-110 
2024-11-04 16:12:32,301 - INFO - capturando tabela e convertendo em lista
2024-11-04 16:12:42,182 - INFO - montando DatFrame
2024-11-04 16:12:42,185 - INFO - DataFrame montado
2024-11-04 16:12:42,188 - INFO - paginando pagina-111 
2024-11-04 16:13:23,588 - INFO - capturando tabela e convertendo em lista
2024-11-04 16:13:33,556 - INFO - montando DatFrame
2024-11-04 16:13:33,559 - INFO - DataFrame montado
2024-11-04 16:13:33,561 - INFO - paginando pagina-112 
2024-11-04 16:14:14,731 - INFO - capturando tabela e convertendo em lista
2024-11-04 16:14:24,660 - INFO - montando DatFrame
2024-11-04 16:14:24,662 - INFO - DataFrame montado
2024-11-04 16:14:24,664 - INFO - paginando pagina-113 
2024-11-04 16:15:05,588 - INFO - capturando tabela e convertendo em lista
2024-11-04 16:15:15,490 - INFO - montando DatFrame
2024-11-04 16:15:15,493 - INFO - DataFrame montado
2024-11-04 16:15:15,495 - INFO - paginando pagina-114 
2024-11-04 16:15:54,535 - INFO - capturando tabela e convertendo em lista
2024-11-04 16:16:04,478 - INFO - montando DatFrame
2024-11-04 16:16:04,480 - INFO - DataFrame montado
2024-11-04 16:16:04,483 - INFO - paginando pagina-115 
2024-11-04 16:16:44,031 - INFO - capturando tabela e convertendo em lista
2024-11-04 16:16:53,966 - INFO - montando DatFrame
2024-11-04 16:16:53,969 - INFO - DataFrame montado
2024-11-04 16:16:53,971 - INFO - paginando pagina-116 
2024-11-04 16:17:32,736 - INFO - capturando tabela e convertendo em lista
2024-11-04 16:17:42,620 - INFO - montando DatFrame
2024-11-04 16:17:42,622 - INFO - DataFrame montado
2024-11-04 16:17:42,624 - INFO - paginando pagina-117 
2024-11-04 16:18:22,954 - INFO - capturando tabela e convertendo em lista
2024-11-04 16:18:32,886 - INFO - montando DatFrame
2024-11-04 16:18:32,889 - INFO - DataFrame montado
2024-11-04 16:18:32,891 - INFO - paginando pagina-118 
2024-11-04 16:19:11,923 - INFO - capturando tabela e convertendo em lista
2024-11-04 16:19:21,851 - INFO - montando DatFrame
2024-11-04 16:19:21,853 - INFO - DataFrame montado
2024-11-04 16:19:21,855 - INFO - paginando pagina-119 
2024-11-04 16:20:02,502 - INFO - capturando tabela e convertendo em lista
2024-11-04 16:20:12,360 - INFO - montando DatFrame
2024-11-04 16:20:12,362 - INFO - DataFrame montado
2024-11-04 16:20:12,364 - INFO - paginando pagina-120 
2024-11-04 16:20:53,707 - INFO - capturando tabela e convertendo em lista
2024-11-04 16:21:03,639 - INFO - montando DatFrame
2024-11-04 16:21:03,642 - INFO - DataFrame montado
2024-11-04 16:21:03,643 - INFO - paginando pagina-121 
2024-11-04 16:21:43,925 - INFO - capturando tabela e convertendo em lista
2024-11-04 16:21:53,811 - INFO - montando DatFrame
2024-11-04 16:21:53,813 - INFO - DataFrame montado
2024-11-04 16:21:53,815 - INFO - paginando pagina-122 
2024-11-04 16:22:34,769 - INFO - capturando tabela e convertendo em lista
2024-11-04 16:22:44,633 - INFO - montando DatFrame
2024-11-04 16:22:44,636 - INFO - DataFrame montado
2024-11-04 16:22:44,638 - INFO - paginando pagina-123 
2024-11-04 16:23:24,766 - INFO - capturando tabela e convertendo em lista
2024-11-04 16:23:34,694 - INFO - montando DatFrame
2024-11-04 16:23:34,696 - INFO - DataFrame montado
2024-11-04 16:23:34,698 - INFO - paginando pagina-124 
2024-11-04 16:24:15,382 - INFO - capturando tabela e convertendo em lista
2024-11-04 16:24:25,252 - INFO - montando DatFrame
2024-11-04 16:24:25,255 - INFO - DataFrame montado
2024-11-04 16:24:25,258 - INFO - paginando pagina-125 
2024-11-04 16:25:05,342 - INFO - capturando tabela e convertendo em lista
2024-11-04 16:25:15,287 - INFO - montando DatFrame
2024-11-04 16:25:15,291 - INFO - DataFrame montado
2024-11-04 16:25:15,293 - INFO - paginando pagina-126 
2024-11-04 16:25:56,578 - INFO - capturando tabela e convertendo em lista
2024-11-04 16:26:06,456 - INFO - montando DatFrame
2024-11-04 16:26:06,459 - INFO - DataFrame montado
2024-11-04 16:26:06,461 - INFO - paginando pagina-127 
2024-11-04 16:26:46,969 - INFO - capturando tabela e convertendo em lista
2024-11-04 16:26:56,948 - INFO - montando DatFrame
2024-11-04 16:26:56,950 - INFO - DataFrame montado
2024-11-04 16:26:56,953 - INFO - paginando pagina-128 
2024-11-04 16:27:37,642 - INFO - capturando tabela e convertendo em lista
2024-11-04 16:27:47,552 - INFO - montando DatFrame
2024-11-04 16:27:47,554 - INFO - DataFrame montado
2024-11-04 16:27:47,557 - INFO - paginando pagina-129 
2024-11-04 16:28:28,863 - INFO - capturando tabela e convertendo em lista
2024-11-04 16:28:38,477 - INFO - montando DatFrame
2024-11-04 16:28:38,480 - INFO - DataFrame montado
2024-11-04 16:28:38,482 - INFO - paginando pagina-130 
2024-11-04 16:29:20,201 - INFO - capturando tabela e convertendo em lista
2024-11-04 16:29:48,656 - INFO - montando DatFrame
2024-11-04 16:29:48,665 - INFO - DataFrame montado
2024-11-04 16:29:48,673 - INFO - paginando pagina-131 
2024-11-04 16:30:32,779 - INFO - capturando tabela e convertendo em lista
2024-11-04 16:30:57,229 - INFO - montando DatFrame
2024-11-04 16:30:57,239 - INFO - DataFrame montado
2024-11-04 16:30:57,243 - INFO - paginando pagina-132 
2024-11-04 16:31:39,243 - INFO - capturando tabela e convertendo em lista
2024-11-04 16:31:55,565 - INFO - montando DatFrame
2024-11-04 16:31:55,571 - INFO - DataFrame montado
2024-11-04 16:31:55,575 - INFO - paginando pagina-133 
2024-11-04 16:32:38,653 - INFO - capturando tabela e convertendo em lista
2024-11-04 16:32:52,935 - INFO - montando DatFrame
2024-11-04 16:32:52,940 - INFO - DataFrame montado
2024-11-04 16:32:52,945 - INFO - paginando pagina-134 
2024-11-04 16:33:35,274 - INFO - capturando tabela e convertendo em lista
2024-11-04 16:33:49,451 - INFO - montando DatFrame
2024-11-04 16:33:49,459 - INFO - DataFrame montado
2024-11-04 16:33:49,462 - INFO - paginando pagina-135 
2024-11-04 16:34:33,888 - INFO - capturando tabela e convertendo em lista
2024-11-04 16:34:55,112 - INFO - montando DatFrame
2024-11-04 16:34:55,116 - INFO - DataFrame montado
2024-11-04 16:34:55,118 - INFO - paginando pagina-136 
2024-11-04 16:35:38,795 - INFO - capturando tabela e convertendo em lista
2024-11-04 16:35:50,135 - INFO - montando DatFrame
2024-11-04 16:35:50,140 - INFO - DataFrame montado
2024-11-04 16:35:50,145 - INFO - paginando pagina-137 
2024-11-04 16:36:32,086 - INFO - capturando tabela e convertendo em lista
2024-11-04 16:36:42,834 - INFO - montando DatFrame
2024-11-04 16:36:42,839 - INFO - DataFrame montado
2024-11-04 16:36:42,842 - INFO - paginando pagina-138 
2024-11-04 16:37:25,518 - INFO - capturando tabela e convertendo em lista
2024-11-04 16:37:36,092 - INFO - montando DatFrame
2024-11-04 16:37:36,096 - INFO - DataFrame montado
2024-11-04 16:37:36,099 - INFO - paginando pagina-139 
2024-11-04 16:38:20,522 - INFO - capturando tabela e convertendo em lista
2024-11-04 16:38:30,678 - INFO - montando DatFrame
2024-11-04 16:38:30,683 - INFO - DataFrame montado
2024-11-04 16:38:30,687 - INFO - paginando pagina-140 
2024-11-04 16:38:30,975 - INFO - Caiu as: 2024-11-04 16:38:30.975322 - na pagina 140
2024-11-04 16:38:34,054 - INFO - Iniciando navegador
2024-11-04 16:38:39,127 - INFO - acessando SUAP
2024-11-04 16:38:40,456 - INFO - inserindo nome e senha
2024-11-04 16:38:53,622 - INFO - Retomou as: 2024-11-04 16:38:53.622364 na pagina 140
2024-11-04 16:39:37,794 - INFO - capturando tabela e convertendo em lista
2024-11-04 16:39:54,343 - INFO - montando DatFrame
2024-11-04 16:39:54,347 - INFO - DataFrame montado
2024-11-04 16:39:54,350 - INFO - pagina pos erro - 141
2024-11-04 16:39:54,350 - INFO - paginando pagina-141 
2024-11-04 16:40:37,953 - INFO - capturando tabela e convertendo em lista
2024-11-04 16:40:50,583 - INFO - montando DatFrame
2024-11-04 16:40:50,586 - INFO - DataFrame montado
2024-11-04 16:40:50,591 - INFO - paginando pagina-142 
2024-11-04 16:41:33,630 - INFO - capturando tabela e convertendo em lista
2024-11-04 16:41:46,362 - INFO - montando DatFrame
2024-11-04 16:41:46,367 - INFO - DataFrame montado
2024-11-04 16:41:46,370 - INFO - paginando pagina-143 
2024-11-04 16:42:29,204 - INFO - capturando tabela e convertendo em lista
2024-11-04 16:42:40,865 - INFO - montando DatFrame
2024-11-04 16:42:40,868 - INFO - DataFrame montado
2024-11-04 16:42:40,874 - INFO - paginando pagina-144 
2024-11-04 16:43:21,625 - INFO - capturando tabela e convertendo em lista
2024-11-04 16:43:35,524 - INFO - montando DatFrame
2024-11-04 16:43:35,530 - INFO - DataFrame montado
2024-11-04 16:43:35,534 - INFO - paginando pagina-145 
2024-11-04 16:44:15,843 - INFO - capturando tabela e convertendo em lista
2024-11-04 16:44:27,113 - INFO - montando DatFrame
2024-11-04 16:44:27,117 - INFO - DataFrame montado
2024-11-04 16:44:27,120 - INFO - paginando pagina-146 
2024-11-04 16:45:07,774 - INFO - capturando tabela e convertendo em lista
2024-11-04 16:45:18,798 - INFO - montando DatFrame
2024-11-04 16:45:18,803 - INFO - DataFrame montado
2024-11-04 16:45:18,807 - INFO - paginando pagina-147 
2024-11-04 16:46:00,916 - INFO - capturando tabela e convertendo em lista
2024-11-04 16:46:11,885 - INFO - montando DatFrame
2024-11-04 16:46:11,891 - INFO - DataFrame montado
2024-11-04 16:46:11,895 - INFO - paginando pagina-148 
2024-11-04 16:46:52,743 - INFO - capturando tabela e convertendo em lista
2024-11-04 16:47:03,540 - INFO - montando DatFrame
2024-11-04 16:47:03,545 - INFO - DataFrame montado
2024-11-04 16:47:03,548 - INFO - paginando pagina-149 
2024-11-04 16:47:44,688 - INFO - capturando tabela e convertendo em lista
2024-11-04 16:47:55,783 - INFO - montando DatFrame
2024-11-04 16:47:55,787 - INFO - DataFrame montado
2024-11-04 16:47:55,790 - INFO - paginando pagina-150 
2024-11-04 16:48:37,480 - INFO - capturando tabela e convertendo em lista
2024-11-04 16:48:48,975 - INFO - montando DatFrame
2024-11-04 16:48:48,983 - INFO - DataFrame montado
2024-11-04 16:48:48,991 - INFO - paginando pagina-151 
2024-11-04 16:49:30,646 - INFO - capturando tabela e convertendo em lista
2024-11-04 16:49:46,962 - INFO - montando DatFrame
2024-11-04 16:49:46,967 - INFO - DataFrame montado
2024-11-04 16:49:46,971 - INFO - paginando pagina-152 
2024-11-04 16:50:28,371 - INFO - capturando tabela e convertendo em lista
2024-11-04 16:50:47,326 - INFO - montando DatFrame
2024-11-04 16:50:47,331 - INFO - DataFrame montado
2024-11-04 16:50:47,335 - INFO - paginando pagina-153 
2024-11-04 16:51:29,337 - INFO - capturando tabela e convertendo em lista
2024-11-04 16:51:44,768 - INFO - montando DatFrame
2024-11-04 16:51:44,773 - INFO - DataFrame montado
2024-11-04 16:51:44,777 - INFO - paginando pagina-154 
2024-11-04 16:52:28,497 - INFO - capturando tabela e convertendo em lista
2024-11-04 16:52:42,902 - INFO - montando DatFrame
2024-11-04 16:52:42,906 - INFO - DataFrame montado
2024-11-04 16:52:42,910 - INFO - paginando pagina-155 
2024-11-04 16:53:26,943 - INFO - capturando tabela e convertendo em lista
2024-11-04 16:53:39,165 - INFO - montando DatFrame
2024-11-04 16:53:39,170 - INFO - DataFrame montado
2024-11-04 16:53:39,173 - INFO - paginando pagina-156 
2024-11-04 16:54:22,164 - INFO - capturando tabela e convertendo em lista
2024-11-04 16:54:36,667 - INFO - montando DatFrame
2024-11-04 16:54:36,672 - INFO - DataFrame montado
2024-11-04 16:54:36,676 - INFO - paginando pagina-157 
2024-11-04 16:55:19,703 - INFO - capturando tabela e convertendo em lista
2024-11-04 16:55:32,903 - INFO - montando DatFrame
2024-11-04 16:55:32,908 - INFO - DataFrame montado
2024-11-04 16:55:32,912 - INFO - paginando pagina-158 
2024-11-04 16:56:14,670 - INFO - capturando tabela e convertendo em lista
2024-11-04 16:56:27,856 - INFO - montando DatFrame
2024-11-04 16:56:27,860 - INFO - DataFrame montado
2024-11-04 16:56:27,864 - INFO - paginando pagina-159 
2024-11-04 16:57:09,816 - INFO - capturando tabela e convertendo em lista
2024-11-04 16:57:23,323 - INFO - montando DatFrame
2024-11-04 16:57:23,328 - INFO - DataFrame montado
2024-11-04 16:57:23,332 - INFO - paginando pagina-160 
2024-11-04 16:58:03,981 - INFO - capturando tabela e convertendo em lista
2024-11-04 16:58:17,518 - INFO - montando DatFrame
2024-11-04 16:58:17,522 - INFO - DataFrame montado
2024-11-04 16:58:17,527 - INFO - paginando pagina-161 
2024-11-04 16:58:57,828 - INFO - capturando tabela e convertendo em lista
2024-11-04 16:59:11,511 - INFO - montando DatFrame
2024-11-04 16:59:11,516 - INFO - DataFrame montado
2024-11-04 16:59:11,520 - INFO - paginando pagina-162 
2024-11-04 16:59:52,726 - INFO - capturando tabela e convertendo em lista
2024-11-04 17:00:06,149 - INFO - montando DatFrame
2024-11-04 17:00:06,152 - INFO - DataFrame montado
2024-11-04 17:00:06,157 - INFO - paginando pagina-163 
2024-11-04 17:00:47,869 - INFO - capturando tabela e convertendo em lista
2024-11-04 17:01:01,768 - INFO - montando DatFrame
2024-11-04 17:01:01,772 - INFO - DataFrame montado
2024-11-04 17:01:01,776 - INFO - paginando pagina-164 
2024-11-04 17:01:44,074 - INFO - capturando tabela e convertendo em lista
2024-11-04 17:01:57,712 - INFO - montando DatFrame
2024-11-04 17:01:57,717 - INFO - DataFrame montado
2024-11-04 17:01:57,722 - INFO - paginando pagina-165 
2024-11-04 17:02:39,759 - INFO - capturando tabela e convertendo em lista
2024-11-04 17:02:53,668 - INFO - montando DatFrame
2024-11-04 17:02:53,672 - INFO - DataFrame montado
2024-11-04 17:02:53,676 - INFO - paginando pagina-166 
2024-11-04 17:03:34,539 - INFO - capturando tabela e convertendo em lista
2024-11-04 17:03:47,953 - INFO - montando DatFrame
2024-11-04 17:03:47,958 - INFO - DataFrame montado
2024-11-04 17:03:47,962 - INFO - paginando pagina-167 
2024-11-04 17:04:29,205 - INFO - capturando tabela e convertendo em lista
2024-11-04 17:04:42,992 - INFO - montando DatFrame
2024-11-04 17:04:42,997 - INFO - DataFrame montado
2024-11-04 17:04:43,000 - INFO - paginando pagina-168 
2024-11-04 17:05:25,145 - INFO - capturando tabela e convertendo em lista
2024-11-04 17:05:39,502 - INFO - montando DatFrame
2024-11-04 17:05:39,505 - INFO - DataFrame montado
2024-11-04 17:05:39,510 - INFO - paginando pagina-169 
2024-11-04 17:06:20,693 - INFO - capturando tabela e convertendo em lista
2024-11-04 17:06:34,983 - INFO - montando DatFrame
2024-11-04 17:06:34,988 - INFO - DataFrame montado
2024-11-04 17:06:34,992 - INFO - paginando pagina-170 
2024-11-04 17:07:14,600 - INFO - capturando tabela e convertendo em lista
2024-11-04 17:07:26,207 - INFO - montando DatFrame
2024-11-04 17:07:26,212 - INFO - DataFrame montado
2024-11-04 17:07:26,217 - INFO - paginando pagina-171 
2024-11-04 17:08:06,841 - INFO - capturando tabela e convertendo em lista
2024-11-04 17:08:17,928 - INFO - montando DatFrame
2024-11-04 17:08:17,933 - INFO - DataFrame montado
2024-11-04 17:08:17,938 - INFO - paginando pagina-172 
2024-11-04 17:08:57,446 - INFO - capturando tabela e convertendo em lista
2024-11-04 17:09:06,711 - INFO - montando DatFrame
2024-11-04 17:09:06,714 - INFO - DataFrame montado
2024-11-04 17:09:06,717 - INFO - paginando pagina-173 
2024-11-04 17:09:49,715 - INFO - capturando tabela e convertendo em lista
2024-11-04 17:10:07,810 - INFO - montando DatFrame
2024-11-04 17:10:07,816 - INFO - DataFrame montado
2024-11-04 17:10:07,820 - INFO - paginando pagina-174 
2024-11-04 17:10:49,442 - INFO - capturando tabela e convertendo em lista
2024-11-04 17:11:09,844 - INFO - montando DatFrame
2024-11-04 17:11:09,848 - INFO - DataFrame montado
2024-11-04 17:11:09,852 - INFO - paginando pagina-175 
2024-11-04 17:11:51,781 - INFO - capturando tabela e convertendo em lista
2024-11-04 17:12:07,446 - INFO - montando DatFrame
2024-11-04 17:12:07,450 - INFO - DataFrame montado
2024-11-04 17:12:07,453 - INFO - paginando pagina-176 
2024-11-04 17:12:49,646 - INFO - capturando tabela e convertendo em lista
2024-11-04 17:13:09,448 - INFO - montando DatFrame
2024-11-04 17:13:09,457 - INFO - DataFrame montado
2024-11-04 17:13:09,464 - INFO - paginando pagina-177 
2024-11-04 17:13:51,435 - INFO - capturando tabela e convertendo em lista
2024-11-04 17:14:12,761 - INFO - montando DatFrame
2024-11-04 17:14:12,767 - INFO - DataFrame montado
2024-11-04 17:14:12,772 - INFO - paginando pagina-178 
2024-11-04 17:14:53,738 - INFO - capturando tabela e convertendo em lista
2024-11-04 17:15:13,681 - INFO - montando DatFrame
2024-11-04 17:15:13,687 - INFO - DataFrame montado
2024-11-04 17:15:13,692 - INFO - paginando pagina-179 
2024-11-04 17:15:53,795 - INFO - capturando tabela e convertendo em lista
2024-11-04 17:16:11,012 - INFO - montando DatFrame
2024-11-04 17:16:11,017 - INFO - DataFrame montado
2024-11-04 17:16:11,021 - INFO - paginando pagina-180 
2024-11-04 17:16:50,186 - INFO - capturando tabela e convertendo em lista
2024-11-04 17:17:06,542 - INFO - montando DatFrame
2024-11-04 17:17:06,545 - INFO - DataFrame montado
2024-11-04 17:17:06,548 - INFO - paginando pagina-181 
2024-11-04 17:17:47,975 - INFO - capturando tabela e convertendo em lista
2024-11-04 17:18:04,309 - INFO - montando DatFrame
2024-11-04 17:18:04,313 - INFO - DataFrame montado
2024-11-04 17:18:04,318 - INFO - paginando pagina-182 
2024-11-04 17:18:45,989 - INFO - capturando tabela e convertendo em lista
2024-11-04 17:19:02,787 - INFO - montando DatFrame
2024-11-04 17:19:02,791 - INFO - DataFrame montado
2024-11-04 17:19:02,796 - INFO - paginando pagina-183 
2024-11-04 17:19:42,038 - INFO - capturando tabela e convertendo em lista
2024-11-04 17:19:55,990 - INFO - montando DatFrame
2024-11-04 17:19:55,993 - INFO - DataFrame montado
2024-11-04 17:19:55,998 - INFO - paginando pagina-184 
2024-11-04 17:20:33,482 - INFO - capturando tabela e convertendo em lista
2024-11-04 17:20:48,774 - INFO - montando DatFrame
2024-11-04 17:20:48,778 - INFO - DataFrame montado
2024-11-04 17:20:48,783 - INFO - paginando pagina-185 
2024-11-04 17:21:27,300 - INFO - capturando tabela e convertendo em lista
2024-11-04 17:21:45,102 - INFO - montando DatFrame
2024-11-04 17:21:45,106 - INFO - DataFrame montado
2024-11-04 17:21:45,110 - INFO - paginando pagina-186 
2024-11-04 17:22:22,059 - INFO - capturando tabela e convertendo em lista
2024-11-04 17:22:40,140 - INFO - montando DatFrame
2024-11-04 17:22:40,144 - INFO - DataFrame montado
2024-11-04 17:22:40,148 - INFO - paginando pagina-187 
2024-11-04 17:23:17,837 - INFO - capturando tabela e convertendo em lista
2024-11-04 17:23:30,936 - INFO - montando DatFrame
2024-11-04 17:23:30,940 - INFO - DataFrame montado
2024-11-04 17:23:30,945 - INFO - paginando pagina-188 
2024-11-04 17:24:08,264 - INFO - capturando tabela e convertendo em lista
2024-11-04 17:24:23,218 - INFO - montando DatFrame
2024-11-04 17:24:23,222 - INFO - DataFrame montado
2024-11-04 17:24:23,227 - INFO - paginando pagina-189 
2024-11-04 17:25:01,269 - INFO - capturando tabela e convertendo em lista
2024-11-04 17:25:19,253 - INFO - montando DatFrame
2024-11-04 17:25:19,260 - INFO - DataFrame montado
2024-11-04 17:25:19,266 - INFO - paginando pagina-190 
2024-11-04 17:25:57,883 - INFO - capturando tabela e convertendo em lista
2024-11-04 17:26:11,991 - INFO - montando DatFrame
2024-11-04 17:26:12,000 - INFO - DataFrame montado
2024-11-04 17:26:12,008 - INFO - paginando pagina-191 
2024-11-04 17:26:49,520 - INFO - capturando tabela e convertendo em lista
2024-11-04 17:27:07,854 - INFO - montando DatFrame
2024-11-04 17:27:07,859 - INFO - DataFrame montado
2024-11-04 17:27:07,863 - INFO - paginando pagina-192 
2024-11-04 17:27:46,508 - INFO - capturando tabela e convertendo em lista
2024-11-04 17:28:01,195 - INFO - montando DatFrame
2024-11-04 17:28:01,199 - INFO - DataFrame montado
2024-11-04 17:28:01,203 - INFO - paginando pagina-193 
2024-11-04 17:28:40,187 - INFO - capturando tabela e convertendo em lista
2024-11-04 17:28:55,085 - INFO - montando DatFrame
2024-11-04 17:28:55,091 - INFO - DataFrame montado
2024-11-04 17:28:55,095 - INFO - paginando pagina-194 
2024-11-04 17:29:35,859 - INFO - capturando tabela e convertendo em lista
2024-11-04 17:29:56,751 - INFO - montando DatFrame
2024-11-04 17:29:56,756 - INFO - DataFrame montado
2024-11-04 17:29:56,760 - INFO - paginando pagina-195 
2024-11-04 17:30:39,375 - INFO - capturando tabela e convertendo em lista
2024-11-04 17:30:53,846 - INFO - montando DatFrame
2024-11-04 17:30:53,850 - INFO - DataFrame montado
2024-11-04 17:30:53,855 - INFO - paginando pagina-196 
2024-11-04 17:31:36,567 - INFO - capturando tabela e convertendo em lista
2024-11-04 17:31:52,787 - INFO - montando DatFrame
2024-11-04 17:31:52,792 - INFO - DataFrame montado
2024-11-04 17:31:52,796 - INFO - paginando pagina-197 
2024-11-04 17:32:32,657 - INFO - capturando tabela e convertendo em lista
2024-11-04 17:32:46,703 - INFO - montando DatFrame
2024-11-04 17:32:46,707 - INFO - DataFrame montado
2024-11-04 17:32:46,712 - INFO - paginando pagina-198 
2024-11-04 17:33:29,013 - INFO - capturando tabela e convertendo em lista
2024-11-04 17:33:42,833 - INFO - montando DatFrame
2024-11-04 17:33:42,838 - INFO - DataFrame montado
2024-11-04 17:33:42,843 - INFO - paginando pagina-199 
2024-11-04 17:34:23,157 - INFO - capturando tabela e convertendo em lista
2024-11-04 17:34:36,939 - INFO - montando DatFrame
2024-11-04 17:34:36,945 - INFO - DataFrame montado
2024-11-04 17:34:36,949 - INFO - paginando pagina-200 
2024-11-04 17:35:21,490 - INFO - capturando tabela e convertendo em lista
2024-11-04 17:35:35,582 - INFO - montando DatFrame
2024-11-04 17:35:35,586 - INFO - DataFrame montado
2024-11-04 17:35:35,591 - INFO - paginando pagina-201 
2024-11-04 17:36:15,383 - INFO - capturando tabela e convertendo em lista
2024-11-04 17:36:26,169 - INFO - montando DatFrame
2024-11-04 17:36:26,173 - INFO - DataFrame montado
2024-11-04 17:36:26,178 - INFO - paginando pagina-202 
2024-11-04 17:37:05,957 - INFO - capturando tabela e convertendo em lista
2024-11-04 17:37:16,805 - INFO - montando DatFrame
2024-11-04 17:37:16,809 - INFO - DataFrame montado
2024-11-04 17:37:16,814 - INFO - paginando pagina-203 
2024-11-04 17:37:53,119 - INFO - capturando tabela e convertendo em lista
2024-11-04 17:38:03,976 - INFO - montando DatFrame
2024-11-04 17:38:03,980 - INFO - DataFrame montado
2024-11-04 17:38:03,985 - INFO - paginando pagina-204 
2024-11-04 17:38:42,205 - INFO - capturando tabela e convertendo em lista
2024-11-04 17:38:55,201 - INFO - montando DatFrame
2024-11-04 17:38:55,207 - INFO - DataFrame montado
2024-11-04 17:38:55,214 - INFO - paginando pagina-205 
2024-11-04 17:39:32,063 - INFO - capturando tabela e convertendo em lista
2024-11-04 17:39:42,921 - INFO - montando DatFrame
2024-11-04 17:39:42,925 - INFO - DataFrame montado
2024-11-04 17:39:42,933 - INFO - paginando pagina-206 
2024-11-04 17:40:19,782 - INFO - capturando tabela e convertendo em lista
2024-11-04 17:40:30,824 - INFO - montando DatFrame
2024-11-04 17:40:30,828 - INFO - DataFrame montado
2024-11-04 17:40:30,833 - INFO - paginando pagina-207 
2024-11-04 17:41:08,381 - INFO - capturando tabela e convertendo em lista
2024-11-04 17:41:19,452 - INFO - montando DatFrame
2024-11-04 17:41:19,457 - INFO - DataFrame montado
2024-11-04 17:41:19,460 - INFO - paginando pagina-208 
2024-11-04 17:41:55,903 - INFO - capturando tabela e convertendo em lista
2024-11-04 17:42:07,640 - INFO - montando DatFrame
2024-11-04 17:42:07,644 - INFO - DataFrame montado
2024-11-04 17:42:07,648 - INFO - paginando pagina-209 
2024-11-04 17:42:46,401 - INFO - capturando tabela e convertendo em lista
2024-11-04 17:42:59,068 - INFO - montando DatFrame
2024-11-04 17:42:59,072 - INFO - DataFrame montado
2024-11-04 17:42:59,076 - INFO - paginando pagina-210 
2024-11-04 17:43:37,345 - INFO - capturando tabela e convertendo em lista
2024-11-04 17:43:45,345 - INFO - montando DatFrame
2024-11-04 17:43:45,349 - INFO - DataFrame montado
2024-11-04 17:43:45,355 - INFO - paginando pagina-211 
2024-11-04 17:44:16,306 - INFO - acabaram as paginas
2024-11-04 17:44:16,306 - INFO - Extracao finalizada as: 2024-11-04 17:44:16.306601 na pagina 211
2024-11-04 17:44:16,377 - INFO - exportando arquivo .xlsx
