2024-10-21 14:15:51,685 - INFO - iniciando extarção campus cbja_suap
2024-10-21 14:15:51,768 - INFO - Iniciando navegador
2024-10-21 14:16:01,491 - INFO - acessando SUAP
2024-10-21 14:16:02,903 - INFO - inserindo nome e senha
2024-10-21 14:16:12,548 - INFO - preparando url search params 
2024-10-21 14:16:12,549 - INFO - paginando pagina-1 
2024-10-21 14:16:50,317 - INFO - capturando tabela e convertendo em lista
2024-10-21 14:17:11,957 - INFO - montando DatFrame
2024-10-21 14:17:11,973 - INFO - DataFrame montado
2024-10-21 14:17:11,973 - INFO - paginando pagina-2 
2024-10-21 14:17:46,011 - INFO - capturando tabela e convertendo em lista
2024-10-21 14:18:02,320 - INFO - montando DatFrame
2024-10-21 14:18:02,328 - INFO - DataFrame montado
2024-10-21 14:18:02,329 - INFO - paginando pagina-3 
2024-10-21 14:18:37,698 - INFO - capturando tabela e convertendo em lista
2024-10-21 14:18:56,758 - INFO - montando DatFrame
2024-10-21 14:18:56,775 - INFO - DataFrame montado
2024-10-21 14:18:56,778 - INFO - paginando pagina-4 
2024-10-21 14:19:29,061 - INFO - capturando tabela e convertendo em lista
2024-10-21 14:19:47,077 - INFO - montando DatFrame
2024-10-21 14:19:47,082 - INFO - DataFrame montado
2024-10-21 14:19:47,082 - INFO - paginando pagina-5 
2024-10-21 14:20:19,422 - INFO - capturando tabela e convertendo em lista
2024-10-21 14:20:39,279 - INFO - montando DatFrame
2024-10-21 14:20:39,286 - INFO - DataFrame montado
2024-10-21 14:20:39,288 - INFO - paginando pagina-6 
2024-10-21 14:21:09,916 - INFO - capturando tabela e convertendo em lista
2024-10-21 14:21:27,375 - INFO - montando DatFrame
2024-10-21 14:21:27,379 - INFO - DataFrame montado
2024-10-21 14:21:27,380 - INFO - paginando pagina-7 
2024-10-21 14:21:58,657 - INFO - capturando tabela e convertendo em lista
2024-10-21 14:22:12,830 - INFO - montando DatFrame
2024-10-21 14:22:12,833 - INFO - DataFrame montado
2024-10-21 14:22:12,834 - INFO - paginando pagina-8 
2024-10-21 14:22:43,504 - INFO - capturando tabela e convertendo em lista
2024-10-21 14:23:00,490 - INFO - montando DatFrame
2024-10-21 14:23:00,494 - INFO - DataFrame montado
2024-10-21 14:23:00,495 - INFO - paginando pagina-9 
2024-10-21 14:23:33,125 - INFO - capturando tabela e convertendo em lista
2024-10-21 14:23:50,893 - INFO - montando DatFrame
2024-10-21 14:23:50,898 - INFO - DataFrame montado
2024-10-21 14:23:50,899 - INFO - paginando pagina-10 
2024-10-21 14:24:25,557 - INFO - capturando tabela e convertendo em lista
2024-10-21 14:24:38,256 - INFO - montando DatFrame
2024-10-21 14:24:38,261 - INFO - DataFrame montado
2024-10-21 14:24:38,262 - INFO - paginando pagina-11 
2024-10-21 14:25:13,171 - INFO - capturando tabela e convertendo em lista
2024-10-21 14:25:31,985 - INFO - montando DatFrame
2024-10-21 14:25:31,991 - INFO - DataFrame montado
2024-10-21 14:25:31,992 - INFO - paginando pagina-12 
2024-10-21 14:26:06,781 - INFO - capturando tabela e convertendo em lista
2024-10-21 14:26:20,400 - INFO - montando DatFrame
2024-10-21 14:26:20,404 - INFO - DataFrame montado
2024-10-21 14:26:20,405 - INFO - paginando pagina-13 
2024-10-21 14:26:52,454 - INFO - capturando tabela e convertendo em lista
2024-10-21 14:27:04,893 - INFO - montando DatFrame
2024-10-21 14:27:04,896 - INFO - DataFrame montado
2024-10-21 14:27:04,897 - INFO - paginando pagina-14 
2024-10-21 14:27:36,448 - INFO - capturando tabela e convertendo em lista
2024-10-21 14:27:52,742 - INFO - montando DatFrame
2024-10-21 14:27:52,751 - INFO - DataFrame montado
2024-10-21 14:27:52,753 - INFO - paginando pagina-15 
2024-10-21 14:28:25,255 - INFO - capturando tabela e convertendo em lista
2024-10-21 14:28:46,025 - INFO - montando DatFrame
2024-10-21 14:28:46,034 - INFO - DataFrame montado
2024-10-21 14:28:46,036 - INFO - paginando pagina-16 
2024-10-21 14:29:17,664 - INFO - capturando tabela e convertendo em lista
2024-10-21 14:29:39,575 - INFO - montando DatFrame
2024-10-21 14:29:39,586 - INFO - DataFrame montado
2024-10-21 14:29:39,588 - INFO - paginando pagina-17 
2024-10-21 14:30:18,535 - INFO - capturando tabela e convertendo em lista
2024-10-21 14:30:38,368 - INFO - montando DatFrame
2024-10-21 14:30:38,374 - INFO - DataFrame montado
2024-10-21 14:30:38,375 - INFO - paginando pagina-18 
2024-10-21 14:31:13,458 - INFO - capturando tabela e convertendo em lista
2024-10-21 14:31:32,292 - INFO - montando DatFrame
2024-10-21 14:31:32,299 - INFO - DataFrame montado
2024-10-21 14:31:32,300 - INFO - paginando pagina-19 
2024-10-21 14:32:03,821 - INFO - capturando tabela e convertendo em lista
2024-10-21 14:32:18,710 - INFO - montando DatFrame
2024-10-21 14:32:18,714 - INFO - DataFrame montado
2024-10-21 14:32:18,715 - INFO - paginando pagina-20 
2024-10-21 14:32:51,820 - INFO - capturando tabela e convertendo em lista
2024-10-21 14:33:02,503 - INFO - montando DatFrame
2024-10-21 14:33:02,509 - INFO - DataFrame montado
2024-10-21 14:33:02,510 - INFO - paginando pagina-21 
2024-10-21 14:33:33,674 - INFO - capturando tabela e convertendo em lista
2024-10-21 14:33:43,650 - INFO - montando DatFrame
2024-10-21 14:33:43,654 - INFO - DataFrame montado
2024-10-21 14:33:43,655 - INFO - paginando pagina-22 
2024-10-21 14:34:17,544 - INFO - capturando tabela e convertendo em lista
2024-10-21 14:34:28,071 - INFO - montando DatFrame
2024-10-21 14:34:28,074 - INFO - DataFrame montado
2024-10-21 14:34:28,075 - INFO - paginando pagina-23 
2024-10-21 14:35:01,650 - INFO - capturando tabela e convertendo em lista
2024-10-21 14:35:11,824 - INFO - montando DatFrame
2024-10-21 14:35:11,830 - INFO - DataFrame montado
2024-10-21 14:35:11,831 - INFO - paginando pagina-24 
2024-10-21 14:35:44,061 - INFO - capturando tabela e convertendo em lista
2024-10-21 14:35:54,544 - INFO - montando DatFrame
2024-10-21 14:35:54,550 - INFO - DataFrame montado
2024-10-21 14:35:54,551 - INFO - paginando pagina-25 
2024-10-21 14:36:24,584 - INFO - capturando tabela e convertendo em lista
2024-10-21 14:36:35,453 - INFO - montando DatFrame
2024-10-21 14:36:35,457 - INFO - DataFrame montado
2024-10-21 14:36:35,458 - INFO - paginando pagina-26 
2024-10-21 14:37:05,418 - INFO - capturando tabela e convertendo em lista
2024-10-21 14:37:16,649 - INFO - montando DatFrame
2024-10-21 14:37:16,654 - INFO - DataFrame montado
2024-10-21 14:37:16,655 - INFO - paginando pagina-27 
2024-10-21 14:37:43,035 - INFO - capturando tabela e convertendo em lista
2024-10-21 14:37:53,804 - INFO - montando DatFrame
2024-10-21 14:37:53,809 - INFO - DataFrame montado
2024-10-21 14:37:53,810 - INFO - paginando pagina-28 
2024-10-21 14:38:21,914 - INFO - capturando tabela e convertendo em lista
2024-10-21 14:38:32,062 - INFO - montando DatFrame
2024-10-21 14:38:32,066 - INFO - DataFrame montado
2024-10-21 14:38:32,066 - INFO - paginando pagina-29 
2024-10-21 14:39:03,601 - INFO - capturando tabela e convertendo em lista
2024-10-21 14:39:14,186 - INFO - montando DatFrame
2024-10-21 14:39:14,191 - INFO - DataFrame montado
2024-10-21 14:39:14,192 - INFO - paginando pagina-30 
2024-10-21 14:39:46,648 - INFO - capturando tabela e convertendo em lista
2024-10-21 14:39:56,409 - INFO - montando DatFrame
2024-10-21 14:39:56,414 - INFO - DataFrame montado
2024-10-21 14:39:56,415 - INFO - paginando pagina-31 
2024-10-21 14:40:28,576 - INFO - capturando tabela e convertendo em lista
2024-10-21 14:40:38,748 - INFO - montando DatFrame
2024-10-21 14:40:38,752 - INFO - DataFrame montado
2024-10-21 14:40:38,753 - INFO - paginando pagina-32 
2024-10-21 14:41:09,766 - INFO - capturando tabela e convertendo em lista
2024-10-21 14:41:25,382 - INFO - montando DatFrame
2024-10-21 14:41:25,386 - INFO - DataFrame montado
2024-10-21 14:41:25,387 - INFO - paginando pagina-33 
2024-10-21 14:41:56,836 - INFO - capturando tabela e convertendo em lista
2024-10-21 14:42:13,179 - INFO - montando DatFrame
2024-10-21 14:42:13,183 - INFO - DataFrame montado
2024-10-21 14:42:13,184 - INFO - paginando pagina-34 
2024-10-21 14:42:44,404 - INFO - capturando tabela e convertendo em lista
2024-10-21 14:42:59,747 - INFO - montando DatFrame
2024-10-21 14:42:59,753 - INFO - DataFrame montado
2024-10-21 14:42:59,756 - INFO - paginando pagina-35 
2024-10-21 14:43:30,402 - INFO - capturando tabela e convertendo em lista
2024-10-21 14:43:49,351 - INFO - montando DatFrame
2024-10-21 14:43:49,358 - INFO - DataFrame montado
2024-10-21 14:43:49,360 - INFO - paginando pagina-36 
2024-10-21 14:44:23,661 - INFO - capturando tabela e convertendo em lista
2024-10-21 14:44:39,750 - INFO - montando DatFrame
2024-10-21 14:44:39,754 - INFO - DataFrame montado
2024-10-21 14:44:39,755 - INFO - paginando pagina-37 
2024-10-21 14:45:14,727 - INFO - capturando tabela e convertendo em lista
2024-10-21 14:45:28,732 - INFO - montando DatFrame
2024-10-21 14:45:28,736 - INFO - DataFrame montado
2024-10-21 14:45:28,738 - INFO - paginando pagina-38 
2024-10-21 14:46:01,739 - INFO - capturando tabela e convertendo em lista
2024-10-21 14:46:13,782 - INFO - montando DatFrame
2024-10-21 14:46:13,788 - INFO - DataFrame montado
2024-10-21 14:46:13,789 - INFO - paginando pagina-39 
2024-10-21 14:46:47,893 - INFO - capturando tabela e convertendo em lista
2024-10-21 14:47:03,902 - INFO - montando DatFrame
2024-10-21 14:47:03,906 - INFO - DataFrame montado
2024-10-21 14:47:03,907 - INFO - paginando pagina-40 
2024-10-21 14:47:35,475 - INFO - capturando tabela e convertendo em lista
2024-10-21 14:47:54,509 - INFO - montando DatFrame
2024-10-21 14:47:54,518 - INFO - DataFrame montado
2024-10-21 14:47:54,520 - INFO - paginando pagina-41 
2024-10-21 14:48:25,850 - INFO - capturando tabela e convertendo em lista
2024-10-21 14:48:42,211 - INFO - montando DatFrame
2024-10-21 14:48:42,217 - INFO - DataFrame montado
2024-10-21 14:48:42,218 - INFO - paginando pagina-42 
2024-10-21 14:49:14,110 - INFO - capturando tabela e convertendo em lista
2024-10-21 14:49:30,714 - INFO - montando DatFrame
2024-10-21 14:49:30,720 - INFO - DataFrame montado
2024-10-21 14:49:30,722 - INFO - paginando pagina-43 
2024-10-21 14:50:01,518 - INFO - capturando tabela e convertendo em lista
2024-10-21 14:50:16,254 - INFO - montando DatFrame
2024-10-21 14:50:16,259 - INFO - DataFrame montado
2024-10-21 14:50:16,260 - INFO - paginando pagina-44 
2024-10-21 14:50:51,673 - INFO - capturando tabela e convertendo em lista
2024-10-21 14:51:08,879 - INFO - montando DatFrame
2024-10-21 14:51:08,883 - INFO - DataFrame montado
2024-10-21 14:51:08,884 - INFO - paginando pagina-45 
2024-10-21 14:51:44,505 - INFO - capturando tabela e convertendo em lista
2024-10-21 14:51:57,918 - INFO - montando DatFrame
2024-10-21 14:51:57,923 - INFO - DataFrame montado
2024-10-21 14:51:57,926 - INFO - paginando pagina-46 
2024-10-21 14:52:29,341 - INFO - capturando tabela e convertendo em lista
2024-10-21 14:52:40,511 - INFO - montando DatFrame
2024-10-21 14:52:40,515 - INFO - DataFrame montado
2024-10-21 14:52:40,517 - INFO - paginando pagina-47 
2024-10-21 14:53:12,249 - INFO - capturando tabela e convertendo em lista
2024-10-21 14:53:28,633 - INFO - montando DatFrame
2024-10-21 14:53:28,638 - INFO - DataFrame montado
2024-10-21 14:53:28,639 - INFO - paginando pagina-48 
2024-10-21 14:54:00,987 - INFO - capturando tabela e convertendo em lista
2024-10-21 14:54:18,997 - INFO - montando DatFrame
2024-10-21 14:54:19,002 - INFO - DataFrame montado
2024-10-21 14:54:19,004 - INFO - paginando pagina-49 
2024-10-21 14:54:49,345 - INFO - capturando tabela e convertendo em lista
2024-10-21 14:55:09,608 - INFO - montando DatFrame
2024-10-21 14:55:09,618 - INFO - DataFrame montado
2024-10-21 14:55:09,620 - INFO - paginando pagina-50 
2024-10-21 14:55:41,411 - INFO - capturando tabela e convertendo em lista
2024-10-21 14:55:58,655 - INFO - montando DatFrame
2024-10-21 14:55:58,661 - INFO - DataFrame montado
2024-10-21 14:55:58,663 - INFO - paginando pagina-51 
2024-10-21 14:56:31,372 - INFO - capturando tabela e convertendo em lista
2024-10-21 14:56:44,624 - INFO - montando DatFrame
2024-10-21 14:56:44,630 - INFO - DataFrame montado
2024-10-21 14:56:44,633 - INFO - paginando pagina-52 
2024-10-21 14:57:16,168 - INFO - capturando tabela e convertendo em lista
2024-10-21 14:57:30,412 - INFO - montando DatFrame
2024-10-21 14:57:30,417 - INFO - DataFrame montado
2024-10-21 14:57:30,419 - INFO - paginando pagina-53 
2024-10-21 14:58:01,436 - INFO - capturando tabela e convertendo em lista
2024-10-21 14:58:17,181 - INFO - montando DatFrame
2024-10-21 14:58:17,186 - INFO - DataFrame montado
2024-10-21 14:58:17,187 - INFO - paginando pagina-54 
2024-10-21 14:58:49,662 - INFO - capturando tabela e convertendo em lista
2024-10-21 14:59:22,181 - INFO - montando DatFrame
2024-10-21 14:59:22,188 - INFO - DataFrame montado
2024-10-21 14:59:22,189 - INFO - paginando pagina-55 
2024-10-21 14:59:53,590 - INFO - capturando tabela e convertendo em lista
2024-10-21 15:00:11,937 - INFO - montando DatFrame
2024-10-21 15:00:11,942 - INFO - DataFrame montado
2024-10-21 15:00:11,944 - INFO - paginando pagina-56 
2024-10-21 15:00:47,728 - INFO - capturando tabela e convertendo em lista
2024-10-21 15:01:05,748 - INFO - montando DatFrame
2024-10-21 15:01:05,755 - INFO - DataFrame montado
2024-10-21 15:01:05,760 - INFO - paginando pagina-57 
2024-10-21 15:01:41,077 - INFO - capturando tabela e convertendo em lista
2024-10-21 15:02:04,348 - INFO - montando DatFrame
2024-10-21 15:02:04,353 - INFO - DataFrame montado
2024-10-21 15:02:04,354 - INFO - paginando pagina-58 
2024-10-21 15:02:40,028 - INFO - capturando tabela e convertendo em lista
2024-10-21 15:02:57,359 - INFO - montando DatFrame
2024-10-21 15:02:57,365 - INFO - DataFrame montado
2024-10-21 15:02:57,368 - INFO - paginando pagina-59 
2024-10-21 15:03:32,994 - INFO - capturando tabela e convertendo em lista
2024-10-21 15:03:50,954 - INFO - montando DatFrame
2024-10-21 15:03:50,958 - INFO - DataFrame montado
2024-10-21 15:03:50,960 - INFO - paginando pagina-60 
2024-10-21 15:04:28,755 - INFO - capturando tabela e convertendo em lista
2024-10-21 15:04:44,110 - INFO - montando DatFrame
2024-10-21 15:04:44,116 - INFO - DataFrame montado
2024-10-21 15:04:44,117 - INFO - paginando pagina-61 
2024-10-21 15:05:18,641 - INFO - capturando tabela e convertendo em lista
2024-10-21 15:05:31,021 - INFO - montando DatFrame
2024-10-21 15:05:31,026 - INFO - DataFrame montado
2024-10-21 15:05:31,027 - INFO - paginando pagina-62 
2024-10-21 15:06:04,004 - INFO - capturando tabela e convertendo em lista
2024-10-21 15:06:16,168 - INFO - montando DatFrame
2024-10-21 15:06:16,175 - INFO - DataFrame montado
2024-10-21 15:06:16,178 - INFO - paginando pagina-63 
2024-10-21 15:06:51,387 - INFO - capturando tabela e convertendo em lista
2024-10-21 15:07:10,788 - INFO - montando DatFrame
2024-10-21 15:07:10,792 - INFO - DataFrame montado
2024-10-21 15:07:10,795 - INFO - paginando pagina-64 
2024-10-21 15:07:46,211 - INFO - capturando tabela e convertendo em lista
2024-10-21 15:08:02,677 - INFO - montando DatFrame
2024-10-21 15:08:02,683 - INFO - DataFrame montado
2024-10-21 15:08:02,685 - INFO - paginando pagina-65 
2024-10-21 15:08:32,523 - INFO - capturando tabela e convertendo em lista
2024-10-21 15:08:48,805 - INFO - montando DatFrame
2024-10-21 15:08:48,809 - INFO - DataFrame montado
2024-10-21 15:08:48,811 - INFO - paginando pagina-66 
2024-10-21 15:09:20,980 - INFO - capturando tabela e convertendo em lista
2024-10-21 15:09:37,491 - INFO - montando DatFrame
2024-10-21 15:09:37,499 - INFO - DataFrame montado
2024-10-21 15:09:37,501 - INFO - paginando pagina-67 
2024-10-21 15:10:08,678 - INFO - capturando tabela e convertendo em lista
2024-10-21 15:10:26,813 - INFO - montando DatFrame
2024-10-21 15:10:26,818 - INFO - DataFrame montado
2024-10-21 15:10:26,819 - INFO - paginando pagina-68 
2024-10-21 15:11:00,046 - INFO - capturando tabela e convertendo em lista
2024-10-21 15:11:18,178 - INFO - montando DatFrame
2024-10-21 15:11:18,184 - INFO - DataFrame montado
2024-10-21 15:11:18,187 - INFO - paginando pagina-69 
2024-10-21 15:11:51,918 - INFO - capturando tabela e convertendo em lista
2024-10-21 15:12:06,761 - INFO - montando DatFrame
2024-10-21 15:12:06,767 - INFO - DataFrame montado
2024-10-21 15:12:06,771 - INFO - paginando pagina-70 
2024-10-21 15:12:42,062 - INFO - capturando tabela e convertendo em lista
2024-10-21 15:12:58,919 - INFO - montando DatFrame
2024-10-21 15:12:58,925 - INFO - DataFrame montado
2024-10-21 15:12:58,927 - INFO - paginando pagina-71 
2024-10-21 15:13:33,395 - INFO - capturando tabela e convertendo em lista
2024-10-21 15:13:49,145 - INFO - montando DatFrame
2024-10-21 15:13:49,151 - INFO - DataFrame montado
2024-10-21 15:13:49,153 - INFO - paginando pagina-72 
2024-10-21 15:14:20,629 - INFO - capturando tabela e convertendo em lista
2024-10-21 15:14:37,879 - INFO - montando DatFrame
2024-10-21 15:14:37,883 - INFO - DataFrame montado
2024-10-21 15:14:37,885 - INFO - paginando pagina-73 
2024-10-21 15:15:09,880 - INFO - capturando tabela e convertendo em lista
2024-10-21 15:15:30,007 - INFO - montando DatFrame
2024-10-21 15:15:30,020 - INFO - DataFrame montado
2024-10-21 15:15:30,024 - INFO - paginando pagina-74 
2024-10-21 15:16:01,364 - INFO - capturando tabela e convertendo em lista
2024-10-21 15:16:19,433 - INFO - montando DatFrame
2024-10-21 15:16:19,438 - INFO - DataFrame montado
2024-10-21 15:16:19,440 - INFO - paginando pagina-75 
2024-10-21 15:16:51,970 - INFO - capturando tabela e convertendo em lista
2024-10-21 15:17:10,658 - INFO - montando DatFrame
2024-10-21 15:17:10,663 - INFO - DataFrame montado
2024-10-21 15:17:10,665 - INFO - paginando pagina-76 
2024-10-21 15:17:42,619 - INFO - capturando tabela e convertendo em lista
2024-10-21 15:17:55,065 - INFO - montando DatFrame
2024-10-21 15:17:55,069 - INFO - DataFrame montado
2024-10-21 15:17:55,071 - INFO - paginando pagina-77 
2024-10-21 15:18:30,947 - INFO - capturando tabela e convertendo em lista
2024-10-21 15:18:42,856 - INFO - montando DatFrame
2024-10-21 15:18:42,861 - INFO - DataFrame montado
2024-10-21 15:18:42,863 - INFO - paginando pagina-78 
2024-10-21 15:19:19,620 - INFO - capturando tabela e convertendo em lista
2024-10-21 15:19:31,782 - INFO - montando DatFrame
2024-10-21 15:19:31,786 - INFO - DataFrame montado
2024-10-21 15:19:31,788 - INFO - paginando pagina-79 
2024-10-21 15:20:04,255 - INFO - capturando tabela e convertendo em lista
2024-10-21 15:20:16,291 - INFO - montando DatFrame
2024-10-21 15:20:16,296 - INFO - DataFrame montado
2024-10-21 15:20:16,298 - INFO - paginando pagina-80 
2024-10-21 15:20:48,167 - INFO - capturando tabela e convertendo em lista
2024-10-21 15:20:59,818 - INFO - montando DatFrame
2024-10-21 15:20:59,822 - INFO - DataFrame montado
2024-10-21 15:20:59,825 - INFO - paginando pagina-81 
2024-10-21 15:21:30,991 - INFO - capturando tabela e convertendo em lista
2024-10-21 15:21:42,708 - INFO - montando DatFrame
2024-10-21 15:21:42,712 - INFO - DataFrame montado
2024-10-21 15:21:42,714 - INFO - paginando pagina-82 
2024-10-21 15:22:14,886 - INFO - capturando tabela e convertendo em lista
2024-10-21 15:22:27,468 - INFO - montando DatFrame
2024-10-21 15:22:27,472 - INFO - DataFrame montado
2024-10-21 15:22:27,474 - INFO - paginando pagina-83 
2024-10-21 15:22:58,328 - INFO - capturando tabela e convertendo em lista
2024-10-21 15:23:10,126 - INFO - montando DatFrame
2024-10-21 15:23:10,130 - INFO - DataFrame montado
2024-10-21 15:23:10,132 - INFO - paginando pagina-84 
2024-10-21 15:23:42,378 - INFO - capturando tabela e convertendo em lista
2024-10-21 15:23:54,161 - INFO - montando DatFrame
2024-10-21 15:23:54,166 - INFO - DataFrame montado
2024-10-21 15:23:54,168 - INFO - paginando pagina-85 
2024-10-21 15:24:30,364 - INFO - capturando tabela e convertendo em lista
2024-10-21 15:24:50,899 - INFO - montando DatFrame
2024-10-21 15:24:50,907 - INFO - DataFrame montado
2024-10-21 15:24:50,911 - INFO - paginando pagina-86 
2024-10-21 15:25:26,530 - INFO - capturando tabela e convertendo em lista
2024-10-21 15:25:43,028 - INFO - montando DatFrame
2024-10-21 15:25:43,032 - INFO - DataFrame montado
2024-10-21 15:25:43,035 - INFO - paginando pagina-87 
2024-10-21 15:26:14,487 - INFO - capturando tabela e convertendo em lista
2024-10-21 15:26:28,258 - INFO - montando DatFrame
2024-10-21 15:26:28,262 - INFO - DataFrame montado
2024-10-21 15:26:28,265 - INFO - paginando pagina-88 
2024-10-21 15:27:00,345 - INFO - capturando tabela e convertendo em lista
2024-10-21 15:27:16,568 - INFO - montando DatFrame
2024-10-21 15:27:16,575 - INFO - DataFrame montado
2024-10-21 15:27:16,577 - INFO - paginando pagina-89 
2024-10-21 15:27:47,582 - INFO - capturando tabela e convertendo em lista
2024-10-21 15:28:01,402 - INFO - montando DatFrame
2024-10-21 15:28:01,410 - INFO - DataFrame montado
2024-10-21 15:28:01,415 - INFO - paginando pagina-90 
2024-10-21 15:28:33,601 - INFO - capturando tabela e convertendo em lista
2024-10-21 15:28:48,972 - INFO - montando DatFrame
2024-10-21 15:28:48,977 - INFO - DataFrame montado
2024-10-21 15:28:48,980 - INFO - paginando pagina-91 
2024-10-21 15:29:20,061 - INFO - capturando tabela e convertendo em lista
2024-10-21 15:29:35,200 - INFO - montando DatFrame
2024-10-21 15:29:35,206 - INFO - DataFrame montado
2024-10-21 15:29:35,209 - INFO - paginando pagina-92 
2024-10-21 15:30:08,560 - INFO - capturando tabela e convertendo em lista
2024-10-21 15:30:21,410 - INFO - montando DatFrame
2024-10-21 15:30:21,415 - INFO - DataFrame montado
2024-10-21 15:30:21,417 - INFO - paginando pagina-93 
2024-10-21 15:30:58,371 - INFO - capturando tabela e convertendo em lista
2024-10-21 15:31:14,954 - INFO - montando DatFrame
2024-10-21 15:31:14,958 - INFO - DataFrame montado
2024-10-21 15:31:14,961 - INFO - paginando pagina-94 
2024-10-21 15:31:49,357 - INFO - capturando tabela e convertendo em lista
2024-10-21 15:32:01,518 - INFO - montando DatFrame
2024-10-21 15:32:01,523 - INFO - DataFrame montado
2024-10-21 15:32:01,525 - INFO - paginando pagina-95 
2024-10-21 15:32:33,393 - INFO - capturando tabela e convertendo em lista
2024-10-21 15:32:50,381 - INFO - montando DatFrame
2024-10-21 15:32:50,391 - INFO - DataFrame montado
2024-10-21 15:32:50,394 - INFO - paginando pagina-96 
2024-10-21 15:33:22,287 - INFO - capturando tabela e convertendo em lista
2024-10-21 15:33:42,505 - INFO - montando DatFrame
2024-10-21 15:33:42,510 - INFO - DataFrame montado
2024-10-21 15:33:42,512 - INFO - paginando pagina-97 
2024-10-21 15:34:13,236 - INFO - capturando tabela e convertendo em lista
2024-10-21 15:34:29,028 - INFO - montando DatFrame
2024-10-21 15:34:29,032 - INFO - DataFrame montado
2024-10-21 15:34:29,034 - INFO - paginando pagina-98 
2024-10-21 15:34:59,732 - INFO - capturando tabela e convertendo em lista
2024-10-21 15:35:12,556 - INFO - montando DatFrame
2024-10-21 15:35:12,560 - INFO - DataFrame montado
2024-10-21 15:35:12,564 - INFO - paginando pagina-99 
2024-10-21 15:35:42,598 - INFO - capturando tabela e convertendo em lista
2024-10-21 15:35:54,792 - INFO - montando DatFrame
2024-10-21 15:35:54,796 - INFO - DataFrame montado
2024-10-21 15:35:54,798 - INFO - paginando pagina-100 
2024-10-21 15:36:28,737 - INFO - capturando tabela e convertendo em lista
2024-10-21 15:36:39,542 - INFO - montando DatFrame
2024-10-21 15:36:39,545 - INFO - DataFrame montado
2024-10-21 15:36:39,550 - INFO - paginando pagina-101 
2024-10-21 15:37:14,390 - INFO - capturando tabela e convertendo em lista
2024-10-21 15:37:25,831 - INFO - montando DatFrame
2024-10-21 15:37:25,834 - INFO - DataFrame montado
2024-10-21 15:37:25,836 - INFO - paginando pagina-102 
2024-10-21 15:37:58,382 - INFO - capturando tabela e convertendo em lista
2024-10-21 15:38:10,048 - INFO - montando DatFrame
2024-10-21 15:38:10,054 - INFO - DataFrame montado
2024-10-21 15:38:10,056 - INFO - paginando pagina-103 
2024-10-21 15:38:41,992 - INFO - capturando tabela e convertendo em lista
2024-10-21 15:38:52,523 - INFO - montando DatFrame
2024-10-21 15:38:52,528 - INFO - DataFrame montado
2024-10-21 15:38:52,530 - INFO - paginando pagina-104 
2024-10-21 15:39:23,351 - INFO - capturando tabela e convertendo em lista
2024-10-21 15:39:35,875 - INFO - montando DatFrame
2024-10-21 15:39:35,886 - INFO - DataFrame montado
2024-10-21 15:39:35,892 - INFO - paginando pagina-105 
2024-10-21 15:40:06,918 - INFO - capturando tabela e convertendo em lista
2024-10-21 15:40:24,092 - INFO - montando DatFrame
2024-10-21 15:40:24,096 - INFO - DataFrame montado
2024-10-21 15:40:24,098 - INFO - paginando pagina-106 
2024-10-21 15:40:54,958 - INFO - capturando tabela e convertendo em lista
2024-10-21 15:41:06,195 - INFO - montando DatFrame
2024-10-21 15:41:06,199 - INFO - DataFrame montado
2024-10-21 15:41:06,201 - INFO - paginando pagina-107 
2024-10-21 15:41:38,967 - INFO - capturando tabela e convertendo em lista
2024-10-21 15:41:51,104 - INFO - montando DatFrame
2024-10-21 15:41:51,110 - INFO - DataFrame montado
2024-10-21 15:41:51,113 - INFO - paginando pagina-108 
2024-10-21 15:42:27,396 - INFO - capturando tabela e convertendo em lista
2024-10-21 15:42:38,171 - INFO - montando DatFrame
2024-10-21 15:42:38,176 - INFO - DataFrame montado
2024-10-21 15:42:38,179 - INFO - paginando pagina-109 
2024-10-21 15:43:14,093 - INFO - capturando tabela e convertendo em lista
2024-10-21 15:43:24,378 - INFO - montando DatFrame
2024-10-21 15:43:24,382 - INFO - DataFrame montado
2024-10-21 15:43:24,385 - INFO - paginando pagina-110 
2024-10-21 15:43:57,412 - INFO - capturando tabela e convertendo em lista
2024-10-21 15:44:08,483 - INFO - montando DatFrame
2024-10-21 15:44:08,486 - INFO - DataFrame montado
2024-10-21 15:44:08,490 - INFO - paginando pagina-111 
2024-10-21 15:44:40,460 - INFO - capturando tabela e convertendo em lista
2024-10-21 15:44:52,653 - INFO - montando DatFrame
2024-10-21 15:44:52,656 - INFO - DataFrame montado
2024-10-21 15:44:52,659 - INFO - paginando pagina-112 
2024-10-21 15:45:24,732 - INFO - capturando tabela e convertendo em lista
2024-10-21 15:45:35,996 - INFO - montando DatFrame
2024-10-21 15:45:36,001 - INFO - DataFrame montado
2024-10-21 15:45:36,006 - INFO - paginando pagina-113 
2024-10-21 15:46:07,544 - INFO - capturando tabela e convertendo em lista
2024-10-21 15:46:23,362 - INFO - montando DatFrame
2024-10-21 15:46:23,367 - INFO - DataFrame montado
2024-10-21 15:46:23,371 - INFO - paginando pagina-114 
2024-10-21 15:46:53,811 - INFO - capturando tabela e convertendo em lista
2024-10-21 15:47:06,909 - INFO - montando DatFrame
2024-10-21 15:47:06,914 - INFO - DataFrame montado
2024-10-21 15:47:06,917 - INFO - paginando pagina-115 
2024-10-21 15:47:37,750 - INFO - capturando tabela e convertendo em lista
2024-10-21 15:47:49,857 - INFO - montando DatFrame
2024-10-21 15:47:49,861 - INFO - DataFrame montado
2024-10-21 15:47:49,864 - INFO - paginando pagina-116 
2024-10-21 15:48:24,958 - INFO - capturando tabela e convertendo em lista
2024-10-21 15:48:35,667 - INFO - montando DatFrame
2024-10-21 15:48:35,672 - INFO - DataFrame montado
2024-10-21 15:48:35,674 - INFO - paginando pagina-117 
2024-10-21 15:49:10,934 - INFO - capturando tabela e convertendo em lista
2024-10-21 15:49:23,760 - INFO - montando DatFrame
2024-10-21 15:49:23,764 - INFO - DataFrame montado
2024-10-21 15:49:23,767 - INFO - paginando pagina-118 
2024-10-21 15:49:56,045 - INFO - capturando tabela e convertendo em lista
2024-10-21 15:50:06,522 - INFO - montando DatFrame
2024-10-21 15:50:06,527 - INFO - DataFrame montado
2024-10-21 15:50:06,530 - INFO - paginando pagina-119 
2024-10-21 15:50:38,117 - INFO - capturando tabela e convertendo em lista
2024-10-21 15:50:48,825 - INFO - montando DatFrame
2024-10-21 15:50:48,829 - INFO - DataFrame montado
2024-10-21 15:50:48,832 - INFO - paginando pagina-120 
2024-10-21 15:51:19,691 - INFO - capturando tabela e convertendo em lista
2024-10-21 15:51:29,472 - INFO - montando DatFrame
2024-10-21 15:51:29,476 - INFO - DataFrame montado
2024-10-21 15:51:29,479 - INFO - paginando pagina-121 
2024-10-21 15:52:01,506 - INFO - capturando tabela e convertendo em lista
2024-10-21 15:52:10,537 - INFO - montando DatFrame
2024-10-21 15:52:10,541 - INFO - DataFrame montado
2024-10-21 15:52:10,544 - INFO - paginando pagina-122 
2024-10-21 15:52:41,903 - INFO - capturando tabela e convertendo em lista
2024-10-21 15:52:51,677 - INFO - montando DatFrame
2024-10-21 15:52:51,681 - INFO - DataFrame montado
2024-10-21 15:52:51,683 - INFO - paginando pagina-123 
2024-10-21 15:53:25,267 - INFO - capturando tabela e convertendo em lista
2024-10-21 15:53:34,430 - INFO - montando DatFrame
2024-10-21 15:53:34,434 - INFO - DataFrame montado
2024-10-21 15:53:34,437 - INFO - paginando pagina-124 
2024-10-21 15:54:09,652 - INFO - capturando tabela e convertendo em lista
2024-10-21 15:54:18,950 - INFO - montando DatFrame
2024-10-21 15:54:18,953 - INFO - DataFrame montado
2024-10-21 15:54:18,956 - INFO - paginando pagina-125 
2024-10-21 15:54:54,461 - INFO - capturando tabela e convertendo em lista
2024-10-21 15:55:03,554 - INFO - montando DatFrame
2024-10-21 15:55:03,557 - INFO - DataFrame montado
2024-10-21 15:55:03,561 - INFO - paginando pagina-126 
2024-10-21 15:55:40,091 - INFO - capturando tabela e convertendo em lista
2024-10-21 15:55:48,887 - INFO - montando DatFrame
2024-10-21 15:55:48,891 - INFO - DataFrame montado
2024-10-21 15:55:48,894 - INFO - paginando pagina-127 
2024-10-21 15:56:21,748 - INFO - capturando tabela e convertendo em lista
2024-10-21 15:56:30,709 - INFO - montando DatFrame
2024-10-21 15:56:30,714 - INFO - DataFrame montado
2024-10-21 15:56:30,717 - INFO - paginando pagina-128 
2024-10-21 15:57:02,601 - INFO - capturando tabela e convertendo em lista
2024-10-21 15:57:11,529 - INFO - montando DatFrame
2024-10-21 15:57:11,533 - INFO - DataFrame montado
2024-10-21 15:57:11,536 - INFO - paginando pagina-129 
2024-10-21 15:57:43,022 - INFO - capturando tabela e convertendo em lista
2024-10-21 15:57:52,482 - INFO - montando DatFrame
2024-10-21 15:57:52,488 - INFO - DataFrame montado
2024-10-21 15:57:52,492 - INFO - paginando pagina-130 
2024-10-21 15:58:23,216 - INFO - capturando tabela e convertendo em lista
2024-10-21 15:58:32,409 - INFO - montando DatFrame
2024-10-21 15:58:32,412 - INFO - DataFrame montado
2024-10-21 15:58:32,415 - INFO - paginando pagina-131 
2024-10-21 15:59:04,144 - INFO - capturando tabela e convertendo em lista
2024-10-21 15:59:13,806 - INFO - montando DatFrame
2024-10-21 15:59:13,809 - INFO - DataFrame montado
2024-10-21 15:59:13,812 - INFO - paginando pagina-132 
2024-10-21 15:59:47,088 - INFO - capturando tabela e convertendo em lista
2024-10-21 15:59:56,054 - INFO - montando DatFrame
2024-10-21 15:59:56,058 - INFO - DataFrame montado
2024-10-21 15:59:56,061 - INFO - paginando pagina-133 
2024-10-21 16:00:31,483 - INFO - capturando tabela e convertendo em lista
2024-10-21 16:00:41,634 - INFO - montando DatFrame
2024-10-21 16:00:41,638 - INFO - DataFrame montado
2024-10-21 16:00:41,641 - INFO - paginando pagina-134 
2024-10-21 16:01:17,452 - INFO - capturando tabela e convertendo em lista
2024-10-21 16:01:26,410 - INFO - montando DatFrame
2024-10-21 16:01:26,414 - INFO - DataFrame montado
2024-10-21 16:01:26,418 - INFO - paginando pagina-135 
2024-10-21 16:01:58,130 - INFO - capturando tabela e convertendo em lista
2024-10-21 16:02:07,550 - INFO - montando DatFrame
2024-10-21 16:02:07,556 - INFO - DataFrame montado
2024-10-21 16:02:07,559 - INFO - paginando pagina-136 
2024-10-21 16:02:40,177 - INFO - capturando tabela e convertendo em lista
2024-10-21 16:02:49,837 - INFO - montando DatFrame
2024-10-21 16:02:49,841 - INFO - DataFrame montado
2024-10-21 16:02:49,844 - INFO - paginando pagina-137 
2024-10-21 16:03:20,782 - INFO - capturando tabela e convertendo em lista
2024-10-21 16:03:30,656 - INFO - montando DatFrame
2024-10-21 16:03:30,661 - INFO - DataFrame montado
2024-10-21 16:03:30,664 - INFO - paginando pagina-138 
2024-10-21 16:04:02,451 - INFO - capturando tabela e convertendo em lista
2024-10-21 16:04:12,066 - INFO - montando DatFrame
2024-10-21 16:04:12,069 - INFO - DataFrame montado
2024-10-21 16:04:12,072 - INFO - paginando pagina-139 
2024-10-21 16:04:43,823 - INFO - capturando tabela e convertendo em lista
2024-10-21 16:04:52,970 - INFO - montando DatFrame
2024-10-21 16:04:52,974 - INFO - DataFrame montado
2024-10-21 16:04:52,977 - INFO - paginando pagina-140 
2024-10-21 16:05:23,900 - INFO - capturando tabela e convertendo em lista
2024-10-21 16:05:33,525 - INFO - montando DatFrame
2024-10-21 16:05:33,528 - INFO - DataFrame montado
2024-10-21 16:05:33,532 - INFO - paginando pagina-141 
2024-10-21 16:06:07,014 - INFO - capturando tabela e convertendo em lista
2024-10-21 16:06:16,487 - INFO - montando DatFrame
2024-10-21 16:06:16,492 - INFO - DataFrame montado
2024-10-21 16:06:16,495 - INFO - paginando pagina-142 
2024-10-21 16:06:51,366 - INFO - capturando tabela e convertendo em lista
2024-10-21 16:07:01,571 - INFO - montando DatFrame
2024-10-21 16:07:01,576 - INFO - DataFrame montado
2024-10-21 16:07:01,579 - INFO - paginando pagina-143 
2024-10-21 16:07:35,971 - INFO - capturando tabela e convertendo em lista
2024-10-21 16:07:45,528 - INFO - montando DatFrame
2024-10-21 16:07:45,532 - INFO - DataFrame montado
2024-10-21 16:07:45,535 - INFO - paginando pagina-144 
2024-10-21 16:08:16,544 - INFO - capturando tabela e convertendo em lista
2024-10-21 16:08:25,855 - INFO - montando DatFrame
2024-10-21 16:08:25,859 - INFO - DataFrame montado
2024-10-21 16:08:25,862 - INFO - paginando pagina-145 
2024-10-21 16:08:58,069 - INFO - capturando tabela e convertendo em lista
2024-10-21 16:09:08,070 - INFO - montando DatFrame
2024-10-21 16:09:08,074 - INFO - DataFrame montado
2024-10-21 16:09:08,077 - INFO - paginando pagina-146 
2024-10-21 16:09:39,551 - INFO - capturando tabela e convertendo em lista
2024-10-21 16:09:48,794 - INFO - montando DatFrame
2024-10-21 16:09:48,798 - INFO - DataFrame montado
2024-10-21 16:09:48,801 - INFO - paginando pagina-147 
2024-10-21 16:10:20,184 - INFO - capturando tabela e convertendo em lista
2024-10-21 16:10:30,217 - INFO - montando DatFrame
2024-10-21 16:10:30,220 - INFO - DataFrame montado
2024-10-21 16:10:30,224 - INFO - paginando pagina-148 
2024-10-21 16:11:01,208 - INFO - capturando tabela e convertendo em lista
2024-10-21 16:11:10,899 - INFO - montando DatFrame
2024-10-21 16:11:10,903 - INFO - DataFrame montado
2024-10-21 16:11:10,907 - INFO - paginando pagina-149 
2024-10-21 16:11:41,532 - INFO - capturando tabela e convertendo em lista
2024-10-21 16:11:50,786 - INFO - montando DatFrame
2024-10-21 16:11:50,791 - INFO - DataFrame montado
2024-10-21 16:11:50,795 - INFO - paginando pagina-150 
2024-10-21 16:12:25,537 - INFO - capturando tabela e convertendo em lista
2024-10-21 16:12:35,319 - INFO - montando DatFrame
2024-10-21 16:12:35,325 - INFO - DataFrame montado
2024-10-21 16:12:35,327 - INFO - paginando pagina-151 
2024-10-21 16:13:11,402 - INFO - capturando tabela e convertendo em lista
2024-10-21 16:13:20,660 - INFO - montando DatFrame
2024-10-21 16:13:20,665 - INFO - DataFrame montado
2024-10-21 16:13:20,669 - INFO - paginando pagina-152 
2024-10-21 16:13:53,313 - INFO - capturando tabela e convertendo em lista
2024-10-21 16:14:08,391 - INFO - montando DatFrame
2024-10-21 16:14:08,397 - INFO - DataFrame montado
2024-10-21 16:14:08,401 - INFO - paginando pagina-153 
2024-10-21 16:14:39,762 - INFO - capturando tabela e convertendo em lista
2024-10-21 16:14:49,202 - INFO - montando DatFrame
2024-10-21 16:14:49,206 - INFO - DataFrame montado
2024-10-21 16:14:49,210 - INFO - paginando pagina-154 
2024-10-21 16:15:20,755 - INFO - capturando tabela e convertendo em lista
2024-10-21 16:15:30,960 - INFO - montando DatFrame
2024-10-21 16:15:30,964 - INFO - DataFrame montado
2024-10-21 16:15:30,967 - INFO - paginando pagina-155 
2024-10-21 16:16:02,159 - INFO - capturando tabela e convertendo em lista
2024-10-21 16:16:11,397 - INFO - montando DatFrame
2024-10-21 16:16:11,401 - INFO - DataFrame montado
2024-10-21 16:16:11,404 - INFO - paginando pagina-156 
2024-10-21 16:16:43,202 - INFO - capturando tabela e convertendo em lista
2024-10-21 16:16:53,090 - INFO - montando DatFrame
2024-10-21 16:16:53,095 - INFO - DataFrame montado
2024-10-21 16:16:53,101 - INFO - paginando pagina-157 
2024-10-21 16:16:53,442 - INFO - Caiu as: 2024-10-21 16:16:53.442636 - na pagina 157
2024-10-21 16:16:56,307 - INFO - Iniciando navegador
2024-10-21 16:17:01,046 - INFO - acessando SUAP
2024-10-21 16:17:02,107 - INFO - inserindo nome e senha
2024-10-21 16:17:10,924 - INFO - Retomou as: 2024-10-21 16:17:10.924494 na pagina 157
2024-10-21 16:17:43,235 - INFO - capturando tabela e convertendo em lista
2024-10-21 16:17:53,270 - INFO - montando DatFrame
2024-10-21 16:17:53,275 - INFO - DataFrame montado
2024-10-21 16:17:53,279 - INFO - pagina pos erro - 158
2024-10-21 16:17:53,279 - INFO - paginando pagina-158 
2024-10-21 16:18:28,315 - INFO - capturando tabela e convertendo em lista
2024-10-21 16:18:37,728 - INFO - montando DatFrame
2024-10-21 16:18:37,732 - INFO - DataFrame montado
2024-10-21 16:18:37,736 - INFO - paginando pagina-159 
2024-10-21 16:19:12,510 - INFO - capturando tabela e convertendo em lista
2024-10-21 16:19:22,543 - INFO - montando DatFrame
2024-10-21 16:19:22,547 - INFO - DataFrame montado
2024-10-21 16:19:22,550 - INFO - paginando pagina-160 
2024-10-21 16:19:53,796 - INFO - capturando tabela e convertendo em lista
2024-10-21 16:20:03,808 - INFO - montando DatFrame
2024-10-21 16:20:03,812 - INFO - DataFrame montado
2024-10-21 16:20:03,816 - INFO - paginando pagina-161 
2024-10-21 16:20:35,521 - INFO - capturando tabela e convertendo em lista
2024-10-21 16:20:45,276 - INFO - montando DatFrame
2024-10-21 16:20:45,281 - INFO - DataFrame montado
2024-10-21 16:20:45,285 - INFO - paginando pagina-162 
2024-10-21 16:21:16,711 - INFO - capturando tabela e convertendo em lista
2024-10-21 16:21:26,256 - INFO - montando DatFrame
2024-10-21 16:21:26,259 - INFO - DataFrame montado
2024-10-21 16:21:26,262 - INFO - paginando pagina-163 
2024-10-21 16:21:57,570 - INFO - capturando tabela e convertendo em lista
2024-10-21 16:22:08,704 - INFO - montando DatFrame
2024-10-21 16:22:08,709 - INFO - DataFrame montado
2024-10-21 16:22:08,713 - INFO - paginando pagina-164 
2024-10-21 16:22:39,849 - INFO - capturando tabela e convertendo em lista
2024-10-21 16:22:49,652 - INFO - montando DatFrame
2024-10-21 16:22:49,656 - INFO - DataFrame montado
2024-10-21 16:22:49,659 - INFO - paginando pagina-165 
2024-10-21 16:23:20,777 - INFO - capturando tabela e convertendo em lista
2024-10-21 16:23:30,820 - INFO - montando DatFrame
2024-10-21 16:23:30,823 - INFO - DataFrame montado
2024-10-21 16:23:30,826 - INFO - paginando pagina-166 
2024-10-21 16:24:05,380 - INFO - capturando tabela e convertendo em lista
2024-10-21 16:24:14,615 - INFO - montando DatFrame
2024-10-21 16:24:14,620 - INFO - DataFrame montado
2024-10-21 16:24:14,624 - INFO - paginando pagina-167 
2024-10-21 16:24:50,491 - INFO - capturando tabela e convertendo em lista
2024-10-21 16:25:03,176 - INFO - montando DatFrame
2024-10-21 16:25:03,182 - INFO - DataFrame montado
2024-10-21 16:25:03,186 - INFO - paginando pagina-168 
2024-10-21 16:25:36,630 - INFO - capturando tabela e convertendo em lista
2024-10-21 16:25:47,483 - INFO - montando DatFrame
2024-10-21 16:25:47,487 - INFO - DataFrame montado
2024-10-21 16:25:47,491 - INFO - paginando pagina-169 
2024-10-21 16:26:18,450 - INFO - capturando tabela e convertendo em lista
2024-10-21 16:26:30,064 - INFO - montando DatFrame
2024-10-21 16:26:30,068 - INFO - DataFrame montado
2024-10-21 16:26:30,072 - INFO - paginando pagina-170 
2024-10-21 16:27:01,516 - INFO - capturando tabela e convertendo em lista
2024-10-21 16:27:12,691 - INFO - montando DatFrame
2024-10-21 16:27:12,697 - INFO - DataFrame montado
2024-10-21 16:27:12,701 - INFO - paginando pagina-171 
2024-10-21 16:27:43,249 - INFO - capturando tabela e convertendo em lista
2024-10-21 16:27:53,847 - INFO - montando DatFrame
2024-10-21 16:27:53,851 - INFO - DataFrame montado
2024-10-21 16:27:53,854 - INFO - paginando pagina-172 
2024-10-21 16:28:25,997 - INFO - capturando tabela e convertendo em lista
2024-10-21 16:28:37,117 - INFO - montando DatFrame
2024-10-21 16:28:37,121 - INFO - DataFrame montado
2024-10-21 16:28:37,124 - INFO - paginando pagina-173 
2024-10-21 16:29:10,492 - INFO - capturando tabela e convertendo em lista
2024-10-21 16:29:21,249 - INFO - montando DatFrame
2024-10-21 16:29:21,253 - INFO - DataFrame montado
2024-10-21 16:29:21,257 - INFO - paginando pagina-174 
2024-10-21 16:29:54,006 - INFO - capturando tabela e convertendo em lista
2024-10-21 16:30:04,600 - INFO - montando DatFrame
2024-10-21 16:30:04,605 - INFO - DataFrame montado
2024-10-21 16:30:04,609 - INFO - paginando pagina-175 
2024-10-21 16:30:40,688 - INFO - capturando tabela e convertendo em lista
2024-10-21 16:30:52,096 - INFO - montando DatFrame
2024-10-21 16:30:52,106 - INFO - DataFrame montado
2024-10-21 16:30:52,114 - INFO - paginando pagina-176 
2024-10-21 16:31:27,367 - INFO - capturando tabela e convertendo em lista
2024-10-21 16:31:39,008 - INFO - montando DatFrame
2024-10-21 16:31:39,012 - INFO - DataFrame montado
2024-10-21 16:31:39,017 - INFO - paginando pagina-177 
2024-10-21 16:32:09,616 - INFO - capturando tabela e convertendo em lista
2024-10-21 16:32:20,813 - INFO - montando DatFrame
2024-10-21 16:32:20,817 - INFO - DataFrame montado
2024-10-21 16:32:20,821 - INFO - paginando pagina-178 
2024-10-21 16:32:53,282 - INFO - capturando tabela e convertendo em lista
2024-10-21 16:33:04,064 - INFO - montando DatFrame
2024-10-21 16:33:04,069 - INFO - DataFrame montado
2024-10-21 16:33:04,073 - INFO - paginando pagina-179 
2024-10-21 16:33:37,683 - INFO - capturando tabela e convertendo em lista
2024-10-21 16:33:48,116 - INFO - montando DatFrame
2024-10-21 16:33:48,120 - INFO - DataFrame montado
2024-10-21 16:33:48,124 - INFO - paginando pagina-180 
2024-10-21 16:34:20,744 - INFO - capturando tabela e convertendo em lista
2024-10-21 16:34:31,738 - INFO - montando DatFrame
2024-10-21 16:34:31,742 - INFO - DataFrame montado
2024-10-21 16:34:31,747 - INFO - paginando pagina-181 
2024-10-21 16:35:02,800 - INFO - capturando tabela e convertendo em lista
2024-10-21 16:35:13,966 - INFO - montando DatFrame
2024-10-21 16:35:13,972 - INFO - DataFrame montado
2024-10-21 16:35:13,977 - INFO - paginando pagina-182 
2024-10-21 16:35:43,169 - INFO - capturando tabela e convertendo em lista
2024-10-21 16:35:53,657 - INFO - montando DatFrame
2024-10-21 16:35:53,661 - INFO - DataFrame montado
2024-10-21 16:35:53,665 - INFO - paginando pagina-183 
2024-10-21 16:36:25,126 - INFO - capturando tabela e convertendo em lista
2024-10-21 16:36:36,249 - INFO - montando DatFrame
2024-10-21 16:36:36,255 - INFO - DataFrame montado
2024-10-21 16:36:36,258 - INFO - paginando pagina-184 
2024-10-21 16:37:10,852 - INFO - capturando tabela e convertendo em lista
2024-10-21 16:37:21,622 - INFO - montando DatFrame
2024-10-21 16:37:21,629 - INFO - DataFrame montado
2024-10-21 16:37:21,635 - INFO - paginando pagina-185 
2024-10-21 16:37:52,358 - INFO - capturando tabela e convertendo em lista
2024-10-21 16:38:03,224 - INFO - montando DatFrame
2024-10-21 16:38:03,228 - INFO - DataFrame montado
2024-10-21 16:38:03,233 - INFO - paginando pagina-186 
2024-10-21 16:38:35,773 - INFO - capturando tabela e convertendo em lista
2024-10-21 16:38:46,481 - INFO - montando DatFrame
2024-10-21 16:38:46,485 - INFO - DataFrame montado
2024-10-21 16:38:46,489 - INFO - paginando pagina-187 
2024-10-21 16:39:17,970 - INFO - capturando tabela e convertendo em lista
2024-10-21 16:39:29,281 - INFO - montando DatFrame
2024-10-21 16:39:29,286 - INFO - DataFrame montado
2024-10-21 16:39:29,291 - INFO - paginando pagina-188 
2024-10-21 16:40:02,501 - INFO - capturando tabela e convertendo em lista
2024-10-21 16:40:13,792 - INFO - montando DatFrame
2024-10-21 16:40:13,795 - INFO - DataFrame montado
2024-10-21 16:40:13,799 - INFO - paginando pagina-189 
2024-10-21 16:40:45,445 - INFO - capturando tabela e convertendo em lista
2024-10-21 16:40:54,894 - INFO - montando DatFrame
2024-10-21 16:40:54,898 - INFO - DataFrame montado
2024-10-21 16:40:54,902 - INFO - paginando pagina-190 
2024-10-21 16:41:26,048 - INFO - capturando tabela e convertendo em lista
2024-10-21 16:41:35,762 - INFO - montando DatFrame
2024-10-21 16:41:35,765 - INFO - DataFrame montado
2024-10-21 16:41:35,770 - INFO - paginando pagina-191 
2024-10-21 16:42:07,783 - INFO - capturando tabela e convertendo em lista
2024-10-21 16:42:17,556 - INFO - montando DatFrame
2024-10-21 16:42:17,560 - INFO - DataFrame montado
2024-10-21 16:42:17,563 - INFO - paginando pagina-192 
2024-10-21 16:42:49,751 - INFO - capturando tabela e convertendo em lista
2024-10-21 16:42:59,555 - INFO - montando DatFrame
2024-10-21 16:42:59,559 - INFO - DataFrame montado
2024-10-21 16:42:59,563 - INFO - paginando pagina-193 
2024-10-21 16:43:39,143 - INFO - capturando tabela e convertendo em lista
2024-10-21 16:43:48,550 - INFO - montando DatFrame
2024-10-21 16:43:48,554 - INFO - DataFrame montado
2024-10-21 16:43:48,559 - INFO - paginando pagina-194 
2024-10-21 16:44:23,127 - INFO - capturando tabela e convertendo em lista
2024-10-21 16:44:32,756 - INFO - montando DatFrame
2024-10-21 16:44:32,761 - INFO - DataFrame montado
2024-10-21 16:44:32,766 - INFO - paginando pagina-195 
2024-10-21 16:45:04,419 - INFO - capturando tabela e convertendo em lista
2024-10-21 16:45:14,206 - INFO - montando DatFrame
2024-10-21 16:45:14,210 - INFO - DataFrame montado
2024-10-21 16:45:14,214 - INFO - paginando pagina-196 
2024-10-21 16:45:46,924 - INFO - capturando tabela e convertendo em lista
2024-10-21 16:45:56,327 - INFO - montando DatFrame
2024-10-21 16:45:56,331 - INFO - DataFrame montado
2024-10-21 16:45:56,334 - INFO - paginando pagina-197 
2024-10-21 16:46:29,362 - INFO - capturando tabela e convertendo em lista
2024-10-21 16:46:38,553 - INFO - montando DatFrame
2024-10-21 16:46:38,557 - INFO - DataFrame montado
2024-10-21 16:46:38,562 - INFO - paginando pagina-198 
2024-10-21 16:47:10,228 - INFO - capturando tabela e convertendo em lista
2024-10-21 16:47:19,586 - INFO - montando DatFrame
2024-10-21 16:47:19,590 - INFO - DataFrame montado
2024-10-21 16:47:19,594 - INFO - paginando pagina-199 
2024-10-21 16:47:51,948 - INFO - capturando tabela e convertendo em lista
2024-10-21 16:48:02,004 - INFO - montando DatFrame
2024-10-21 16:48:02,009 - INFO - DataFrame montado
2024-10-21 16:48:02,014 - INFO - paginando pagina-200 
2024-10-21 16:48:33,384 - INFO - capturando tabela e convertendo em lista
2024-10-21 16:48:42,835 - INFO - montando DatFrame
2024-10-21 16:48:42,838 - INFO - DataFrame montado
2024-10-21 16:48:42,843 - INFO - paginando pagina-201 
2024-10-21 16:49:17,987 - INFO - capturando tabela e convertendo em lista
2024-10-21 16:49:38,959 - INFO - montando DatFrame
2024-10-21 16:49:38,965 - INFO - DataFrame montado
2024-10-21 16:49:38,973 - INFO - paginando pagina-202 
2024-10-21 16:50:15,131 - INFO - capturando tabela e convertendo em lista
2024-10-21 16:50:30,164 - INFO - montando DatFrame
2024-10-21 16:50:30,169 - INFO - DataFrame montado
2024-10-21 16:50:30,176 - INFO - paginando pagina-203 
2024-10-21 16:51:02,566 - INFO - capturando tabela e convertendo em lista
2024-10-21 16:51:16,531 - INFO - montando DatFrame
2024-10-21 16:51:16,536 - INFO - DataFrame montado
2024-10-21 16:51:16,541 - INFO - paginando pagina-204 
2024-10-21 16:51:48,443 - INFO - capturando tabela e convertendo em lista
2024-10-21 16:52:01,791 - INFO - montando DatFrame
2024-10-21 16:52:01,798 - INFO - DataFrame montado
2024-10-21 16:52:01,804 - INFO - paginando pagina-205 
2024-10-21 16:52:32,883 - INFO - capturando tabela e convertendo em lista
2024-10-21 16:52:47,126 - INFO - montando DatFrame
2024-10-21 16:52:47,139 - INFO - DataFrame montado
2024-10-21 16:52:47,150 - INFO - paginando pagina-206 
2024-10-21 16:53:24,516 - INFO - capturando tabela e convertendo em lista
2024-10-21 16:53:40,965 - INFO - montando DatFrame
2024-10-21 16:53:40,970 - INFO - DataFrame montado
2024-10-21 16:53:40,974 - INFO - paginando pagina-207 
2024-10-21 16:54:14,781 - INFO - capturando tabela e convertendo em lista
2024-10-21 16:54:26,604 - INFO - montando DatFrame
2024-10-21 16:54:26,609 - INFO - DataFrame montado
2024-10-21 16:54:26,613 - INFO - paginando pagina-208 
2024-10-21 16:55:00,493 - INFO - capturando tabela e convertendo em lista
2024-10-21 16:55:11,388 - INFO - montando DatFrame
2024-10-21 16:55:11,392 - INFO - DataFrame montado
2024-10-21 16:55:11,398 - INFO - paginando pagina-209 
2024-10-21 16:55:46,683 - INFO - capturando tabela e convertendo em lista
2024-10-21 16:55:57,668 - INFO - montando DatFrame
2024-10-21 16:55:57,673 - INFO - DataFrame montado
2024-10-21 16:55:57,677 - INFO - paginando pagina-210 
2024-10-21 16:56:32,498 - INFO - capturando tabela e convertendo em lista
2024-10-21 16:56:43,599 - INFO - montando DatFrame
2024-10-21 16:56:43,604 - INFO - DataFrame montado
2024-10-21 16:56:43,608 - INFO - paginando pagina-211 
2024-10-21 16:57:15,206 - INFO - capturando tabela e convertendo em lista
2024-10-21 16:57:27,276 - INFO - montando DatFrame
2024-10-21 16:57:27,280 - INFO - DataFrame montado
2024-10-21 16:57:27,284 - INFO - paginando pagina-212 
2024-10-21 16:57:59,273 - INFO - capturando tabela e convertendo em lista
2024-10-21 16:58:10,917 - INFO - montando DatFrame
2024-10-21 16:58:10,921 - INFO - DataFrame montado
2024-10-21 16:58:10,925 - INFO - paginando pagina-213 
2024-10-21 16:58:42,924 - INFO - capturando tabela e convertendo em lista
2024-10-21 16:58:53,972 - INFO - montando DatFrame
2024-10-21 16:58:53,977 - INFO - DataFrame montado
2024-10-21 16:58:53,983 - INFO - paginando pagina-214 
2024-10-21 16:59:25,741 - INFO - capturando tabela e convertendo em lista
2024-10-21 16:59:36,318 - INFO - montando DatFrame
2024-10-21 16:59:36,321 - INFO - DataFrame montado
2024-10-21 16:59:36,326 - INFO - paginando pagina-215 
2024-10-21 17:00:05,831 - INFO - capturando tabela e convertendo em lista
2024-10-21 17:00:14,487 - INFO - montando DatFrame
2024-10-21 17:00:14,491 - INFO - DataFrame montado
2024-10-21 17:00:14,497 - INFO - paginando pagina-216 
2024-10-21 17:00:39,318 - INFO - acabaram as paginas
2024-10-21 17:00:39,318 - INFO - Extracao finalizada as: 2024-10-21 17:00:39.318266 na pagina 216
2024-10-21 17:00:39,392 - INFO - exportando arquivo .xlsx
2024-10-21 17:00:47,696 - INFO - iniciando extarção campus cbja_suap
2024-10-21 17:00:47,781 - INFO - Iniciando navegador
2024-10-21 17:00:55,223 - INFO - acessando SUAP
2024-10-21 17:00:56,333 - INFO - inserindo nome e senha
2024-10-21 17:01:05,208 - INFO - preparando url search params 
2024-10-21 17:01:05,208 - INFO - paginando pagina-1 
2024-10-21 17:01:36,624 - INFO - capturando tabela e convertendo em lista
2024-10-21 17:01:47,492 - INFO - montando DatFrame
2024-10-21 17:01:47,496 - INFO - DataFrame montado
2024-10-21 17:01:47,497 - INFO - paginando pagina-2 
2024-10-21 17:02:18,192 - INFO - capturando tabela e convertendo em lista
2024-10-21 17:02:29,357 - INFO - montando DatFrame
2024-10-21 17:02:29,364 - INFO - DataFrame montado
2024-10-21 17:02:29,365 - INFO - paginando pagina-3 
2024-10-21 17:02:59,941 - INFO - capturando tabela e convertendo em lista
2024-10-21 17:03:11,420 - INFO - montando DatFrame
2024-10-21 17:03:11,427 - INFO - DataFrame montado
2024-10-21 17:03:11,429 - INFO - paginando pagina-4 
2024-10-21 17:03:40,758 - INFO - capturando tabela e convertendo em lista
2024-10-21 17:03:52,054 - INFO - montando DatFrame
2024-10-21 17:03:52,059 - INFO - DataFrame montado
2024-10-21 17:03:52,060 - INFO - paginando pagina-5 
2024-10-21 17:04:22,493 - INFO - capturando tabela e convertendo em lista
2024-10-21 17:04:33,973 - INFO - montando DatFrame
2024-10-21 17:04:33,978 - INFO - DataFrame montado
2024-10-21 17:04:33,979 - INFO - paginando pagina-6 
2024-10-21 17:05:04,941 - INFO - capturando tabela e convertendo em lista
2024-10-21 17:05:16,650 - INFO - montando DatFrame
2024-10-21 17:05:16,655 - INFO - DataFrame montado
2024-10-21 17:05:16,655 - INFO - paginando pagina-7 
2024-10-21 17:05:47,752 - INFO - capturando tabela e convertendo em lista
2024-10-21 17:05:59,417 - INFO - montando DatFrame
2024-10-21 17:05:59,420 - INFO - DataFrame montado
2024-10-21 17:05:59,421 - INFO - paginando pagina-8 
2024-10-21 17:06:30,050 - INFO - capturando tabela e convertendo em lista
2024-10-21 17:06:40,959 - INFO - montando DatFrame
2024-10-21 17:06:40,964 - INFO - DataFrame montado
2024-10-21 17:06:40,966 - INFO - paginando pagina-9 
2024-10-21 17:07:12,592 - INFO - capturando tabela e convertendo em lista
2024-10-21 17:07:23,084 - INFO - montando DatFrame
2024-10-21 17:07:23,087 - INFO - DataFrame montado
2024-10-21 17:07:23,088 - INFO - paginando pagina-10 
2024-10-21 17:07:54,849 - INFO - capturando tabela e convertendo em lista
2024-10-21 17:08:06,267 - INFO - montando DatFrame
2024-10-21 17:08:06,272 - INFO - DataFrame montado
2024-10-21 17:08:06,273 - INFO - paginando pagina-11 
2024-10-21 17:08:39,330 - INFO - capturando tabela e convertendo em lista
2024-10-21 17:08:50,277 - INFO - montando DatFrame
2024-10-21 17:08:50,284 - INFO - DataFrame montado
2024-10-21 17:08:50,285 - INFO - paginando pagina-12 
2024-10-21 17:09:20,926 - INFO - capturando tabela e convertendo em lista
2024-10-21 17:09:31,387 - INFO - montando DatFrame
2024-10-21 17:09:31,392 - INFO - DataFrame montado
2024-10-21 17:09:31,392 - INFO - paginando pagina-13 
2024-10-21 17:10:00,881 - INFO - capturando tabela e convertendo em lista
2024-10-21 17:10:14,472 - INFO - montando DatFrame
2024-10-21 17:10:14,476 - INFO - DataFrame montado
2024-10-21 17:10:14,477 - INFO - paginando pagina-14 
2024-10-21 17:10:45,344 - INFO - capturando tabela e convertendo em lista
2024-10-21 17:10:57,333 - INFO - montando DatFrame
2024-10-21 17:10:57,338 - INFO - DataFrame montado
2024-10-21 17:10:57,339 - INFO - paginando pagina-15 
2024-10-21 17:11:28,390 - INFO - capturando tabela e convertendo em lista
2024-10-21 17:11:38,008 - INFO - montando DatFrame
2024-10-21 17:11:38,012 - INFO - DataFrame montado
2024-10-21 17:11:38,013 - INFO - paginando pagina-16 
2024-10-21 17:12:08,452 - INFO - capturando tabela e convertendo em lista
2024-10-21 17:12:18,559 - INFO - montando DatFrame
2024-10-21 17:12:18,563 - INFO - DataFrame montado
2024-10-21 17:12:18,564 - INFO - paginando pagina-17 
2024-10-21 17:12:48,966 - INFO - capturando tabela e convertendo em lista
2024-10-21 17:12:59,124 - INFO - montando DatFrame
2024-10-21 17:12:59,127 - INFO - DataFrame montado
2024-10-21 17:12:59,128 - INFO - paginando pagina-18 
2024-10-21 17:13:29,837 - INFO - capturando tabela e convertendo em lista
2024-10-21 17:13:40,672 - INFO - montando DatFrame
2024-10-21 17:13:40,676 - INFO - DataFrame montado
2024-10-21 17:13:40,677 - INFO - paginando pagina-19 
2024-10-21 17:14:10,803 - INFO - capturando tabela e convertendo em lista
2024-10-21 17:14:21,207 - INFO - montando DatFrame
2024-10-21 17:14:21,210 - INFO - DataFrame montado
2024-10-21 17:14:21,211 - INFO - paginando pagina-20 
2024-10-21 17:14:51,385 - INFO - capturando tabela e convertendo em lista
2024-10-21 17:15:01,501 - INFO - montando DatFrame
2024-10-21 17:15:01,506 - INFO - DataFrame montado
2024-10-21 17:15:01,507 - INFO - paginando pagina-21 
2024-10-21 17:15:31,900 - INFO - capturando tabela e convertendo em lista
2024-10-21 17:15:41,482 - INFO - montando DatFrame
2024-10-21 17:15:41,486 - INFO - DataFrame montado
2024-10-21 17:15:41,487 - INFO - paginando pagina-22 
2024-10-21 17:16:14,057 - INFO - capturando tabela e convertendo em lista
2024-10-21 17:16:23,482 - INFO - montando DatFrame
2024-10-21 17:16:23,486 - INFO - DataFrame montado
2024-10-21 17:16:23,487 - INFO - paginando pagina-23 
2024-10-21 17:16:59,196 - INFO - capturando tabela e convertendo em lista
2024-10-21 17:17:09,021 - INFO - montando DatFrame
2024-10-21 17:17:09,025 - INFO - DataFrame montado
2024-10-21 17:17:09,026 - INFO - paginando pagina-24 
2024-10-21 17:17:41,856 - INFO - capturando tabela e convertendo em lista
2024-10-21 17:17:51,083 - INFO - montando DatFrame
2024-10-21 17:17:51,087 - INFO - DataFrame montado
2024-10-21 17:17:51,089 - INFO - paginando pagina-25 
2024-10-21 17:18:20,672 - INFO - capturando tabela e convertendo em lista
2024-10-21 17:18:30,530 - INFO - montando DatFrame
2024-10-21 17:18:30,533 - INFO - DataFrame montado
2024-10-21 17:18:30,534 - INFO - paginando pagina-26 
2024-10-21 17:19:01,603 - INFO - capturando tabela e convertendo em lista
2024-10-21 17:19:11,516 - INFO - montando DatFrame
2024-10-21 17:19:11,520 - INFO - DataFrame montado
2024-10-21 17:19:11,521 - INFO - paginando pagina-27 
2024-10-21 17:19:42,484 - INFO - capturando tabela e convertendo em lista
2024-10-21 17:19:51,846 - INFO - montando DatFrame
2024-10-21 17:19:51,849 - INFO - DataFrame montado
2024-10-21 17:19:51,850 - INFO - paginando pagina-28 
2024-10-21 17:20:22,507 - INFO - capturando tabela e convertendo em lista
2024-10-21 17:20:32,401 - INFO - montando DatFrame
2024-10-21 17:20:32,406 - INFO - DataFrame montado
2024-10-21 17:20:32,407 - INFO - paginando pagina-29 
2024-10-21 17:21:02,430 - INFO - capturando tabela e convertendo em lista
2024-10-21 17:21:12,040 - INFO - montando DatFrame
2024-10-21 17:21:12,044 - INFO - DataFrame montado
2024-10-21 17:21:12,045 - INFO - paginando pagina-30 
2024-10-21 17:21:42,085 - INFO - capturando tabela e convertendo em lista
2024-10-21 17:21:51,492 - INFO - montando DatFrame
2024-10-21 17:21:51,496 - INFO - DataFrame montado
2024-10-21 17:21:51,497 - INFO - paginando pagina-31 
2024-10-21 17:22:25,318 - INFO - capturando tabela e convertendo em lista
2024-10-21 17:22:34,978 - INFO - montando DatFrame
2024-10-21 17:22:34,982 - INFO - DataFrame montado
2024-10-21 17:22:34,983 - INFO - paginando pagina-32 
2024-10-21 17:23:08,718 - INFO - capturando tabela e convertendo em lista
2024-10-21 17:23:23,037 - INFO - montando DatFrame
2024-10-21 17:23:23,041 - INFO - DataFrame montado
2024-10-21 17:23:23,042 - INFO - paginando pagina-33 
2024-10-21 17:23:54,662 - INFO - capturando tabela e convertendo em lista
2024-10-21 17:24:05,782 - INFO - montando DatFrame
2024-10-21 17:24:05,786 - INFO - DataFrame montado
2024-10-21 17:24:05,787 - INFO - paginando pagina-34 
2024-10-21 17:24:36,200 - INFO - capturando tabela e convertendo em lista
2024-10-21 17:24:45,792 - INFO - montando DatFrame
2024-10-21 17:24:45,795 - INFO - DataFrame montado
2024-10-21 17:24:45,796 - INFO - paginando pagina-35 
2024-10-21 17:25:15,715 - INFO - capturando tabela e convertendo em lista
2024-10-21 17:25:25,697 - INFO - montando DatFrame
2024-10-21 17:25:25,700 - INFO - DataFrame montado
2024-10-21 17:25:25,701 - INFO - paginando pagina-36 
2024-10-21 17:25:55,256 - INFO - capturando tabela e convertendo em lista
2024-10-21 17:26:05,161 - INFO - montando DatFrame
2024-10-21 17:26:05,165 - INFO - DataFrame montado
2024-10-21 17:26:05,166 - INFO - paginando pagina-37 
2024-10-21 17:26:34,680 - INFO - capturando tabela e convertendo em lista
2024-10-21 17:26:44,877 - INFO - montando DatFrame
2024-10-21 17:26:44,881 - INFO - DataFrame montado
2024-10-21 17:26:44,882 - INFO - paginando pagina-38 
2024-10-21 17:27:15,170 - INFO - capturando tabela e convertendo em lista
2024-10-21 17:27:24,823 - INFO - montando DatFrame
2024-10-21 17:27:24,826 - INFO - DataFrame montado
2024-10-21 17:27:24,828 - INFO - paginando pagina-39 
2024-10-21 17:27:54,840 - INFO - capturando tabela e convertendo em lista
2024-10-21 17:28:05,320 - INFO - montando DatFrame
2024-10-21 17:28:05,324 - INFO - DataFrame montado
2024-10-21 17:28:05,325 - INFO - paginando pagina-40 
2024-10-21 17:28:40,127 - INFO - capturando tabela e convertendo em lista
2024-10-21 17:28:51,037 - INFO - montando DatFrame
2024-10-21 17:28:51,042 - INFO - DataFrame montado
2024-10-21 17:28:51,044 - INFO - paginando pagina-41 
2024-10-21 17:29:25,200 - INFO - capturando tabela e convertendo em lista
2024-10-21 17:29:34,443 - INFO - montando DatFrame
2024-10-21 17:29:34,447 - INFO - DataFrame montado
2024-10-21 17:29:34,448 - INFO - paginando pagina-42 
2024-10-21 17:30:05,106 - INFO - capturando tabela e convertendo em lista
2024-10-21 17:30:14,637 - INFO - montando DatFrame
2024-10-21 17:30:14,641 - INFO - DataFrame montado
2024-10-21 17:30:14,642 - INFO - paginando pagina-43 
2024-10-21 17:30:44,771 - INFO - capturando tabela e convertendo em lista
2024-10-21 17:30:55,542 - INFO - montando DatFrame
2024-10-21 17:30:55,550 - INFO - DataFrame montado
2024-10-21 17:30:55,553 - INFO - paginando pagina-44 
2024-10-21 17:31:25,130 - INFO - capturando tabela e convertendo em lista
2024-10-21 17:31:34,818 - INFO - montando DatFrame
2024-10-21 17:31:34,822 - INFO - DataFrame montado
2024-10-21 17:31:34,823 - INFO - paginando pagina-45 
2024-10-21 17:32:05,720 - INFO - capturando tabela e convertendo em lista
2024-10-21 17:32:15,039 - INFO - montando DatFrame
2024-10-21 17:32:15,043 - INFO - DataFrame montado
2024-10-21 17:32:15,044 - INFO - paginando pagina-46 
2024-10-21 17:32:46,447 - INFO - capturando tabela e convertendo em lista
2024-10-21 17:32:55,786 - INFO - montando DatFrame
2024-10-21 17:32:55,790 - INFO - DataFrame montado
2024-10-21 17:32:55,791 - INFO - paginando pagina-47 
2024-10-21 17:33:27,174 - INFO - capturando tabela e convertendo em lista
2024-10-21 17:33:36,722 - INFO - montando DatFrame
2024-10-21 17:33:36,727 - INFO - DataFrame montado
2024-10-21 17:33:36,728 - INFO - paginando pagina-48 
2024-10-21 17:34:09,241 - INFO - capturando tabela e convertendo em lista
2024-10-21 17:34:18,970 - INFO - montando DatFrame
2024-10-21 17:34:18,974 - INFO - DataFrame montado
2024-10-21 17:34:18,975 - INFO - paginando pagina-49 
2024-10-21 17:34:53,958 - INFO - capturando tabela e convertendo em lista
2024-10-21 17:35:03,382 - INFO - montando DatFrame
2024-10-21 17:35:03,386 - INFO - DataFrame montado
2024-10-21 17:35:03,387 - INFO - paginando pagina-50 
2024-10-21 17:35:36,181 - INFO - capturando tabela e convertendo em lista
2024-10-21 17:35:46,028 - INFO - montando DatFrame
2024-10-21 17:35:46,033 - INFO - DataFrame montado
2024-10-21 17:35:46,034 - INFO - paginando pagina-51 
2024-10-21 17:36:14,934 - INFO - capturando tabela e convertendo em lista
2024-10-21 17:36:24,244 - INFO - montando DatFrame
2024-10-21 17:36:24,247 - INFO - DataFrame montado
2024-10-21 17:36:24,249 - INFO - paginando pagina-52 
2024-10-21 17:36:54,540 - INFO - capturando tabela e convertendo em lista
2024-10-21 17:37:03,920 - INFO - montando DatFrame
2024-10-21 17:37:03,924 - INFO - DataFrame montado
2024-10-21 17:37:03,925 - INFO - paginando pagina-53 
2024-10-21 17:37:34,236 - INFO - capturando tabela e convertendo em lista
2024-10-21 17:37:43,856 - INFO - montando DatFrame
2024-10-21 17:37:43,859 - INFO - DataFrame montado
2024-10-21 17:37:43,861 - INFO - paginando pagina-54 
2024-10-21 17:38:15,112 - INFO - capturando tabela e convertendo em lista
2024-10-21 17:38:24,632 - INFO - montando DatFrame
2024-10-21 17:38:24,637 - INFO - DataFrame montado
2024-10-21 17:38:24,639 - INFO - paginando pagina-55 
2024-10-21 17:38:55,888 - INFO - capturando tabela e convertendo em lista
2024-10-21 17:39:05,410 - INFO - montando DatFrame
2024-10-21 17:39:05,414 - INFO - DataFrame montado
2024-10-21 17:39:05,415 - INFO - paginando pagina-56 
2024-10-21 17:39:37,655 - INFO - capturando tabela e convertendo em lista
2024-10-21 17:39:47,386 - INFO - montando DatFrame
2024-10-21 17:39:47,391 - INFO - DataFrame montado
2024-10-21 17:39:47,393 - INFO - paginando pagina-57 
2024-10-21 17:40:22,017 - INFO - capturando tabela e convertendo em lista
2024-10-21 17:40:31,108 - INFO - montando DatFrame
2024-10-21 17:40:31,111 - INFO - DataFrame montado
2024-10-21 17:40:31,113 - INFO - paginando pagina-58 
2024-10-21 17:41:05,626 - INFO - capturando tabela e convertendo em lista
2024-10-21 17:41:15,328 - INFO - montando DatFrame
2024-10-21 17:41:15,332 - INFO - DataFrame montado
2024-10-21 17:41:15,333 - INFO - paginando pagina-59 
2024-10-21 17:41:50,213 - INFO - capturando tabela e convertendo em lista
2024-10-21 17:41:59,480 - INFO - montando DatFrame
2024-10-21 17:41:59,484 - INFO - DataFrame montado
2024-10-21 17:41:59,485 - INFO - paginando pagina-60 
2024-10-21 17:42:29,368 - INFO - capturando tabela e convertendo em lista
2024-10-21 17:42:39,065 - INFO - montando DatFrame
2024-10-21 17:42:39,069 - INFO - DataFrame montado
2024-10-21 17:42:39,070 - INFO - paginando pagina-61 
2024-10-21 17:43:10,832 - INFO - capturando tabela e convertendo em lista
2024-10-21 17:43:20,232 - INFO - montando DatFrame
2024-10-21 17:43:20,235 - INFO - DataFrame montado
2024-10-21 17:43:20,237 - INFO - paginando pagina-62 
2024-10-21 17:43:49,714 - INFO - capturando tabela e convertendo em lista
2024-10-21 17:43:59,603 - INFO - montando DatFrame
2024-10-21 17:43:59,608 - INFO - DataFrame montado
2024-10-21 17:43:59,610 - INFO - paginando pagina-63 
2024-10-21 17:44:30,517 - INFO - capturando tabela e convertendo em lista
2024-10-21 17:44:39,822 - INFO - montando DatFrame
2024-10-21 17:44:39,825 - INFO - DataFrame montado
2024-10-21 17:44:39,827 - INFO - paginando pagina-64 
2024-10-21 17:45:10,890 - INFO - capturando tabela e convertendo em lista
2024-10-21 17:45:20,629 - INFO - montando DatFrame
2024-10-21 17:45:20,633 - INFO - DataFrame montado
2024-10-21 17:45:20,635 - INFO - paginando pagina-65 
2024-10-21 17:45:51,083 - INFO - capturando tabela e convertendo em lista
2024-10-21 17:46:00,598 - INFO - montando DatFrame
2024-10-21 17:46:00,602 - INFO - DataFrame montado
2024-10-21 17:46:00,604 - INFO - paginando pagina-66 
2024-10-21 17:46:34,641 - INFO - capturando tabela e convertendo em lista
2024-10-21 17:46:44,610 - INFO - montando DatFrame
2024-10-21 17:46:44,614 - INFO - DataFrame montado
2024-10-21 17:46:44,616 - INFO - paginando pagina-67 
2024-10-21 17:47:19,131 - INFO - capturando tabela e convertendo em lista
2024-10-21 17:47:28,454 - INFO - montando DatFrame
2024-10-21 17:47:28,457 - INFO - DataFrame montado
2024-10-21 17:47:28,459 - INFO - paginando pagina-68 
2024-10-21 17:47:58,388 - INFO - capturando tabela e convertendo em lista
2024-10-21 17:48:07,731 - INFO - montando DatFrame
2024-10-21 17:48:07,735 - INFO - DataFrame montado
2024-10-21 17:48:07,736 - INFO - paginando pagina-69 
2024-10-21 17:48:38,812 - INFO - capturando tabela e convertendo em lista
2024-10-21 17:48:48,320 - INFO - montando DatFrame
2024-10-21 17:48:48,324 - INFO - DataFrame montado
2024-10-21 17:48:48,327 - INFO - paginando pagina-70 
2024-10-21 17:49:19,245 - INFO - capturando tabela e convertendo em lista
2024-10-21 17:49:28,905 - INFO - montando DatFrame
2024-10-21 17:49:28,909 - INFO - DataFrame montado
2024-10-21 17:49:28,911 - INFO - paginando pagina-71 
2024-10-21 17:49:59,615 - INFO - capturando tabela e convertendo em lista
2024-10-21 17:50:09,249 - INFO - montando DatFrame
2024-10-21 17:50:09,254 - INFO - DataFrame montado
2024-10-21 17:50:09,257 - INFO - paginando pagina-72 
2024-10-21 17:50:40,435 - INFO - capturando tabela e convertendo em lista
2024-10-21 17:50:53,811 - INFO - montando DatFrame
2024-10-21 17:50:53,818 - INFO - DataFrame montado
2024-10-21 17:50:53,820 - INFO - paginando pagina-73 
2024-10-21 17:51:23,503 - INFO - capturando tabela e convertendo em lista
2024-10-21 17:51:35,292 - INFO - montando DatFrame
2024-10-21 17:51:35,296 - INFO - DataFrame montado
2024-10-21 17:51:35,297 - INFO - paginando pagina-74 
2024-10-21 17:52:08,629 - INFO - capturando tabela e convertendo em lista
2024-10-22 14:38:05,459 - INFO - iniciando extarção campus cbar_suap
2024-10-22 14:38:05,571 - INFO - Iniciando navegador
