2024-11-22 16:52:07,037 - INFO - iniciando extarção campus cpmr_suap
2024-11-22 16:52:07,164 - INFO - Iniciando navegador
2024-11-22 16:52:17,930 - INFO - acessando SUAP
2024-11-22 16:52:19,418 - INFO - inserindo nome e senha
2024-11-22 16:52:32,581 - INFO - preparando url search params 
2024-11-22 16:52:32,589 - INFO - paginando pagina-1 
2024-11-22 16:53:19,114 - INFO - capturando tabela e convertendo em lista
2024-11-22 16:53:29,938 - INFO - montando DatFrame
2024-11-22 16:53:29,938 - INFO - DataFrame montado
2024-11-22 16:53:29,938 - INFO - paginando pagina-2 
2024-11-22 16:54:09,943 - INFO - capturando tabela e convertendo em lista
2024-11-22 16:54:19,833 - INFO - montando DatFrame
2024-11-22 16:54:19,835 - INFO - DataFrame montado
2024-11-22 16:54:19,835 - INFO - paginando pagina-3 
2024-11-22 16:54:58,116 - INFO - capturando tabela e convertendo em lista
2024-11-22 16:55:07,774 - INFO - montando DatFrame
2024-11-22 16:55:07,775 - INFO - DataFrame montado
2024-11-22 16:55:07,775 - INFO - paginando pagina-4 
2024-11-22 16:55:48,004 - INFO - capturando tabela e convertendo em lista
2024-11-22 16:55:57,524 - INFO - montando DatFrame
2024-11-22 16:55:57,528 - INFO - DataFrame montado
2024-11-22 16:55:57,531 - INFO - paginando pagina-5 
2024-11-22 16:56:36,963 - INFO - capturando tabela e convertendo em lista
2024-11-22 16:56:46,213 - INFO - montando DatFrame
2024-11-22 16:56:46,216 - INFO - DataFrame montado
2024-11-22 16:56:46,216 - INFO - paginando pagina-6 
2024-11-22 16:57:26,606 - INFO - capturando tabela e convertendo em lista
2024-11-22 16:57:37,560 - INFO - montando DatFrame
2024-11-22 16:57:37,564 - INFO - DataFrame montado
2024-11-22 16:57:37,564 - INFO - paginando pagina-7 
2024-11-22 16:58:17,131 - INFO - capturando tabela e convertendo em lista
2024-11-22 16:58:34,420 - INFO - montando DatFrame
2024-11-22 16:58:34,420 - INFO - DataFrame montado
2024-11-22 16:58:34,420 - INFO - paginando pagina-8 
2024-11-22 16:59:12,720 - INFO - capturando tabela e convertendo em lista
2024-11-22 16:59:22,059 - INFO - montando DatFrame
2024-11-22 16:59:22,061 - INFO - DataFrame montado
2024-11-22 16:59:22,061 - INFO - paginando pagina-9 
2024-11-22 16:59:59,717 - INFO - capturando tabela e convertendo em lista
2024-11-22 17:00:09,268 - INFO - montando DatFrame
2024-11-22 17:00:09,270 - INFO - DataFrame montado
2024-11-22 17:00:09,270 - INFO - paginando pagina-10 
2024-11-22 17:00:46,371 - INFO - capturando tabela e convertendo em lista
2024-11-22 17:00:57,239 - INFO - montando DatFrame
2024-11-22 17:00:57,241 - INFO - DataFrame montado
2024-11-22 17:00:57,241 - INFO - paginando pagina-11 
2024-11-22 17:01:34,245 - INFO - capturando tabela e convertendo em lista
2024-11-22 17:01:44,118 - INFO - montando DatFrame
2024-11-22 17:01:44,122 - INFO - DataFrame montado
2024-11-22 17:01:44,123 - INFO - paginando pagina-12 
2024-11-22 17:02:22,416 - INFO - capturando tabela e convertendo em lista
2024-11-22 17:02:40,558 - INFO - montando DatFrame
2024-11-22 17:02:40,559 - INFO - DataFrame montado
2024-11-22 17:02:40,559 - INFO - paginando pagina-13 
2024-11-22 17:03:21,545 - INFO - capturando tabela e convertendo em lista
2024-11-22 17:03:31,645 - INFO - montando DatFrame
2024-11-22 17:03:31,655 - INFO - DataFrame montado
2024-11-22 17:03:31,655 - INFO - paginando pagina-14 
2024-11-22 17:04:11,905 - INFO - capturando tabela e convertendo em lista
2024-11-22 17:04:22,443 - INFO - montando DatFrame
2024-11-22 17:04:22,444 - INFO - DataFrame montado
2024-11-22 17:04:22,444 - INFO - paginando pagina-15 
2024-11-22 17:05:00,170 - INFO - capturando tabela e convertendo em lista
2024-11-22 17:05:11,596 - INFO - montando DatFrame
2024-11-22 17:05:11,596 - INFO - DataFrame montado
2024-11-22 17:05:11,596 - INFO - paginando pagina-16 
2024-11-22 17:05:50,693 - INFO - capturando tabela e convertendo em lista
2024-11-22 17:06:11,063 - INFO - montando DatFrame
2024-11-22 17:06:11,070 - INFO - DataFrame montado
2024-11-22 17:06:11,072 - INFO - paginando pagina-17 
2024-11-22 17:06:49,804 - INFO - capturando tabela e convertendo em lista
2024-11-22 17:07:05,322 - INFO - montando DatFrame
2024-11-22 17:07:05,327 - INFO - DataFrame montado
2024-11-22 17:07:05,328 - INFO - paginando pagina-18 
2024-11-22 17:07:42,804 - INFO - capturando tabela e convertendo em lista
2024-11-22 17:07:52,104 - INFO - montando DatFrame
2024-11-22 17:07:52,108 - INFO - DataFrame montado
2024-11-22 17:07:52,108 - INFO - paginando pagina-19 
2024-11-22 17:08:29,101 - INFO - capturando tabela e convertendo em lista
2024-11-22 17:08:39,712 - INFO - montando DatFrame
2024-11-22 17:08:39,714 - INFO - DataFrame montado
2024-11-22 17:08:39,714 - INFO - paginando pagina-20 
2024-11-22 17:09:14,509 - INFO - capturando tabela e convertendo em lista
2024-11-22 17:09:24,414 - INFO - montando DatFrame
2024-11-22 17:09:24,416 - INFO - DataFrame montado
2024-11-22 17:09:24,416 - INFO - paginando pagina-21 
2024-11-22 17:09:58,970 - INFO - capturando tabela e convertendo em lista
2024-11-22 17:10:08,896 - INFO - montando DatFrame
2024-11-22 17:10:08,898 - INFO - DataFrame montado
2024-11-22 17:10:08,898 - INFO - paginando pagina-22 
2024-11-22 17:10:44,836 - INFO - capturando tabela e convertendo em lista
2024-11-22 17:10:53,685 - INFO - montando DatFrame
2024-11-22 17:10:53,687 - INFO - DataFrame montado
2024-11-22 17:10:53,687 - INFO - paginando pagina-23 
2024-11-22 17:11:29,547 - INFO - capturando tabela e convertendo em lista
2024-11-22 17:11:38,623 - INFO - montando DatFrame
2024-11-22 17:11:38,623 - INFO - DataFrame montado
2024-11-22 17:11:38,631 - INFO - paginando pagina-24 
2024-11-22 17:12:14,189 - INFO - capturando tabela e convertendo em lista
2024-11-22 17:12:23,690 - INFO - montando DatFrame
2024-11-22 17:12:23,692 - INFO - DataFrame montado
2024-11-22 17:12:23,692 - INFO - paginando pagina-25 
2024-11-22 17:13:02,815 - INFO - capturando tabela e convertendo em lista
2024-11-22 17:13:11,971 - INFO - montando DatFrame
2024-11-22 17:13:11,974 - INFO - DataFrame montado
2024-11-22 17:13:11,974 - INFO - paginando pagina-26 
2024-11-22 17:13:51,650 - INFO - capturando tabela e convertendo em lista
2024-11-22 17:14:12,860 - INFO - montando DatFrame
2024-11-22 17:14:12,860 - INFO - DataFrame montado
2024-11-22 17:14:12,860 - INFO - paginando pagina-27 
2024-11-22 17:14:48,630 - INFO - capturando tabela e convertendo em lista
2024-11-22 17:14:58,739 - INFO - montando DatFrame
2024-11-22 17:14:58,743 - INFO - DataFrame montado
2024-11-22 17:14:58,743 - INFO - paginando pagina-28 
2024-11-22 17:15:34,562 - INFO - capturando tabela e convertendo em lista
2024-11-22 17:15:46,252 - INFO - montando DatFrame
2024-11-22 17:15:46,255 - INFO - DataFrame montado
2024-11-22 17:15:46,255 - INFO - paginando pagina-29 
2024-11-22 17:16:22,116 - INFO - capturando tabela e convertendo em lista
2024-11-22 17:16:31,711 - INFO - montando DatFrame
2024-11-22 17:16:31,718 - INFO - DataFrame montado
2024-11-22 17:16:31,720 - INFO - paginando pagina-30 
2024-11-22 17:17:07,343 - INFO - capturando tabela e convertendo em lista
2024-11-22 17:17:16,395 - INFO - montando DatFrame
2024-11-22 17:17:16,395 - INFO - DataFrame montado
2024-11-22 17:17:16,395 - INFO - paginando pagina-31 
2024-11-22 17:17:51,883 - INFO - capturando tabela e convertendo em lista
2024-11-22 17:18:01,001 - INFO - montando DatFrame
2024-11-22 17:18:01,001 - INFO - DataFrame montado
2024-11-22 17:18:01,015 - INFO - paginando pagina-32 
2024-11-22 17:18:35,706 - INFO - capturando tabela e convertendo em lista
2024-11-22 17:18:47,443 - INFO - montando DatFrame
2024-11-22 17:18:47,443 - INFO - DataFrame montado
2024-11-22 17:18:47,443 - INFO - paginando pagina-33 
2024-11-22 17:19:24,408 - INFO - capturando tabela e convertendo em lista
2024-11-22 17:19:33,910 - INFO - montando DatFrame
2024-11-22 17:19:33,916 - INFO - DataFrame montado
2024-11-22 17:19:33,916 - INFO - paginando pagina-34 
2024-11-22 17:20:12,424 - INFO - capturando tabela e convertendo em lista
2024-11-22 17:20:23,027 - INFO - montando DatFrame
2024-11-22 17:20:23,027 - INFO - DataFrame montado
2024-11-22 17:20:23,027 - INFO - paginando pagina-35 
2024-11-22 17:21:01,876 - INFO - capturando tabela e convertendo em lista
2024-11-22 17:21:27,796 - INFO - montando DatFrame
2024-11-22 17:21:27,800 - INFO - DataFrame montado
2024-11-22 17:21:27,800 - INFO - paginando pagina-36 
2024-11-22 17:22:05,084 - INFO - capturando tabela e convertendo em lista
2024-11-22 17:22:23,815 - INFO - montando DatFrame
2024-11-22 17:22:23,824 - INFO - DataFrame montado
2024-11-22 17:22:23,826 - INFO - paginando pagina-37 
2024-11-22 17:23:00,055 - INFO - capturando tabela e convertendo em lista
2024-11-22 17:23:13,053 - INFO - montando DatFrame
2024-11-22 17:23:13,070 - INFO - DataFrame montado
2024-11-22 17:23:13,070 - INFO - paginando pagina-38 
2024-11-22 17:23:43,390 - INFO - acabaram as paginas
2024-11-22 17:23:43,390 - INFO - Extracao finalizada as: 2024-11-22 17:23:43.390491 na pagina 38
2024-11-22 17:23:43,457 - INFO - exportando arquivo .xlsx
