2024-11-06 16:51:00,165 - INFO - iniciando extarção campus cplt_suap
2024-11-06 16:51:00,306 - INFO - Iniciando navegador
2024-11-06 16:51:06,075 - INFO - acessando SUAP
2024-11-06 16:51:11,755 - INFO - inserindo nome e senha
2024-11-06 16:51:26,199 - INFO - preparando url search params 
2024-11-06 16:51:26,201 - INFO - paginando pagina-1 
2024-11-06 16:52:08,457 - INFO - capturando tabela e convertendo em lista
2024-11-06 16:52:25,054 - INFO - montando DatFrame
2024-11-06 16:52:25,058 - INFO - DataFrame montado
2024-11-06 16:52:25,059 - INFO - paginando pagina-2 
2024-11-06 16:55:33,155 - INFO - Iniciando navegador
2024-11-06 16:55:38,018 - INFO - acessando SUAP
2024-11-06 16:55:39,107 - INFO - inserindo nome e senha
2024-11-06 16:55:51,757 - INFO - preparando url search params 
2024-11-06 16:55:51,758 - INFO - paginando pagina-1 
2024-11-06 16:56:29,501 - INFO - capturando tabela e convertendo em lista
2024-11-06 16:56:51,051 - INFO - montando DatFrame
2024-11-06 16:56:51,058 - INFO - DataFrame montado
2024-11-06 16:56:51,060 - INFO - paginando pagina-2 
2024-11-06 16:57:33,342 - INFO - capturando tabela e convertendo em lista
2024-11-06 16:57:50,012 - INFO - montando DatFrame
2024-11-06 16:57:50,017 - INFO - DataFrame montado
2024-11-06 16:57:50,018 - INFO - paginando pagina-3 
2024-11-06 16:58:32,426 - INFO - capturando tabela e convertendo em lista
2024-11-06 16:58:51,254 - INFO - montando DatFrame
2024-11-06 16:58:51,259 - INFO - DataFrame montado
2024-11-06 16:58:51,260 - INFO - paginando pagina-4 
2024-11-06 16:59:33,046 - INFO - capturando tabela e convertendo em lista
2024-11-06 16:59:46,663 - INFO - montando DatFrame
2024-11-06 16:59:46,671 - INFO - DataFrame montado
2024-11-06 16:59:46,672 - INFO - paginando pagina-5 
2024-11-06 17:00:32,534 - INFO - capturando tabela e convertendo em lista
2024-11-06 17:00:45,816 - INFO - montando DatFrame
2024-11-06 17:00:45,822 - INFO - DataFrame montado
2024-11-06 17:00:45,824 - INFO - paginando pagina-6 
2024-11-06 17:01:38,709 - INFO - capturando tabela e convertendo em lista
2024-11-06 17:01:48,206 - INFO - montando DatFrame
2024-11-06 17:01:48,210 - INFO - DataFrame montado
2024-11-06 17:01:48,211 - INFO - paginando pagina-7 
2024-11-06 17:02:33,371 - INFO - capturando tabela e convertendo em lista
2024-11-06 17:02:47,474 - INFO - montando DatFrame
2024-11-06 17:02:47,478 - INFO - DataFrame montado
2024-11-06 17:02:47,479 - INFO - paginando pagina-8 
2024-11-06 17:03:34,523 - INFO - capturando tabela e convertendo em lista
2024-11-06 17:03:49,100 - INFO - montando DatFrame
2024-11-06 17:03:49,105 - INFO - DataFrame montado
2024-11-06 17:03:49,106 - INFO - paginando pagina-9 
2024-11-06 17:05:59,787 - INFO - capturando tabela e convertendo em lista
2024-11-06 17:06:12,028 - INFO - montando DatFrame
2024-11-06 17:06:12,032 - INFO - DataFrame montado
2024-11-06 17:06:12,033 - INFO - paginando pagina-10 
2024-11-06 17:06:51,211 - INFO - capturando tabela e convertendo em lista
2024-11-06 17:07:01,531 - INFO - montando DatFrame
2024-11-06 17:07:01,535 - INFO - DataFrame montado
2024-11-06 17:07:01,536 - INFO - paginando pagina-11 
2024-11-06 17:07:44,125 - INFO - capturando tabela e convertendo em lista
2024-11-06 17:07:56,151 - INFO - montando DatFrame
2024-11-06 17:07:56,155 - INFO - DataFrame montado
2024-11-06 17:07:56,156 - INFO - paginando pagina-12 
2024-11-06 17:08:38,114 - INFO - capturando tabela e convertendo em lista
2024-11-06 17:08:50,156 - INFO - montando DatFrame
2024-11-06 17:08:50,160 - INFO - DataFrame montado
2024-11-06 17:08:50,161 - INFO - paginando pagina-13 
2024-11-06 17:09:30,710 - INFO - capturando tabela e convertendo em lista
2024-11-06 17:09:42,195 - INFO - montando DatFrame
2024-11-06 17:09:42,199 - INFO - DataFrame montado
2024-11-06 17:09:42,201 - INFO - paginando pagina-14 
2024-11-06 17:10:20,642 - INFO - capturando tabela e convertendo em lista
2024-11-06 17:10:32,120 - INFO - montando DatFrame
2024-11-06 17:10:32,124 - INFO - DataFrame montado
2024-11-06 17:10:32,125 - INFO - paginando pagina-15 
2024-11-06 17:11:11,630 - INFO - capturando tabela e convertendo em lista
2024-11-06 17:11:23,381 - INFO - montando DatFrame
2024-11-06 17:11:23,385 - INFO - DataFrame montado
2024-11-06 17:11:23,386 - INFO - paginando pagina-16 
2024-11-06 17:12:01,707 - INFO - capturando tabela e convertendo em lista
2024-11-06 17:12:14,263 - INFO - montando DatFrame
2024-11-06 17:12:14,269 - INFO - DataFrame montado
2024-11-06 17:12:14,270 - INFO - paginando pagina-17 
2024-11-06 17:12:55,774 - INFO - capturando tabela e convertendo em lista
2024-11-06 17:13:07,731 - INFO - montando DatFrame
2024-11-06 17:13:07,735 - INFO - DataFrame montado
2024-11-06 17:13:07,737 - INFO - paginando pagina-18 
2024-11-06 17:13:47,106 - INFO - capturando tabela e convertendo em lista
2024-11-06 17:13:59,037 - INFO - montando DatFrame
2024-11-06 17:13:59,041 - INFO - DataFrame montado
2024-11-06 17:13:59,042 - INFO - paginando pagina-19 
2024-11-06 17:14:38,486 - INFO - capturando tabela e convertendo em lista
2024-11-06 17:14:50,199 - INFO - montando DatFrame
2024-11-06 17:14:50,203 - INFO - DataFrame montado
2024-11-06 17:14:50,204 - INFO - paginando pagina-20 
2024-11-06 17:15:30,182 - INFO - capturando tabela e convertendo em lista
2024-11-06 17:15:42,835 - INFO - montando DatFrame
2024-11-06 17:15:42,841 - INFO - DataFrame montado
2024-11-06 17:15:42,842 - INFO - paginando pagina-21 
2024-11-06 17:16:25,300 - INFO - capturando tabela e convertendo em lista
2024-11-06 17:16:36,970 - INFO - montando DatFrame
2024-11-06 17:16:36,975 - INFO - DataFrame montado
2024-11-06 17:16:36,976 - INFO - paginando pagina-22 
2024-11-06 17:17:18,584 - INFO - capturando tabela e convertendo em lista
2024-11-06 17:17:32,543 - INFO - montando DatFrame
2024-11-06 17:17:32,551 - INFO - DataFrame montado
2024-11-06 17:17:32,553 - INFO - paginando pagina-23 
2024-11-06 17:18:10,761 - INFO - capturando tabela e convertendo em lista
2024-11-06 17:18:22,869 - INFO - montando DatFrame
2024-11-06 17:18:22,874 - INFO - DataFrame montado
2024-11-06 17:18:22,876 - INFO - paginando pagina-24 
2024-11-06 17:19:06,906 - INFO - capturando tabela e convertendo em lista
2024-11-06 17:19:18,253 - INFO - montando DatFrame
2024-11-06 17:19:18,257 - INFO - DataFrame montado
2024-11-06 17:19:18,258 - INFO - paginando pagina-25 
2024-11-06 17:19:57,646 - INFO - capturando tabela e convertendo em lista
2024-11-06 17:20:09,297 - INFO - montando DatFrame
2024-11-06 17:20:09,301 - INFO - DataFrame montado
2024-11-06 17:20:09,303 - INFO - paginando pagina-26 
2024-11-06 17:20:48,943 - INFO - capturando tabela e convertendo em lista
2024-11-06 17:21:00,477 - INFO - montando DatFrame
2024-11-06 17:21:00,484 - INFO - DataFrame montado
2024-11-06 17:21:00,485 - INFO - paginando pagina-27 
2024-11-06 17:21:41,935 - INFO - capturando tabela e convertendo em lista
2024-11-06 17:21:54,364 - INFO - montando DatFrame
2024-11-06 17:21:54,368 - INFO - DataFrame montado
2024-11-06 17:21:54,369 - INFO - paginando pagina-28 
2024-11-06 17:22:33,382 - INFO - capturando tabela e convertendo em lista
2024-11-06 17:22:46,136 - INFO - montando DatFrame
2024-11-06 17:22:46,141 - INFO - DataFrame montado
2024-11-06 17:22:46,142 - INFO - paginando pagina-29 
2024-11-06 17:23:40,499 - INFO - capturando tabela e convertendo em lista
2024-11-06 17:23:51,556 - INFO - montando DatFrame
2024-11-06 17:23:51,560 - INFO - DataFrame montado
2024-11-06 17:23:51,562 - INFO - paginando pagina-30 
2024-11-06 17:24:31,760 - INFO - capturando tabela e convertendo em lista
2024-11-06 17:24:42,619 - INFO - montando DatFrame
2024-11-06 17:24:42,623 - INFO - DataFrame montado
2024-11-06 17:24:42,625 - INFO - paginando pagina-31 
2024-11-06 17:25:32,648 - INFO - capturando tabela e convertendo em lista
2024-11-06 17:25:42,957 - INFO - montando DatFrame
2024-11-06 17:25:42,961 - INFO - DataFrame montado
2024-11-06 17:25:42,963 - INFO - paginando pagina-32 
2024-11-06 17:26:25,020 - INFO - capturando tabela e convertendo em lista
2024-11-06 17:26:35,993 - INFO - montando DatFrame
2024-11-06 17:26:35,998 - INFO - DataFrame montado
2024-11-06 17:26:35,999 - INFO - paginando pagina-33 
2024-11-06 17:27:16,030 - INFO - capturando tabela e convertendo em lista
2024-11-06 17:27:27,131 - INFO - montando DatFrame
2024-11-06 17:27:27,136 - INFO - DataFrame montado
2024-11-06 17:27:27,138 - INFO - paginando pagina-34 
2024-11-06 17:28:04,668 - INFO - capturando tabela e convertendo em lista
2024-11-06 17:28:15,640 - INFO - montando DatFrame
2024-11-06 17:28:15,648 - INFO - DataFrame montado
2024-11-06 17:28:15,650 - INFO - paginando pagina-35 
2024-11-06 17:28:53,081 - INFO - capturando tabela e convertendo em lista
2024-11-06 17:29:04,607 - INFO - montando DatFrame
2024-11-06 17:29:04,611 - INFO - DataFrame montado
2024-11-06 17:29:04,613 - INFO - paginando pagina-36 
2024-11-06 17:29:42,137 - INFO - capturando tabela e convertendo em lista
2024-11-06 17:29:53,213 - INFO - montando DatFrame
2024-11-06 17:29:53,217 - INFO - DataFrame montado
2024-11-06 17:29:53,218 - INFO - paginando pagina-37 
2024-11-06 17:30:31,631 - INFO - capturando tabela e convertendo em lista
2024-11-06 17:30:42,804 - INFO - montando DatFrame
2024-11-06 17:30:42,808 - INFO - DataFrame montado
2024-11-06 17:30:42,809 - INFO - paginando pagina-38 
2024-11-06 17:31:20,539 - INFO - capturando tabela e convertendo em lista
2024-11-06 17:31:31,369 - INFO - montando DatFrame
2024-11-06 17:31:31,376 - INFO - DataFrame montado
2024-11-06 17:31:31,377 - INFO - paginando pagina-39 
2024-11-06 17:32:09,426 - INFO - capturando tabela e convertendo em lista
2024-11-06 17:32:21,560 - INFO - montando DatFrame
2024-11-06 17:32:21,564 - INFO - DataFrame montado
2024-11-06 17:32:21,565 - INFO - paginando pagina-40 
2024-11-06 17:32:59,973 - INFO - capturando tabela e convertendo em lista
2024-11-06 17:33:10,679 - INFO - montando DatFrame
2024-11-06 17:33:10,682 - INFO - DataFrame montado
2024-11-06 17:33:10,684 - INFO - paginando pagina-41 
2024-11-06 17:33:49,304 - INFO - capturando tabela e convertendo em lista
2024-11-06 17:33:59,801 - INFO - montando DatFrame
2024-11-06 17:33:59,806 - INFO - DataFrame montado
2024-11-06 17:33:59,807 - INFO - paginando pagina-42 
2024-11-06 17:34:38,054 - INFO - capturando tabela e convertendo em lista
2024-11-06 17:34:48,677 - INFO - montando DatFrame
2024-11-06 17:34:48,681 - INFO - DataFrame montado
2024-11-06 17:34:48,682 - INFO - paginando pagina-43 
2024-11-06 17:35:26,634 - INFO - capturando tabela e convertendo em lista
2024-11-06 17:35:37,372 - INFO - montando DatFrame
2024-11-06 17:35:37,376 - INFO - DataFrame montado
2024-11-06 17:35:37,377 - INFO - paginando pagina-44 
2024-11-06 17:36:16,698 - INFO - capturando tabela e convertendo em lista
2024-11-06 17:36:27,475 - INFO - montando DatFrame
2024-11-06 17:36:27,479 - INFO - DataFrame montado
2024-11-06 17:36:27,480 - INFO - paginando pagina-45 
2024-11-06 17:37:07,806 - INFO - capturando tabela e convertendo em lista
2024-11-06 17:37:18,548 - INFO - montando DatFrame
2024-11-06 17:37:18,553 - INFO - DataFrame montado
2024-11-06 17:37:18,555 - INFO - paginando pagina-46 
2024-11-06 17:37:57,989 - INFO - capturando tabela e convertendo em lista
2024-11-06 17:38:08,991 - INFO - montando DatFrame
2024-11-06 17:38:08,996 - INFO - DataFrame montado
2024-11-06 17:38:08,997 - INFO - paginando pagina-47 
2024-11-06 17:38:47,376 - INFO - capturando tabela e convertendo em lista
2024-11-06 17:38:58,468 - INFO - montando DatFrame
2024-11-06 17:38:58,473 - INFO - DataFrame montado
2024-11-06 17:38:58,474 - INFO - paginando pagina-48 
2024-11-06 17:39:36,867 - INFO - capturando tabela e convertendo em lista
2024-11-06 17:39:47,671 - INFO - montando DatFrame
2024-11-06 17:39:47,676 - INFO - DataFrame montado
2024-11-06 17:39:47,677 - INFO - paginando pagina-49 
2024-11-06 17:40:24,108 - INFO - capturando tabela e convertendo em lista
2024-11-06 17:40:35,134 - INFO - montando DatFrame
2024-11-06 17:40:35,138 - INFO - DataFrame montado
2024-11-06 17:40:35,139 - INFO - paginando pagina-50 
2024-11-06 17:41:12,137 - INFO - capturando tabela e convertendo em lista
2024-11-06 17:41:23,226 - INFO - montando DatFrame
2024-11-06 17:41:23,231 - INFO - DataFrame montado
2024-11-06 17:41:23,233 - INFO - paginando pagina-51 
2024-11-06 17:42:01,340 - INFO - capturando tabela e convertendo em lista
2024-11-06 17:42:12,308 - INFO - montando DatFrame
2024-11-06 17:42:12,313 - INFO - DataFrame montado
2024-11-06 17:42:12,314 - INFO - paginando pagina-52 
2024-11-06 17:42:50,456 - INFO - capturando tabela e convertendo em lista
2024-11-06 17:43:00,959 - INFO - montando DatFrame
2024-11-06 17:43:00,963 - INFO - DataFrame montado
2024-11-06 17:43:00,964 - INFO - paginando pagina-53 
2024-11-06 17:43:43,932 - INFO - capturando tabela e convertendo em lista
2024-11-06 17:43:55,026 - INFO - montando DatFrame
2024-11-06 17:43:55,031 - INFO - DataFrame montado
2024-11-06 17:43:55,033 - INFO - paginando pagina-54 
2024-11-06 17:44:33,184 - INFO - capturando tabela e convertendo em lista
2024-11-06 17:44:44,062 - INFO - montando DatFrame
2024-11-06 17:44:44,068 - INFO - DataFrame montado
2024-11-06 17:44:44,070 - INFO - paginando pagina-55 
2024-11-06 17:45:22,940 - INFO - capturando tabela e convertendo em lista
2024-11-06 17:45:33,687 - INFO - montando DatFrame
2024-11-06 17:45:33,692 - INFO - DataFrame montado
2024-11-06 17:45:33,694 - INFO - paginando pagina-56 
2024-11-06 17:46:09,931 - INFO - capturando tabela e convertendo em lista
2024-11-06 17:46:20,730 - INFO - montando DatFrame
2024-11-06 17:46:20,733 - INFO - DataFrame montado
2024-11-06 17:46:20,735 - INFO - paginando pagina-57 
2024-11-06 17:46:58,561 - INFO - capturando tabela e convertendo em lista
2024-11-06 17:47:09,242 - INFO - montando DatFrame
2024-11-06 17:47:09,246 - INFO - DataFrame montado
2024-11-06 17:47:09,248 - INFO - paginando pagina-58 
2024-11-06 17:47:45,633 - INFO - capturando tabela e convertendo em lista
2024-11-06 17:47:56,488 - INFO - montando DatFrame
2024-11-06 17:47:56,493 - INFO - DataFrame montado
2024-11-06 17:47:56,494 - INFO - paginando pagina-59 
2024-11-06 17:48:33,546 - INFO - capturando tabela e convertendo em lista
2024-11-06 17:48:44,327 - INFO - montando DatFrame
2024-11-06 17:48:44,330 - INFO - DataFrame montado
2024-11-06 17:48:44,332 - INFO - paginando pagina-60 
2024-11-06 17:49:22,460 - INFO - capturando tabela e convertendo em lista
2024-11-06 17:49:33,179 - INFO - montando DatFrame
2024-11-06 17:49:33,182 - INFO - DataFrame montado
2024-11-06 17:49:33,184 - INFO - paginando pagina-61 
2024-11-06 17:50:07,934 - INFO - capturando tabela e convertendo em lista
2024-11-06 17:50:18,780 - INFO - montando DatFrame
2024-11-06 17:50:18,784 - INFO - DataFrame montado
2024-11-06 17:50:18,786 - INFO - paginando pagina-62 
2024-11-06 17:50:53,804 - INFO - capturando tabela e convertendo em lista
2024-11-06 17:51:04,521 - INFO - montando DatFrame
2024-11-06 17:51:04,526 - INFO - DataFrame montado
2024-11-06 17:51:04,528 - INFO - paginando pagina-63 
2024-11-06 17:51:38,752 - INFO - capturando tabela e convertendo em lista
2024-11-06 17:51:50,009 - INFO - montando DatFrame
2024-11-06 17:51:50,012 - INFO - DataFrame montado
2024-11-06 17:51:50,014 - INFO - paginando pagina-64 
2024-11-06 17:52:26,242 - INFO - capturando tabela e convertendo em lista
2024-11-06 17:52:36,497 - INFO - montando DatFrame
2024-11-06 17:52:36,497 - INFO - DataFrame montado
2024-11-06 17:52:36,497 - INFO - paginando pagina-65 
2024-11-06 17:53:13,747 - INFO - capturando tabela e convertendo em lista
2024-11-06 17:53:24,123 - INFO - montando DatFrame
2024-11-06 17:53:24,124 - INFO - DataFrame montado
2024-11-06 17:53:24,129 - INFO - paginando pagina-66 
2024-11-06 17:54:00,920 - INFO - capturando tabela e convertendo em lista
2024-11-06 17:54:11,614 - INFO - montando DatFrame
2024-11-06 17:54:11,618 - INFO - DataFrame montado
2024-11-06 17:54:11,618 - INFO - paginando pagina-67 
2024-11-06 17:54:49,419 - INFO - capturando tabela e convertendo em lista
2024-11-06 17:54:59,769 - INFO - montando DatFrame
2024-11-06 17:54:59,780 - INFO - DataFrame montado
2024-11-06 17:54:59,780 - INFO - paginando pagina-68 
2024-11-06 17:55:36,308 - INFO - capturando tabela e convertendo em lista
2024-11-06 17:55:46,907 - INFO - montando DatFrame
2024-11-06 17:55:46,907 - INFO - DataFrame montado
2024-11-06 17:55:46,907 - INFO - paginando pagina-69 
2024-11-06 17:56:23,801 - INFO - capturando tabela e convertendo em lista
2024-11-06 17:56:34,373 - INFO - montando DatFrame
2024-11-06 17:56:34,382 - INFO - DataFrame montado
2024-11-06 17:56:34,387 - INFO - paginando pagina-70 
2024-11-06 17:57:12,820 - INFO - capturando tabela e convertendo em lista
2024-11-06 17:57:23,145 - INFO - montando DatFrame
2024-11-06 17:57:23,155 - INFO - DataFrame montado
2024-11-06 17:57:23,155 - INFO - paginando pagina-71 
2024-11-06 17:58:02,019 - INFO - capturando tabela e convertendo em lista
2024-11-06 17:58:12,216 - INFO - montando DatFrame
2024-11-06 17:58:12,220 - INFO - DataFrame montado
2024-11-06 17:58:12,220 - INFO - paginando pagina-72 
2024-11-06 17:58:51,417 - INFO - capturando tabela e convertendo em lista
2024-11-06 17:59:01,872 - INFO - montando DatFrame
2024-11-06 17:59:01,874 - INFO - DataFrame montado
2024-11-06 17:59:01,874 - INFO - paginando pagina-73 
2024-11-06 17:59:38,814 - INFO - capturando tabela e convertendo em lista
2024-11-06 17:59:49,230 - INFO - montando DatFrame
2024-11-06 17:59:49,243 - INFO - DataFrame montado
2024-11-06 17:59:49,243 - INFO - paginando pagina-74 
2024-11-06 18:00:26,666 - INFO - capturando tabela e convertendo em lista
2024-11-06 18:00:36,952 - INFO - montando DatFrame
2024-11-06 18:00:36,964 - INFO - DataFrame montado
2024-11-06 18:00:36,964 - INFO - paginando pagina-75 
2024-11-06 18:01:14,838 - INFO - capturando tabela e convertendo em lista
2024-11-06 18:01:25,064 - INFO - montando DatFrame
2024-11-06 18:01:25,064 - INFO - DataFrame montado
2024-11-06 18:01:25,064 - INFO - paginando pagina-76 
2024-11-06 18:02:01,547 - INFO - capturando tabela e convertendo em lista
2024-11-06 18:02:11,953 - INFO - montando DatFrame
2024-11-06 18:02:11,953 - INFO - DataFrame montado
2024-11-06 18:02:11,953 - INFO - paginando pagina-77 
2024-11-06 18:02:49,659 - INFO - capturando tabela e convertendo em lista
2024-11-06 18:03:00,141 - INFO - montando DatFrame
2024-11-06 18:03:00,148 - INFO - DataFrame montado
2024-11-06 18:03:00,149 - INFO - paginando pagina-78 
2024-11-06 18:03:35,992 - INFO - capturando tabela e convertendo em lista
2024-11-06 18:03:46,646 - INFO - montando DatFrame
2024-11-06 18:03:46,646 - INFO - DataFrame montado
2024-11-06 18:03:46,646 - INFO - paginando pagina-79 
2024-11-06 18:04:22,412 - INFO - capturando tabela e convertendo em lista
2024-11-06 18:04:33,023 - INFO - montando DatFrame
2024-11-06 18:04:33,024 - INFO - DataFrame montado
2024-11-06 18:04:33,024 - INFO - paginando pagina-80 
2024-11-06 18:05:09,516 - INFO - capturando tabela e convertendo em lista
2024-11-06 18:05:20,197 - INFO - montando DatFrame
2024-11-06 18:05:20,198 - INFO - DataFrame montado
2024-11-06 18:05:20,198 - INFO - paginando pagina-81 
2024-11-06 18:05:59,547 - INFO - capturando tabela e convertendo em lista
2024-11-06 18:06:10,110 - INFO - montando DatFrame
2024-11-06 18:06:10,113 - INFO - DataFrame montado
2024-11-06 18:06:10,115 - INFO - paginando pagina-82 
2024-11-06 18:06:48,844 - INFO - capturando tabela e convertendo em lista
2024-11-06 18:06:59,148 - INFO - montando DatFrame
2024-11-06 18:06:59,151 - INFO - DataFrame montado
2024-11-06 18:06:59,151 - INFO - paginando pagina-83 
2024-11-06 18:07:38,374 - INFO - capturando tabela e convertendo em lista
2024-11-06 18:07:49,046 - INFO - montando DatFrame
2024-11-06 18:07:49,049 - INFO - DataFrame montado
2024-11-06 18:07:49,054 - INFO - paginando pagina-84 
2024-11-06 18:08:27,223 - INFO - capturando tabela e convertendo em lista
2024-11-06 18:08:37,395 - INFO - montando DatFrame
2024-11-06 18:08:37,395 - INFO - DataFrame montado
2024-11-06 18:08:37,395 - INFO - paginando pagina-85 
2024-11-06 18:09:13,780 - INFO - capturando tabela e convertendo em lista
2024-11-06 18:09:24,173 - INFO - montando DatFrame
2024-11-06 18:09:24,173 - INFO - DataFrame montado
2024-11-06 18:09:24,173 - INFO - paginando pagina-86 
2024-11-06 18:10:01,221 - INFO - capturando tabela e convertendo em lista
2024-11-06 18:10:13,116 - INFO - montando DatFrame
2024-11-06 18:10:13,124 - INFO - DataFrame montado
2024-11-06 18:10:13,124 - INFO - paginando pagina-87 
2024-11-06 18:10:50,345 - INFO - capturando tabela e convertendo em lista
2024-11-06 18:11:00,653 - INFO - montando DatFrame
2024-11-06 18:11:00,653 - INFO - DataFrame montado
2024-11-06 18:11:00,653 - INFO - paginando pagina-88 
2024-11-06 18:11:38,383 - INFO - capturando tabela e convertendo em lista
2024-11-06 18:11:48,914 - INFO - montando DatFrame
2024-11-06 18:11:48,930 - INFO - DataFrame montado
2024-11-06 18:11:48,930 - INFO - paginando pagina-89 
2024-11-06 18:12:25,230 - INFO - capturando tabela e convertendo em lista
2024-11-06 18:12:34,535 - INFO - montando DatFrame
2024-11-06 18:12:34,540 - INFO - DataFrame montado
2024-11-06 18:12:34,542 - INFO - paginando pagina-90 
2024-11-06 18:13:02,873 - INFO - acabaram as paginas
2024-11-06 18:13:02,874 - INFO - Extracao finalizada as: 2024-11-06 18:13:02.874045 na pagina 90
2024-11-06 18:13:02,894 - INFO - exportando arquivo .xlsx
