2024-10-22 14:46:41,470 - INFO - iniciando extarção campus cbar_suap
2024-10-22 14:46:41,564 - INFO - Iniciando navegador
2024-10-22 14:46:49,043 - INFO - acessando SUAP
2024-10-22 14:46:50,531 - INFO - inserindo nome e senha
2024-10-22 14:47:00,028 - INFO - preparando url search params 
2024-10-22 14:47:00,028 - INFO - paginando pagina-1 
2024-10-22 14:47:30,353 - INFO - capturando tabela e convertendo em lista
2024-10-22 14:47:48,104 - INFO - montando DatFrame
2024-10-22 14:47:48,110 - INFO - DataFrame montado
2024-10-22 14:47:48,110 - INFO - paginando pagina-2 
2024-10-22 14:48:20,572 - INFO - capturando tabela e convertendo em lista
2024-10-22 14:48:36,704 - INFO - montando DatFrame
2024-10-22 14:48:36,714 - INFO - DataFrame montado
2024-10-22 14:48:36,716 - INFO - paginando pagina-3 
2024-10-22 14:49:08,228 - INFO - capturando tabela e convertendo em lista
2024-10-22 14:49:20,693 - INFO - montando DatFrame
2024-10-22 14:49:20,697 - INFO - DataFrame montado
2024-10-22 14:49:20,698 - INFO - paginando pagina-4 
2024-10-22 14:49:52,997 - INFO - capturando tabela e convertendo em lista
2024-10-22 14:50:08,174 - INFO - montando DatFrame
2024-10-22 14:50:08,177 - INFO - DataFrame montado
2024-10-22 14:50:08,179 - INFO - paginando pagina-5 
2024-10-22 14:50:38,620 - INFO - capturando tabela e convertendo em lista
2024-10-22 14:50:53,614 - INFO - montando DatFrame
2024-10-22 14:50:53,619 - INFO - DataFrame montado
2024-10-22 14:50:53,620 - INFO - paginando pagina-6 
2024-10-22 14:51:26,437 - INFO - capturando tabela e convertendo em lista
2024-10-22 14:51:49,940 - INFO - montando DatFrame
2024-10-22 14:51:49,951 - INFO - DataFrame montado
2024-10-22 14:51:49,953 - INFO - paginando pagina-7 
2024-10-22 14:52:23,248 - INFO - capturando tabela e convertendo em lista
2024-10-22 14:52:46,097 - INFO - montando DatFrame
2024-10-22 14:52:46,105 - INFO - DataFrame montado
2024-10-22 14:52:46,108 - INFO - paginando pagina-8 
2024-10-22 14:53:18,290 - INFO - capturando tabela e convertendo em lista
2024-10-22 14:53:32,891 - INFO - montando DatFrame
2024-10-22 14:53:32,896 - INFO - DataFrame montado
2024-10-22 14:53:32,897 - INFO - paginando pagina-9 
2024-10-22 14:54:03,454 - INFO - capturando tabela e convertendo em lista
2024-10-22 14:54:20,683 - INFO - montando DatFrame
2024-10-22 14:54:20,689 - INFO - DataFrame montado
2024-10-22 14:54:20,690 - INFO - paginando pagina-10 
2024-10-22 14:54:53,245 - INFO - capturando tabela e convertendo em lista
2024-10-22 14:55:07,403 - INFO - montando DatFrame
2024-10-22 14:55:07,408 - INFO - DataFrame montado
2024-10-22 14:55:07,409 - INFO - paginando pagina-11 
2024-10-22 14:55:42,399 - INFO - capturando tabela e convertendo em lista
2024-10-22 14:55:57,865 - INFO - montando DatFrame
2024-10-22 14:55:57,870 - INFO - DataFrame montado
2024-10-22 14:55:57,871 - INFO - paginando pagina-12 
2024-10-22 14:56:32,050 - INFO - capturando tabela e convertendo em lista
2024-10-22 14:56:47,307 - INFO - montando DatFrame
2024-10-22 14:56:47,311 - INFO - DataFrame montado
2024-10-22 14:56:47,311 - INFO - paginando pagina-13 
2024-10-22 14:57:18,656 - INFO - capturando tabela e convertendo em lista
2024-10-22 14:57:35,380 - INFO - montando DatFrame
2024-10-22 14:57:35,388 - INFO - DataFrame montado
2024-10-22 14:57:35,389 - INFO - paginando pagina-14 
2024-10-22 14:58:05,105 - INFO - capturando tabela e convertendo em lista
2024-10-22 14:58:21,007 - INFO - montando DatFrame
2024-10-22 14:58:21,012 - INFO - DataFrame montado
2024-10-22 14:58:21,013 - INFO - paginando pagina-15 
2024-10-22 14:58:51,094 - INFO - capturando tabela e convertendo em lista
2024-10-22 14:59:07,803 - INFO - montando DatFrame
2024-10-22 14:59:07,815 - INFO - DataFrame montado
2024-10-22 14:59:07,815 - INFO - paginando pagina-16 
2024-10-22 14:59:39,285 - INFO - capturando tabela e convertendo em lista
2024-10-22 15:00:23,290 - INFO - montando DatFrame
2024-10-22 15:00:23,297 - INFO - DataFrame montado
2024-10-22 15:00:23,299 - INFO - paginando pagina-17 
2024-10-22 15:00:57,436 - INFO - capturando tabela e convertendo em lista
2024-10-22 15:01:13,527 - INFO - montando DatFrame
2024-10-22 15:01:13,532 - INFO - DataFrame montado
2024-10-22 15:01:13,533 - INFO - paginando pagina-18 
2024-10-22 15:01:47,093 - INFO - capturando tabela e convertendo em lista
2024-10-22 15:02:09,452 - INFO - montando DatFrame
2024-10-22 15:02:09,457 - INFO - DataFrame montado
2024-10-22 15:02:09,458 - INFO - paginando pagina-19 
2024-10-22 15:02:42,349 - INFO - capturando tabela e convertendo em lista
2024-10-22 15:03:09,780 - INFO - montando DatFrame
2024-10-22 15:03:09,788 - INFO - DataFrame montado
2024-10-22 15:03:09,790 - INFO - paginando pagina-20 
2024-10-22 15:03:41,237 - INFO - capturando tabela e convertendo em lista
2024-10-22 15:04:08,888 - INFO - montando DatFrame
2024-10-22 15:04:08,895 - INFO - DataFrame montado
2024-10-22 15:04:08,896 - INFO - paginando pagina-21 
2024-10-22 15:04:38,903 - INFO - capturando tabela e convertendo em lista
2024-10-22 15:05:01,379 - INFO - montando DatFrame
2024-10-22 15:05:01,389 - INFO - DataFrame montado
2024-10-22 15:05:01,391 - INFO - paginando pagina-22 
2024-10-22 15:05:30,837 - INFO - capturando tabela e convertendo em lista
2024-10-22 15:06:00,905 - INFO - montando DatFrame
2024-10-22 15:06:00,912 - INFO - DataFrame montado
2024-10-22 15:06:00,914 - INFO - paginando pagina-23 
2024-10-22 15:06:30,954 - INFO - capturando tabela e convertendo em lista
2024-10-22 15:06:45,068 - INFO - montando DatFrame
2024-10-22 15:06:45,073 - INFO - DataFrame montado
2024-10-22 15:06:45,075 - INFO - paginando pagina-24 
2024-10-22 15:07:18,714 - INFO - capturando tabela e convertendo em lista
2024-10-22 15:07:36,365 - INFO - montando DatFrame
2024-10-22 15:07:36,375 - INFO - DataFrame montado
2024-10-22 15:07:36,378 - INFO - paginando pagina-25 
2024-10-22 15:08:11,091 - INFO - capturando tabela e convertendo em lista
2024-10-22 15:08:30,610 - INFO - montando DatFrame
2024-10-22 15:08:30,615 - INFO - DataFrame montado
2024-10-22 15:08:30,616 - INFO - paginando pagina-26 
2024-10-22 15:09:00,113 - INFO - capturando tabela e convertendo em lista
2024-10-22 15:09:17,010 - INFO - montando DatFrame
2024-10-22 15:09:17,016 - INFO - DataFrame montado
2024-10-22 15:09:17,018 - INFO - paginando pagina-27 
2024-10-22 15:09:47,067 - INFO - capturando tabela e convertendo em lista
2024-10-22 15:10:03,815 - INFO - montando DatFrame
2024-10-22 15:10:03,819 - INFO - DataFrame montado
2024-10-22 15:10:03,820 - INFO - paginando pagina-28 
2024-10-22 15:10:32,804 - INFO - capturando tabela e convertendo em lista
2024-10-22 15:10:51,538 - INFO - montando DatFrame
2024-10-22 15:10:51,542 - INFO - DataFrame montado
2024-10-22 15:10:51,544 - INFO - paginando pagina-29 
2024-10-22 15:11:21,473 - INFO - capturando tabela e convertendo em lista
2024-10-22 15:11:41,364 - INFO - montando DatFrame
2024-10-22 15:11:41,368 - INFO - DataFrame montado
2024-10-22 15:11:41,369 - INFO - paginando pagina-30 
2024-10-22 15:12:11,615 - INFO - capturando tabela e convertendo em lista
2024-10-22 15:12:29,451 - INFO - montando DatFrame
2024-10-22 15:12:29,455 - INFO - DataFrame montado
2024-10-22 15:12:29,456 - INFO - paginando pagina-31 
2024-10-22 15:13:03,035 - INFO - capturando tabela e convertendo em lista
2024-10-22 15:13:20,516 - INFO - montando DatFrame
2024-10-22 15:13:20,523 - INFO - DataFrame montado
2024-10-22 15:13:20,525 - INFO - paginando pagina-32 
2024-10-22 15:13:54,007 - INFO - capturando tabela e convertendo em lista
2024-10-22 15:14:08,733 - INFO - montando DatFrame
2024-10-22 15:14:08,738 - INFO - DataFrame montado
2024-10-22 15:14:08,739 - INFO - paginando pagina-33 
2024-10-22 15:14:39,240 - INFO - capturando tabela e convertendo em lista
2024-10-22 15:14:52,179 - INFO - montando DatFrame
2024-10-22 15:14:52,183 - INFO - DataFrame montado
2024-10-22 15:14:52,184 - INFO - paginando pagina-34 
2024-10-22 15:15:21,722 - INFO - capturando tabela e convertendo em lista
2024-10-22 15:15:36,369 - INFO - montando DatFrame
2024-10-22 15:15:36,374 - INFO - DataFrame montado
2024-10-22 15:15:36,376 - INFO - paginando pagina-35 
2024-10-22 15:16:06,923 - INFO - capturando tabela e convertendo em lista
2024-10-22 15:16:20,651 - INFO - montando DatFrame
2024-10-22 15:16:20,657 - INFO - DataFrame montado
2024-10-22 15:16:20,658 - INFO - paginando pagina-36 
2024-10-22 15:16:51,091 - INFO - capturando tabela e convertendo em lista
2024-10-22 15:17:07,510 - INFO - montando DatFrame
2024-10-22 15:17:07,515 - INFO - DataFrame montado
2024-10-22 15:17:07,517 - INFO - paginando pagina-37 
2024-10-22 15:17:38,665 - INFO - capturando tabela e convertendo em lista
2024-10-22 15:17:58,521 - INFO - montando DatFrame
2024-10-22 15:17:58,529 - INFO - DataFrame montado
2024-10-22 15:17:58,530 - INFO - paginando pagina-38 
2024-10-22 15:18:31,041 - INFO - capturando tabela e convertendo em lista
2024-10-22 15:18:49,366 - INFO - montando DatFrame
2024-10-22 15:18:49,371 - INFO - DataFrame montado
2024-10-22 15:18:49,372 - INFO - paginando pagina-39 
2024-10-22 15:19:23,554 - INFO - capturando tabela e convertendo em lista
2024-10-22 15:19:40,745 - INFO - montando DatFrame
2024-10-22 15:19:40,750 - INFO - DataFrame montado
2024-10-22 15:19:40,751 - INFO - paginando pagina-40 
2024-10-22 15:20:15,092 - INFO - capturando tabela e convertendo em lista
2024-10-22 15:20:34,308 - INFO - montando DatFrame
2024-10-22 15:20:34,313 - INFO - DataFrame montado
2024-10-22 15:20:34,315 - INFO - paginando pagina-41 
2024-10-22 15:21:05,331 - INFO - capturando tabela e convertendo em lista
2024-10-22 15:21:23,536 - INFO - montando DatFrame
2024-10-22 15:21:23,539 - INFO - DataFrame montado
2024-10-22 15:21:23,541 - INFO - paginando pagina-42 
2024-10-22 15:21:54,313 - INFO - capturando tabela e convertendo em lista
2024-10-22 15:22:08,758 - INFO - montando DatFrame
2024-10-22 15:22:08,763 - INFO - DataFrame montado
2024-10-22 15:22:08,766 - INFO - paginando pagina-43 
2024-10-22 15:22:39,559 - INFO - capturando tabela e convertendo em lista
2024-10-22 15:22:52,966 - INFO - montando DatFrame
2024-10-22 15:22:52,970 - INFO - DataFrame montado
2024-10-22 15:22:52,971 - INFO - paginando pagina-44 
2024-10-22 15:23:22,564 - INFO - capturando tabela e convertendo em lista
2024-10-22 15:23:35,110 - INFO - montando DatFrame
2024-10-22 15:23:35,115 - INFO - DataFrame montado
2024-10-22 15:23:35,118 - INFO - paginando pagina-45 
2024-10-22 15:24:05,277 - INFO - capturando tabela e convertendo em lista
2024-10-22 15:24:17,076 - INFO - montando DatFrame
2024-10-22 15:24:17,083 - INFO - DataFrame montado
2024-10-22 15:24:17,084 - INFO - paginando pagina-46 
2024-10-22 15:24:45,856 - INFO - capturando tabela e convertendo em lista
2024-10-22 15:24:57,548 - INFO - montando DatFrame
2024-10-22 15:24:57,554 - INFO - DataFrame montado
2024-10-22 15:24:57,555 - INFO - paginando pagina-47 
2024-10-22 15:25:26,906 - INFO - capturando tabela e convertendo em lista
2024-10-22 15:25:38,438 - INFO - montando DatFrame
2024-10-22 15:25:38,442 - INFO - DataFrame montado
2024-10-22 15:25:38,443 - INFO - paginando pagina-48 
2024-10-22 15:26:08,844 - INFO - capturando tabela e convertendo em lista
2024-10-22 15:26:20,408 - INFO - montando DatFrame
2024-10-22 15:26:20,413 - INFO - DataFrame montado
2024-10-22 15:26:20,414 - INFO - paginando pagina-49 
2024-10-22 15:26:54,048 - INFO - capturando tabela e convertendo em lista
2024-10-22 15:27:05,518 - INFO - montando DatFrame
2024-10-22 15:27:05,522 - INFO - DataFrame montado
2024-10-22 15:27:05,524 - INFO - paginando pagina-50 
2024-10-22 15:27:35,869 - INFO - capturando tabela e convertendo em lista
2024-10-22 15:27:47,380 - INFO - montando DatFrame
2024-10-22 15:27:47,387 - INFO - DataFrame montado
2024-10-22 15:27:47,389 - INFO - paginando pagina-51 
2024-10-22 15:28:16,832 - INFO - capturando tabela e convertendo em lista
2024-10-22 15:28:29,683 - INFO - montando DatFrame
2024-10-22 15:28:29,687 - INFO - DataFrame montado
2024-10-22 15:28:29,689 - INFO - paginando pagina-52 
2024-10-22 15:28:59,905 - INFO - capturando tabela e convertendo em lista
2024-10-22 15:29:11,512 - INFO - montando DatFrame
2024-10-22 15:29:11,518 - INFO - DataFrame montado
2024-10-22 15:29:11,520 - INFO - paginando pagina-53 
2024-10-22 15:29:40,351 - INFO - capturando tabela e convertendo em lista
2024-10-22 15:29:51,719 - INFO - montando DatFrame
2024-10-22 15:29:51,724 - INFO - DataFrame montado
2024-10-22 15:29:51,727 - INFO - paginando pagina-54 
2024-10-22 15:30:21,401 - INFO - capturando tabela e convertendo em lista
2024-10-22 15:30:33,109 - INFO - montando DatFrame
2024-10-22 15:30:33,113 - INFO - DataFrame montado
2024-10-22 15:30:33,115 - INFO - paginando pagina-55 
2024-10-22 15:31:04,019 - INFO - capturando tabela e convertendo em lista
2024-10-22 15:31:15,247 - INFO - montando DatFrame
2024-10-22 15:31:15,251 - INFO - DataFrame montado
2024-10-22 15:31:15,252 - INFO - paginando pagina-56 
2024-10-22 15:31:45,143 - INFO - capturando tabela e convertendo em lista
2024-10-22 15:32:01,994 - INFO - montando DatFrame
2024-10-22 15:32:02,005 - INFO - DataFrame montado
2024-10-22 15:32:02,008 - INFO - paginando pagina-57 
2024-10-22 15:32:35,913 - INFO - capturando tabela e convertendo em lista
2024-10-22 15:32:49,641 - INFO - montando DatFrame
2024-10-22 15:32:49,646 - INFO - DataFrame montado
2024-10-22 15:32:49,647 - INFO - paginando pagina-58 
2024-10-22 15:33:24,411 - INFO - capturando tabela e convertendo em lista
2024-10-22 15:33:37,338 - INFO - montando DatFrame
2024-10-22 15:33:37,342 - INFO - DataFrame montado
2024-10-22 15:33:37,344 - INFO - paginando pagina-59 
2024-10-22 15:34:09,587 - INFO - capturando tabela e convertendo em lista
2024-10-22 15:34:20,797 - INFO - montando DatFrame
2024-10-22 15:34:20,801 - INFO - DataFrame montado
2024-10-22 15:34:20,802 - INFO - paginando pagina-60 
2024-10-22 15:34:52,028 - INFO - capturando tabela e convertendo em lista
2024-10-22 15:35:04,115 - INFO - montando DatFrame
2024-10-22 15:35:04,120 - INFO - DataFrame montado
2024-10-22 15:35:04,122 - INFO - paginando pagina-61 
2024-10-22 15:35:34,037 - INFO - capturando tabela e convertendo em lista
2024-10-22 15:35:45,164 - INFO - montando DatFrame
2024-10-22 15:35:45,168 - INFO - DataFrame montado
2024-10-22 15:35:45,170 - INFO - paginando pagina-62 
2024-10-22 15:36:16,765 - INFO - capturando tabela e convertendo em lista
2024-10-22 15:36:30,915 - INFO - montando DatFrame
2024-10-22 15:36:30,920 - INFO - DataFrame montado
2024-10-22 15:36:30,922 - INFO - paginando pagina-63 
2024-10-22 15:37:00,559 - INFO - capturando tabela e convertendo em lista
2024-10-22 15:37:12,979 - INFO - montando DatFrame
2024-10-22 15:37:12,985 - INFO - DataFrame montado
2024-10-22 15:37:12,987 - INFO - paginando pagina-64 
2024-10-22 15:37:42,341 - INFO - capturando tabela e convertendo em lista
2024-10-22 15:37:55,924 - INFO - montando DatFrame
2024-10-22 15:37:55,928 - INFO - DataFrame montado
2024-10-22 15:37:55,930 - INFO - paginando pagina-65 
2024-10-22 15:38:29,161 - INFO - capturando tabela e convertendo em lista
2024-10-22 15:38:38,856 - INFO - montando DatFrame
2024-10-22 15:38:38,860 - INFO - DataFrame montado
2024-10-22 15:38:38,861 - INFO - paginando pagina-66 
2024-10-22 15:39:12,625 - INFO - capturando tabela e convertendo em lista
2024-10-22 15:39:22,749 - INFO - montando DatFrame
2024-10-22 15:39:22,753 - INFO - DataFrame montado
2024-10-22 15:39:22,755 - INFO - paginando pagina-67 
2024-10-22 15:39:55,844 - INFO - capturando tabela e convertendo em lista
2024-10-22 15:40:05,618 - INFO - montando DatFrame
2024-10-22 15:40:05,623 - INFO - DataFrame montado
2024-10-22 15:40:05,625 - INFO - paginando pagina-68 
2024-10-22 15:40:34,827 - INFO - capturando tabela e convertendo em lista
2024-10-22 15:40:44,772 - INFO - montando DatFrame
2024-10-22 15:40:44,776 - INFO - DataFrame montado
2024-10-22 15:40:44,777 - INFO - paginando pagina-69 
2024-10-22 15:41:15,418 - INFO - capturando tabela e convertendo em lista
2024-10-22 15:41:25,241 - INFO - montando DatFrame
2024-10-22 15:41:25,246 - INFO - DataFrame montado
2024-10-22 15:41:25,249 - INFO - paginando pagina-70 
2024-10-22 15:41:56,063 - INFO - capturando tabela e convertendo em lista
2024-10-22 15:42:05,839 - INFO - montando DatFrame
2024-10-22 15:42:05,844 - INFO - DataFrame montado
2024-10-22 15:42:05,845 - INFO - paginando pagina-71 
2024-10-22 15:42:39,044 - INFO - capturando tabela e convertendo em lista
2024-10-22 15:42:49,202 - INFO - montando DatFrame
2024-10-22 15:42:49,206 - INFO - DataFrame montado
2024-10-22 15:42:49,207 - INFO - paginando pagina-72 
2024-10-22 15:43:22,576 - INFO - capturando tabela e convertendo em lista
2024-10-22 15:43:32,267 - INFO - montando DatFrame
2024-10-22 15:43:32,270 - INFO - DataFrame montado
2024-10-22 15:43:32,272 - INFO - paginando pagina-73 
2024-10-22 15:44:03,242 - INFO - capturando tabela e convertendo em lista
2024-10-22 15:44:13,525 - INFO - montando DatFrame
2024-10-22 15:44:13,530 - INFO - DataFrame montado
2024-10-22 15:44:13,532 - INFO - paginando pagina-74 
2024-10-22 15:44:48,451 - INFO - capturando tabela e convertendo em lista
2024-10-22 15:44:58,489 - INFO - montando DatFrame
2024-10-22 15:44:58,493 - INFO - DataFrame montado
2024-10-22 15:44:58,495 - INFO - paginando pagina-75 
2024-10-22 15:45:34,415 - INFO - capturando tabela e convertendo em lista
2024-10-22 15:45:44,658 - INFO - montando DatFrame
2024-10-22 15:45:44,662 - INFO - DataFrame montado
2024-10-22 15:45:44,663 - INFO - paginando pagina-76 
2024-10-22 15:46:16,828 - INFO - capturando tabela e convertendo em lista
2024-10-22 15:46:26,909 - INFO - montando DatFrame
2024-10-22 15:46:26,913 - INFO - DataFrame montado
2024-10-22 15:46:26,915 - INFO - paginando pagina-77 
2024-10-22 15:46:58,882 - INFO - capturando tabela e convertendo em lista
2024-10-22 15:47:09,808 - INFO - montando DatFrame
2024-10-22 15:47:09,812 - INFO - DataFrame montado
2024-10-22 15:47:09,814 - INFO - paginando pagina-78 
2024-10-22 15:47:41,251 - INFO - capturando tabela e convertendo em lista
2024-10-22 15:47:51,452 - INFO - montando DatFrame
2024-10-22 15:47:51,458 - INFO - DataFrame montado
2024-10-22 15:47:51,460 - INFO - paginando pagina-79 
2024-10-22 15:48:24,611 - INFO - capturando tabela e convertendo em lista
2024-10-22 15:48:34,552 - INFO - montando DatFrame
2024-10-22 15:48:34,557 - INFO - DataFrame montado
2024-10-22 15:48:34,559 - INFO - paginando pagina-80 
2024-10-22 15:49:06,128 - INFO - capturando tabela e convertendo em lista
2024-10-22 15:49:16,073 - INFO - montando DatFrame
2024-10-22 15:49:16,077 - INFO - DataFrame montado
2024-10-22 15:49:16,079 - INFO - paginando pagina-81 
2024-10-22 15:49:47,545 - INFO - capturando tabela e convertendo em lista
2024-10-22 15:49:57,336 - INFO - montando DatFrame
2024-10-22 15:49:57,340 - INFO - DataFrame montado
2024-10-22 15:49:57,343 - INFO - paginando pagina-82 
2024-10-22 15:50:31,297 - INFO - capturando tabela e convertendo em lista
2024-10-22 15:50:41,581 - INFO - montando DatFrame
2024-10-22 15:50:41,585 - INFO - DataFrame montado
2024-10-22 15:50:41,587 - INFO - paginando pagina-83 
2024-10-22 15:51:15,583 - INFO - capturando tabela e convertendo em lista
2024-10-22 15:51:25,638 - INFO - montando DatFrame
2024-10-22 15:51:25,641 - INFO - DataFrame montado
2024-10-22 15:51:25,643 - INFO - paginando pagina-84 
2024-10-22 15:51:58,696 - INFO - capturando tabela e convertendo em lista
2024-10-22 15:52:08,868 - INFO - montando DatFrame
2024-10-22 15:52:08,872 - INFO - DataFrame montado
2024-10-22 15:52:08,874 - INFO - paginando pagina-85 
2024-10-22 15:52:38,008 - INFO - capturando tabela e convertendo em lista
2024-10-22 15:52:47,704 - INFO - montando DatFrame
2024-10-22 15:52:47,707 - INFO - DataFrame montado
2024-10-22 15:52:47,709 - INFO - paginando pagina-86 
2024-10-22 15:53:17,005 - INFO - capturando tabela e convertendo em lista
2024-10-22 15:53:27,176 - INFO - montando DatFrame
2024-10-22 15:53:27,180 - INFO - DataFrame montado
2024-10-22 15:53:27,183 - INFO - paginando pagina-87 
2024-10-22 15:53:57,371 - INFO - capturando tabela e convertendo em lista
2024-10-22 15:54:08,132 - INFO - montando DatFrame
2024-10-22 15:54:08,137 - INFO - DataFrame montado
2024-10-22 15:54:08,139 - INFO - paginando pagina-88 
2024-10-22 15:54:38,763 - INFO - capturando tabela e convertendo em lista
2024-10-22 15:54:49,131 - INFO - montando DatFrame
2024-10-22 15:54:49,135 - INFO - DataFrame montado
2024-10-22 15:54:49,137 - INFO - paginando pagina-89 
2024-10-22 15:55:19,311 - INFO - capturando tabela e convertendo em lista
2024-10-22 15:55:29,439 - INFO - montando DatFrame
2024-10-22 15:55:29,442 - INFO - DataFrame montado
2024-10-22 15:55:29,444 - INFO - paginando pagina-90 
2024-10-22 15:55:59,983 - INFO - capturando tabela e convertendo em lista
2024-10-22 15:56:10,118 - INFO - montando DatFrame
2024-10-22 15:56:10,122 - INFO - DataFrame montado
2024-10-22 15:56:10,124 - INFO - paginando pagina-91 
2024-10-22 15:56:44,808 - INFO - capturando tabela e convertendo em lista
2024-10-22 15:56:54,606 - INFO - montando DatFrame
2024-10-22 15:56:54,611 - INFO - DataFrame montado
2024-10-22 15:56:54,613 - INFO - paginando pagina-92 
2024-10-22 15:57:30,661 - INFO - capturando tabela e convertendo em lista
2024-10-22 15:57:40,094 - INFO - montando DatFrame
2024-10-22 15:57:40,098 - INFO - DataFrame montado
2024-10-22 15:57:40,101 - INFO - paginando pagina-93 
2024-10-22 15:58:13,407 - INFO - capturando tabela e convertendo em lista
2024-10-22 15:58:23,087 - INFO - montando DatFrame
2024-10-22 15:58:23,091 - INFO - DataFrame montado
2024-10-22 15:58:23,093 - INFO - paginando pagina-94 
2024-10-22 15:58:54,217 - INFO - capturando tabela e convertendo em lista
2024-10-22 15:59:04,799 - INFO - montando DatFrame
2024-10-22 15:59:04,803 - INFO - DataFrame montado
2024-10-22 15:59:04,806 - INFO - paginando pagina-95 
2024-10-22 15:59:34,929 - INFO - capturando tabela e convertendo em lista
2024-10-22 15:59:44,821 - INFO - montando DatFrame
2024-10-22 15:59:44,824 - INFO - DataFrame montado
2024-10-22 15:59:44,826 - INFO - paginando pagina-96 
2024-10-22 16:00:14,222 - INFO - capturando tabela e convertendo em lista
2024-10-22 16:00:24,422 - INFO - montando DatFrame
2024-10-22 16:00:24,426 - INFO - DataFrame montado
2024-10-22 16:00:24,428 - INFO - paginando pagina-97 
2024-10-22 16:00:57,706 - INFO - capturando tabela e convertendo em lista
2024-10-22 16:01:07,391 - INFO - montando DatFrame
2024-10-22 16:01:07,394 - INFO - DataFrame montado
2024-10-22 16:01:07,396 - INFO - paginando pagina-98 
2024-10-22 16:01:38,426 - INFO - capturando tabela e convertendo em lista
2024-10-22 16:01:48,489 - INFO - montando DatFrame
2024-10-22 16:01:48,493 - INFO - DataFrame montado
2024-10-22 16:01:48,495 - INFO - paginando pagina-99 
2024-10-22 16:02:19,937 - INFO - capturando tabela e convertendo em lista
2024-10-22 16:02:30,106 - INFO - montando DatFrame
2024-10-22 16:02:30,110 - INFO - DataFrame montado
2024-10-22 16:02:30,113 - INFO - paginando pagina-100 
2024-10-22 16:03:00,899 - INFO - capturando tabela e convertendo em lista
2024-10-22 16:03:10,612 - INFO - montando DatFrame
2024-10-22 16:03:10,615 - INFO - DataFrame montado
2024-10-22 16:03:10,618 - INFO - paginando pagina-101 
2024-10-22 16:03:41,425 - INFO - capturando tabela e convertendo em lista
2024-10-22 16:03:52,106 - INFO - montando DatFrame
2024-10-22 16:03:52,111 - INFO - DataFrame montado
2024-10-22 16:03:52,113 - INFO - paginando pagina-102 
2024-10-22 16:04:18,550 - INFO - capturando tabela e convertendo em lista
2024-10-22 16:04:28,896 - INFO - montando DatFrame
2024-10-22 16:04:28,900 - INFO - DataFrame montado
2024-10-22 16:04:28,902 - INFO - paginando pagina-103 
2024-10-22 16:04:54,097 - INFO - capturando tabela e convertendo em lista
2024-10-22 16:05:04,232 - INFO - montando DatFrame
2024-10-22 16:05:04,237 - INFO - DataFrame montado
2024-10-22 16:05:04,239 - INFO - paginando pagina-104 
2024-10-22 16:05:33,208 - INFO - capturando tabela e convertendo em lista
2024-10-22 16:05:46,027 - INFO - montando DatFrame
2024-10-22 16:05:46,032 - INFO - DataFrame montado
2024-10-22 16:05:46,034 - INFO - paginando pagina-105 
2024-10-22 16:06:16,537 - INFO - capturando tabela e convertendo em lista
2024-10-22 16:06:26,412 - INFO - montando DatFrame
2024-10-22 16:06:26,415 - INFO - DataFrame montado
2024-10-22 16:06:26,418 - INFO - paginando pagina-106 
2024-10-22 16:06:56,907 - INFO - capturando tabela e convertendo em lista
2024-10-22 16:07:06,885 - INFO - montando DatFrame
2024-10-22 16:07:06,888 - INFO - DataFrame montado
2024-10-22 16:07:06,890 - INFO - paginando pagina-107 
2024-10-22 16:07:39,083 - INFO - capturando tabela e convertendo em lista
2024-10-22 16:07:48,769 - INFO - montando DatFrame
2024-10-22 16:07:48,774 - INFO - DataFrame montado
2024-10-22 16:07:48,778 - INFO - paginando pagina-108 
2024-10-22 16:08:18,820 - INFO - capturando tabela e convertendo em lista
2024-10-22 16:08:28,679 - INFO - montando DatFrame
2024-10-22 16:08:28,682 - INFO - DataFrame montado
2024-10-22 16:08:28,685 - INFO - paginando pagina-109 
2024-10-22 16:08:58,514 - INFO - capturando tabela e convertendo em lista
2024-10-22 16:09:08,654 - INFO - montando DatFrame
2024-10-22 16:09:08,659 - INFO - DataFrame montado
2024-10-22 16:09:08,661 - INFO - paginando pagina-110 
2024-10-22 16:09:40,866 - INFO - capturando tabela e convertendo em lista
2024-10-22 16:09:50,407 - INFO - montando DatFrame
2024-10-22 16:09:50,411 - INFO - DataFrame montado
2024-10-22 16:09:50,413 - INFO - paginando pagina-111 
2024-10-22 16:10:19,642 - INFO - capturando tabela e convertendo em lista
2024-10-22 16:10:29,798 - INFO - montando DatFrame
2024-10-22 16:10:29,802 - INFO - DataFrame montado
2024-10-22 16:10:29,805 - INFO - paginando pagina-112 
2024-10-22 16:10:59,857 - INFO - capturando tabela e convertendo em lista
2024-10-22 16:11:09,502 - INFO - montando DatFrame
2024-10-22 16:11:09,505 - INFO - DataFrame montado
2024-10-22 16:11:09,508 - INFO - paginando pagina-113 
2024-10-22 16:11:39,137 - INFO - capturando tabela e convertendo em lista
2024-10-22 16:11:49,070 - INFO - montando DatFrame
2024-10-22 16:11:49,074 - INFO - DataFrame montado
2024-10-22 16:11:49,077 - INFO - paginando pagina-114 
2024-10-22 16:12:17,757 - INFO - capturando tabela e convertendo em lista
2024-10-22 16:12:27,959 - INFO - montando DatFrame
2024-10-22 16:12:27,963 - INFO - DataFrame montado
2024-10-22 16:12:27,966 - INFO - paginando pagina-115 
2024-10-22 16:13:00,083 - INFO - capturando tabela e convertendo em lista
2024-10-22 16:13:09,803 - INFO - montando DatFrame
2024-10-22 16:13:09,808 - INFO - DataFrame montado
2024-10-22 16:13:09,811 - INFO - paginando pagina-116 
2024-10-22 16:13:39,829 - INFO - capturando tabela e convertendo em lista
2024-10-22 16:13:49,607 - INFO - montando DatFrame
2024-10-22 16:13:49,611 - INFO - DataFrame montado
2024-10-22 16:13:49,613 - INFO - paginando pagina-117 
2024-10-22 16:14:19,110 - INFO - capturando tabela e convertendo em lista
2024-10-22 16:14:28,877 - INFO - montando DatFrame
2024-10-22 16:14:28,881 - INFO - DataFrame montado
2024-10-22 16:14:28,884 - INFO - paginando pagina-118 
2024-10-22 16:14:58,344 - INFO - capturando tabela e convertendo em lista
2024-10-22 16:15:08,323 - INFO - montando DatFrame
2024-10-22 16:15:08,327 - INFO - DataFrame montado
2024-10-22 16:15:08,330 - INFO - paginando pagina-119 
2024-10-22 16:15:38,304 - INFO - capturando tabela e convertendo em lista
2024-10-22 16:15:48,238 - INFO - montando DatFrame
2024-10-22 16:15:48,241 - INFO - DataFrame montado
2024-10-22 16:15:48,245 - INFO - paginando pagina-120 
2024-10-22 16:16:18,805 - INFO - capturando tabela e convertendo em lista
2024-10-22 16:16:28,929 - INFO - montando DatFrame
2024-10-22 16:16:28,933 - INFO - DataFrame montado
2024-10-22 16:16:28,936 - INFO - paginando pagina-121 
2024-10-22 16:17:00,360 - INFO - capturando tabela e convertendo em lista
2024-10-22 16:17:10,500 - INFO - montando DatFrame
2024-10-22 16:17:10,504 - INFO - DataFrame montado
2024-10-22 16:17:10,507 - INFO - paginando pagina-122 
2024-10-22 16:17:41,936 - INFO - capturando tabela e convertendo em lista
2024-10-22 16:17:51,832 - INFO - montando DatFrame
2024-10-22 16:17:51,835 - INFO - DataFrame montado
2024-10-22 16:17:51,838 - INFO - paginando pagina-123 
2024-10-22 16:18:21,874 - INFO - capturando tabela e convertendo em lista
2024-10-22 16:18:32,172 - INFO - montando DatFrame
2024-10-22 16:18:32,176 - INFO - DataFrame montado
2024-10-22 16:18:32,180 - INFO - paginando pagina-124 
2024-10-22 16:19:02,835 - INFO - capturando tabela e convertendo em lista
2024-10-22 16:19:12,937 - INFO - montando DatFrame
2024-10-22 16:19:12,941 - INFO - DataFrame montado
2024-10-22 16:19:12,944 - INFO - paginando pagina-125 
2024-10-22 16:19:45,743 - INFO - capturando tabela e convertendo em lista
2024-10-22 16:19:55,800 - INFO - montando DatFrame
2024-10-22 16:19:55,803 - INFO - DataFrame montado
2024-10-22 16:19:55,806 - INFO - paginando pagina-126 
2024-10-22 16:20:23,565 - INFO - capturando tabela e convertendo em lista
2024-10-22 16:20:33,640 - INFO - montando DatFrame
2024-10-22 16:20:33,644 - INFO - DataFrame montado
2024-10-22 16:20:33,646 - INFO - paginando pagina-127 
2024-10-22 16:21:04,817 - INFO - capturando tabela e convertendo em lista
2024-10-22 16:21:14,929 - INFO - montando DatFrame
2024-10-22 16:21:14,933 - INFO - DataFrame montado
2024-10-22 16:21:14,936 - INFO - paginando pagina-128 
2024-10-22 16:21:46,484 - INFO - capturando tabela e convertendo em lista
2024-10-22 16:21:56,241 - INFO - montando DatFrame
2024-10-22 16:21:56,245 - INFO - DataFrame montado
2024-10-22 16:21:56,248 - INFO - paginando pagina-129 
2024-10-22 16:22:27,267 - INFO - capturando tabela e convertendo em lista
2024-10-22 16:22:37,259 - INFO - montando DatFrame
2024-10-22 16:22:37,263 - INFO - DataFrame montado
2024-10-22 16:22:37,266 - INFO - paginando pagina-130 
2024-10-22 16:23:07,857 - INFO - capturando tabela e convertendo em lista
2024-10-22 16:23:17,647 - INFO - montando DatFrame
2024-10-22 16:23:17,653 - INFO - DataFrame montado
2024-10-22 16:23:17,656 - INFO - paginando pagina-131 
2024-10-22 16:23:47,811 - INFO - capturando tabela e convertendo em lista
2024-10-22 16:23:57,396 - INFO - montando DatFrame
2024-10-22 16:23:57,400 - INFO - DataFrame montado
2024-10-22 16:23:57,403 - INFO - paginando pagina-132 
2024-10-22 16:24:27,215 - INFO - capturando tabela e convertendo em lista
2024-10-22 16:24:37,060 - INFO - montando DatFrame
2024-10-22 16:24:37,064 - INFO - DataFrame montado
2024-10-22 16:24:37,067 - INFO - paginando pagina-133 
2024-10-22 16:25:08,145 - INFO - capturando tabela e convertendo em lista
2024-10-22 16:25:17,735 - INFO - montando DatFrame
2024-10-22 16:25:17,739 - INFO - DataFrame montado
2024-10-22 16:25:17,741 - INFO - paginando pagina-134 
2024-10-22 16:25:48,208 - INFO - capturando tabela e convertendo em lista
2024-10-22 16:25:58,173 - INFO - montando DatFrame
2024-10-22 16:25:58,177 - INFO - DataFrame montado
2024-10-22 16:25:58,181 - INFO - paginando pagina-135 
2024-10-22 16:26:27,802 - INFO - capturando tabela e convertendo em lista
2024-10-22 16:26:37,726 - INFO - montando DatFrame
2024-10-22 16:26:37,730 - INFO - DataFrame montado
2024-10-22 16:26:37,733 - INFO - paginando pagina-136 
2024-10-22 16:27:07,758 - INFO - capturando tabela e convertendo em lista
2024-10-22 16:27:17,570 - INFO - montando DatFrame
2024-10-22 16:27:17,574 - INFO - DataFrame montado
2024-10-22 16:27:17,578 - INFO - paginando pagina-137 
2024-10-22 16:27:47,215 - INFO - capturando tabela e convertendo em lista
2024-10-22 16:27:57,069 - INFO - montando DatFrame
2024-10-22 16:27:57,073 - INFO - DataFrame montado
2024-10-22 16:27:57,076 - INFO - paginando pagina-138 
2024-10-22 16:28:27,932 - INFO - capturando tabela e convertendo em lista
2024-10-22 16:28:37,829 - INFO - montando DatFrame
2024-10-22 16:28:37,833 - INFO - DataFrame montado
2024-10-22 16:28:37,837 - INFO - paginando pagina-139 
2024-10-22 16:29:07,807 - INFO - capturando tabela e convertendo em lista
2024-10-22 16:29:17,658 - INFO - montando DatFrame
2024-10-22 16:29:17,661 - INFO - DataFrame montado
2024-10-22 16:29:17,664 - INFO - paginando pagina-140 
2024-10-22 16:29:48,485 - INFO - capturando tabela e convertendo em lista
2024-10-22 16:29:58,319 - INFO - montando DatFrame
2024-10-22 16:29:58,324 - INFO - DataFrame montado
2024-10-22 16:29:58,328 - INFO - paginando pagina-141 
2024-10-22 16:30:28,237 - INFO - capturando tabela e convertendo em lista
2024-10-22 16:30:38,105 - INFO - montando DatFrame
2024-10-22 16:30:38,109 - INFO - DataFrame montado
2024-10-22 16:30:38,112 - INFO - paginando pagina-142 
2024-10-22 16:31:07,784 - INFO - capturando tabela e convertendo em lista
2024-10-22 16:31:17,630 - INFO - montando DatFrame
2024-10-22 16:31:17,634 - INFO - DataFrame montado
2024-10-22 16:31:17,637 - INFO - paginando pagina-143 
2024-10-22 16:31:50,274 - INFO - capturando tabela e convertendo em lista
2024-10-22 16:32:01,036 - INFO - montando DatFrame
2024-10-22 16:32:01,040 - INFO - DataFrame montado
2024-10-22 16:32:01,043 - INFO - paginando pagina-144 
2024-10-22 16:32:31,511 - INFO - capturando tabela e convertendo em lista
2024-10-22 16:32:42,176 - INFO - montando DatFrame
2024-10-22 16:32:42,181 - INFO - DataFrame montado
2024-10-22 16:32:42,184 - INFO - paginando pagina-145 
2024-10-22 16:33:14,546 - INFO - capturando tabela e convertendo em lista
2024-10-22 16:33:24,296 - INFO - montando DatFrame
2024-10-22 16:33:24,300 - INFO - DataFrame montado
2024-10-22 16:33:24,303 - INFO - paginando pagina-146 
2024-10-22 16:33:53,578 - INFO - capturando tabela e convertendo em lista
2024-10-22 16:34:03,920 - INFO - montando DatFrame
2024-10-22 16:34:03,923 - INFO - DataFrame montado
2024-10-22 16:34:03,926 - INFO - paginando pagina-147 
2024-10-22 16:34:39,106 - INFO - capturando tabela e convertendo em lista
2024-10-22 16:34:49,016 - INFO - montando DatFrame
2024-10-22 16:34:49,019 - INFO - DataFrame montado
2024-10-22 16:34:49,022 - INFO - paginando pagina-148 
2024-10-22 16:35:22,487 - INFO - capturando tabela e convertendo em lista
2024-10-22 16:35:32,225 - INFO - montando DatFrame
2024-10-22 16:35:32,228 - INFO - DataFrame montado
2024-10-22 16:35:32,232 - INFO - paginando pagina-149 
2024-10-22 16:36:02,983 - INFO - capturando tabela e convertendo em lista
2024-10-22 16:36:13,397 - INFO - montando DatFrame
2024-10-22 16:36:13,401 - INFO - DataFrame montado
2024-10-22 16:36:13,404 - INFO - paginando pagina-150 
2024-10-22 16:36:42,634 - INFO - capturando tabela e convertendo em lista
2024-10-22 16:36:52,694 - INFO - montando DatFrame
2024-10-22 16:36:52,699 - INFO - DataFrame montado
2024-10-22 16:36:52,702 - INFO - paginando pagina-151 
2024-10-22 16:37:22,634 - INFO - capturando tabela e convertendo em lista
2024-10-22 16:37:32,727 - INFO - montando DatFrame
2024-10-22 16:37:32,731 - INFO - DataFrame montado
2024-10-22 16:37:32,734 - INFO - paginando pagina-152 
2024-10-22 16:38:03,787 - INFO - capturando tabela e convertendo em lista
2024-10-22 16:38:13,722 - INFO - montando DatFrame
2024-10-22 16:38:13,727 - INFO - DataFrame montado
2024-10-22 16:38:13,730 - INFO - paginando pagina-153 
2024-10-22 16:38:44,115 - INFO - capturando tabela e convertendo em lista
2024-10-22 16:38:53,941 - INFO - montando DatFrame
2024-10-22 16:38:53,944 - INFO - DataFrame montado
2024-10-22 16:38:53,948 - INFO - paginando pagina-154 
2024-10-22 16:39:24,838 - INFO - capturando tabela e convertendo em lista
2024-10-22 16:39:36,402 - INFO - montando DatFrame
2024-10-22 16:39:36,406 - INFO - DataFrame montado
2024-10-22 16:39:36,410 - INFO - paginando pagina-155 
2024-10-22 16:40:06,927 - INFO - capturando tabela e convertendo em lista
2024-10-22 16:40:16,867 - INFO - montando DatFrame
2024-10-22 16:40:16,871 - INFO - DataFrame montado
2024-10-22 16:40:16,875 - INFO - paginando pagina-156 
2024-10-22 16:40:46,932 - INFO - capturando tabela e convertendo em lista
2024-10-22 16:40:57,435 - INFO - montando DatFrame
2024-10-22 16:40:57,439 - INFO - DataFrame montado
2024-10-22 16:40:57,442 - INFO - paginando pagina-157 
2024-10-22 16:41:27,918 - INFO - capturando tabela e convertendo em lista
2024-10-22 16:41:37,791 - INFO - montando DatFrame
2024-10-22 16:41:37,794 - INFO - DataFrame montado
2024-10-22 16:41:37,799 - INFO - paginando pagina-158 
2024-10-22 16:42:10,696 - INFO - capturando tabela e convertendo em lista
2024-10-22 16:42:20,548 - INFO - montando DatFrame
2024-10-22 16:42:20,552 - INFO - DataFrame montado
2024-10-22 16:42:20,555 - INFO - paginando pagina-159 
2024-10-22 16:42:52,290 - INFO - capturando tabela e convertendo em lista
2024-10-22 16:43:02,196 - INFO - montando DatFrame
2024-10-22 16:43:02,201 - INFO - DataFrame montado
2024-10-22 16:43:02,205 - INFO - paginando pagina-160 
2024-10-22 16:43:32,841 - INFO - capturando tabela e convertendo em lista
2024-10-22 16:43:42,747 - INFO - montando DatFrame
2024-10-22 16:43:42,750 - INFO - DataFrame montado
2024-10-22 16:43:42,753 - INFO - paginando pagina-161 
2024-10-22 16:44:12,940 - INFO - capturando tabela e convertendo em lista
2024-10-22 16:44:23,207 - INFO - montando DatFrame
2024-10-22 16:44:23,211 - INFO - DataFrame montado
2024-10-22 16:44:23,215 - INFO - paginando pagina-162 
2024-10-22 16:44:52,977 - INFO - capturando tabela e convertendo em lista
2024-10-22 16:45:02,646 - INFO - montando DatFrame
2024-10-22 16:45:02,650 - INFO - DataFrame montado
2024-10-22 16:45:02,653 - INFO - paginando pagina-163 
2024-10-22 16:45:34,833 - INFO - capturando tabela e convertendo em lista
2024-10-22 16:45:45,198 - INFO - montando DatFrame
2024-10-22 16:45:45,203 - INFO - DataFrame montado
2024-10-22 16:45:45,206 - INFO - paginando pagina-164 
2024-10-22 16:46:16,389 - INFO - capturando tabela e convertendo em lista
2024-10-22 16:46:26,356 - INFO - montando DatFrame
2024-10-22 16:46:26,360 - INFO - DataFrame montado
2024-10-22 16:46:26,363 - INFO - paginando pagina-165 
2024-10-22 16:46:58,560 - INFO - capturando tabela e convertendo em lista
2024-10-22 16:47:08,639 - INFO - montando DatFrame
2024-10-22 16:47:08,643 - INFO - DataFrame montado
2024-10-22 16:47:08,646 - INFO - paginando pagina-166 
2024-10-22 16:47:08,949 - INFO - Caiu as: 2024-10-22 16:47:08.949093 - na pagina 166
2024-10-22 16:47:11,679 - INFO - Iniciando navegador
2024-10-22 16:47:16,693 - INFO - acessando SUAP
2024-10-22 16:47:17,601 - INFO - inserindo nome e senha
2024-10-22 16:47:27,006 - INFO - Retomou as: 2024-10-22 16:47:27.006812 na pagina 166
2024-10-22 16:48:00,566 - INFO - capturando tabela e convertendo em lista
2024-10-22 16:48:10,792 - INFO - montando DatFrame
2024-10-22 16:48:10,796 - INFO - DataFrame montado
2024-10-22 16:48:10,801 - INFO - pagina pos erro - 167
2024-10-22 16:48:10,801 - INFO - paginando pagina-167 
2024-10-22 16:48:45,058 - INFO - capturando tabela e convertendo em lista
2024-10-22 16:48:55,648 - INFO - montando DatFrame
2024-10-22 16:48:55,653 - INFO - DataFrame montado
2024-10-22 16:48:55,658 - INFO - paginando pagina-168 
2024-10-22 16:49:28,325 - INFO - capturando tabela e convertendo em lista
2024-10-22 16:49:38,339 - INFO - montando DatFrame
2024-10-22 16:49:38,343 - INFO - DataFrame montado
2024-10-22 16:49:38,347 - INFO - paginando pagina-169 
2024-10-22 16:50:08,702 - INFO - capturando tabela e convertendo em lista
2024-10-22 16:50:19,434 - INFO - montando DatFrame
2024-10-22 16:50:19,438 - INFO - DataFrame montado
2024-10-22 16:50:19,441 - INFO - paginando pagina-170 
2024-10-22 16:50:50,333 - INFO - capturando tabela e convertendo em lista
2024-10-22 16:51:00,269 - INFO - montando DatFrame
2024-10-22 16:51:00,274 - INFO - DataFrame montado
2024-10-22 16:51:00,278 - INFO - paginando pagina-171 
2024-10-22 16:51:30,988 - INFO - capturando tabela e convertendo em lista
2024-10-22 16:51:41,106 - INFO - montando DatFrame
2024-10-22 16:51:41,109 - INFO - DataFrame montado
2024-10-22 16:51:41,113 - INFO - paginando pagina-172 
2024-10-22 16:52:11,308 - INFO - capturando tabela e convertendo em lista
2024-10-22 16:52:22,026 - INFO - montando DatFrame
2024-10-22 16:52:22,031 - INFO - DataFrame montado
2024-10-22 16:52:22,034 - INFO - paginando pagina-173 
2024-10-22 16:52:52,270 - INFO - capturando tabela e convertendo em lista
2024-10-22 16:53:02,105 - INFO - montando DatFrame
2024-10-22 16:53:02,109 - INFO - DataFrame montado
2024-10-22 16:53:02,113 - INFO - paginando pagina-174 
2024-10-22 16:53:32,785 - INFO - capturando tabela e convertendo em lista
2024-10-22 16:53:43,137 - INFO - montando DatFrame
2024-10-22 16:53:43,142 - INFO - DataFrame montado
2024-10-22 16:53:43,146 - INFO - paginando pagina-175 
2024-10-22 16:54:17,479 - INFO - capturando tabela e convertendo em lista
2024-10-22 16:54:27,300 - INFO - montando DatFrame
2024-10-22 16:54:27,303 - INFO - DataFrame montado
2024-10-22 16:54:27,307 - INFO - paginando pagina-176 
2024-10-22 16:55:01,439 - INFO - capturando tabela e convertendo em lista
2024-10-22 16:55:11,154 - INFO - montando DatFrame
2024-10-22 16:55:11,158 - INFO - DataFrame montado
2024-10-22 16:55:11,161 - INFO - paginando pagina-177 
2024-10-22 16:55:42,143 - INFO - capturando tabela e convertendo em lista
2024-10-22 16:55:52,967 - INFO - montando DatFrame
2024-10-22 16:55:52,971 - INFO - DataFrame montado
2024-10-22 16:55:52,974 - INFO - paginando pagina-178 
2024-10-22 16:56:22,396 - INFO - capturando tabela e convertendo em lista
2024-10-22 16:56:32,385 - INFO - montando DatFrame
2024-10-22 16:56:32,389 - INFO - DataFrame montado
2024-10-22 16:56:32,393 - INFO - paginando pagina-179 
2024-10-22 16:57:02,366 - INFO - capturando tabela e convertendo em lista
2024-10-22 16:57:12,993 - INFO - montando DatFrame
2024-10-22 16:57:12,997 - INFO - DataFrame montado
2024-10-22 16:57:13,001 - INFO - paginando pagina-180 
2024-10-22 16:57:42,484 - INFO - capturando tabela e convertendo em lista
2024-10-22 16:57:52,739 - INFO - montando DatFrame
2024-10-22 16:57:52,743 - INFO - DataFrame montado
2024-10-22 16:57:52,747 - INFO - paginando pagina-181 
2024-10-22 16:58:22,344 - INFO - capturando tabela e convertendo em lista
2024-10-22 16:58:32,881 - INFO - montando DatFrame
2024-10-22 16:58:32,884 - INFO - DataFrame montado
2024-10-22 16:58:32,888 - INFO - paginando pagina-182 
2024-10-22 16:59:02,715 - INFO - capturando tabela e convertendo em lista
2024-10-22 16:59:12,756 - INFO - montando DatFrame
2024-10-22 16:59:12,760 - INFO - DataFrame montado
2024-10-22 16:59:12,764 - INFO - paginando pagina-183 
2024-10-22 16:59:43,931 - INFO - capturando tabela e convertendo em lista
2024-10-22 16:59:54,508 - INFO - montando DatFrame
2024-10-22 16:59:54,512 - INFO - DataFrame montado
2024-10-22 16:59:54,516 - INFO - paginando pagina-184 
2024-10-22 17:00:29,713 - INFO - capturando tabela e convertendo em lista
2024-10-22 17:00:39,678 - INFO - montando DatFrame
2024-10-22 17:00:39,683 - INFO - DataFrame montado
2024-10-22 17:00:39,687 - INFO - paginando pagina-185 
2024-10-22 17:01:15,049 - INFO - capturando tabela e convertendo em lista
2024-10-22 17:01:25,045 - INFO - montando DatFrame
2024-10-22 17:01:25,050 - INFO - DataFrame montado
2024-10-22 17:01:25,055 - INFO - paginando pagina-186 
2024-10-22 17:01:57,439 - INFO - capturando tabela e convertendo em lista
2024-10-22 17:02:07,317 - INFO - montando DatFrame
2024-10-22 17:02:07,321 - INFO - DataFrame montado
2024-10-22 17:02:07,325 - INFO - paginando pagina-187 
2024-10-22 17:02:38,274 - INFO - capturando tabela e convertendo em lista
2024-10-22 17:02:49,137 - INFO - montando DatFrame
2024-10-22 17:02:49,141 - INFO - DataFrame montado
2024-10-22 17:02:49,145 - INFO - paginando pagina-188 
2024-10-22 17:03:20,397 - INFO - capturando tabela e convertendo em lista
2024-10-22 17:03:30,348 - INFO - montando DatFrame
2024-10-22 17:03:30,353 - INFO - DataFrame montado
2024-10-22 17:03:30,357 - INFO - paginando pagina-189 
2024-10-22 17:04:01,104 - INFO - capturando tabela e convertendo em lista
2024-10-22 17:04:13,327 - INFO - montando DatFrame
2024-10-22 17:04:13,331 - INFO - DataFrame montado
2024-10-22 17:04:13,336 - INFO - paginando pagina-190 
2024-10-22 17:04:43,971 - INFO - capturando tabela e convertendo em lista
2024-10-22 17:04:54,211 - INFO - montando DatFrame
2024-10-22 17:04:54,216 - INFO - DataFrame montado
2024-10-22 17:04:54,221 - INFO - paginando pagina-191 
2024-10-22 17:05:23,399 - INFO - capturando tabela e convertendo em lista
2024-10-22 17:05:34,306 - INFO - montando DatFrame
2024-10-22 17:05:34,310 - INFO - DataFrame montado
2024-10-22 17:05:34,314 - INFO - paginando pagina-192 
2024-10-22 17:06:04,806 - INFO - capturando tabela e convertendo em lista
2024-10-22 17:06:18,678 - INFO - montando DatFrame
2024-10-22 17:06:18,682 - INFO - DataFrame montado
2024-10-22 17:06:18,686 - INFO - paginando pagina-193 
2024-10-22 17:06:49,768 - INFO - capturando tabela e convertendo em lista
2024-10-22 17:07:02,549 - INFO - montando DatFrame
2024-10-22 17:07:02,554 - INFO - DataFrame montado
2024-10-22 17:07:02,560 - INFO - paginando pagina-194 
2024-10-22 17:07:30,848 - INFO - capturando tabela e convertendo em lista
2024-10-22 17:07:56,037 - INFO - montando DatFrame
2024-10-22 17:07:56,048 - INFO - DataFrame montado
2024-10-22 17:07:56,060 - INFO - paginando pagina-195 
2024-10-22 17:08:21,316 - INFO - capturando tabela e convertendo em lista
2024-10-22 17:08:37,546 - INFO - montando DatFrame
2024-10-22 17:08:37,551 - INFO - DataFrame montado
2024-10-22 17:08:37,555 - INFO - paginando pagina-196 
2024-10-22 17:09:04,056 - INFO - capturando tabela e convertendo em lista
2024-10-22 17:09:15,085 - INFO - montando DatFrame
2024-10-22 17:09:15,089 - INFO - DataFrame montado
2024-10-22 17:09:15,093 - INFO - paginando pagina-197 
2024-10-22 17:09:40,593 - INFO - capturando tabela e convertendo em lista
2024-10-22 17:09:50,604 - INFO - montando DatFrame
2024-10-22 17:09:50,608 - INFO - DataFrame montado
2024-10-22 17:09:50,612 - INFO - paginando pagina-198 
2024-10-22 17:10:16,497 - INFO - capturando tabela e convertendo em lista
2024-10-22 17:10:28,027 - INFO - montando DatFrame
2024-10-22 17:10:28,031 - INFO - DataFrame montado
2024-10-22 17:10:28,036 - INFO - paginando pagina-199 
2024-10-22 17:10:55,268 - INFO - capturando tabela e convertendo em lista
2024-10-22 17:11:05,875 - INFO - montando DatFrame
2024-10-22 17:11:05,878 - INFO - DataFrame montado
2024-10-22 17:11:05,882 - INFO - paginando pagina-200 
2024-10-22 17:11:30,988 - INFO - capturando tabela e convertendo em lista
2024-10-22 17:11:41,341 - INFO - montando DatFrame
2024-10-22 17:11:41,345 - INFO - DataFrame montado
2024-10-22 17:11:41,349 - INFO - paginando pagina-201 
2024-10-22 17:12:07,328 - INFO - capturando tabela e convertendo em lista
2024-10-22 17:12:17,778 - INFO - montando DatFrame
2024-10-22 17:12:17,781 - INFO - DataFrame montado
2024-10-22 17:12:17,785 - INFO - paginando pagina-202 
2024-10-22 17:12:44,307 - INFO - capturando tabela e convertendo em lista
2024-10-22 17:12:54,662 - INFO - montando DatFrame
2024-10-22 17:12:54,667 - INFO - DataFrame montado
2024-10-22 17:12:54,671 - INFO - paginando pagina-203 
2024-10-22 17:13:19,598 - INFO - capturando tabela e convertendo em lista
2024-10-22 17:13:30,168 - INFO - montando DatFrame
2024-10-22 17:13:30,172 - INFO - DataFrame montado
2024-10-22 17:13:30,176 - INFO - paginando pagina-204 
2024-10-22 17:13:57,379 - INFO - capturando tabela e convertendo em lista
2024-10-22 17:14:07,417 - INFO - montando DatFrame
2024-10-22 17:14:07,421 - INFO - DataFrame montado
2024-10-22 17:14:07,425 - INFO - paginando pagina-205 
2024-10-22 17:14:37,464 - INFO - capturando tabela e convertendo em lista
2024-10-22 17:14:51,957 - INFO - montando DatFrame
2024-10-22 17:14:51,961 - INFO - DataFrame montado
2024-10-22 17:14:51,965 - INFO - paginando pagina-206 
2024-10-22 17:15:23,441 - INFO - capturando tabela e convertendo em lista
2024-10-22 17:15:37,461 - INFO - montando DatFrame
2024-10-22 17:15:37,465 - INFO - DataFrame montado
2024-10-22 17:15:37,469 - INFO - paginando pagina-207 
2024-10-22 17:16:08,113 - INFO - capturando tabela e convertendo em lista
2024-10-22 17:16:18,074 - INFO - montando DatFrame
2024-10-22 17:16:18,078 - INFO - DataFrame montado
2024-10-22 17:16:18,083 - INFO - paginando pagina-208 
2024-10-22 17:16:50,056 - INFO - capturando tabela e convertendo em lista
2024-10-22 17:17:00,268 - INFO - montando DatFrame
2024-10-22 17:17:00,272 - INFO - DataFrame montado
2024-10-22 17:17:00,276 - INFO - paginando pagina-209 
2024-10-22 17:17:29,633 - INFO - capturando tabela e convertendo em lista
2024-10-22 17:17:33,446 - INFO - montando DatFrame
2024-10-22 17:17:33,449 - INFO - DataFrame montado
2024-10-22 17:17:33,453 - INFO - paginando pagina-210 
2024-10-22 17:17:58,033 - INFO - acabaram as paginas
2024-10-22 17:17:58,033 - INFO - Extracao finalizada as: 2024-10-22 17:17:58.033329 na pagina 210
2024-10-22 17:17:58,109 - INFO - exportando arquivo .xlsx
