2024-10-24 13:39:05,306 - INFO - iniciando extarção campus cgar_suap
2024-10-24 13:39:05,392 - INFO - Iniciando navegador
2024-10-24 13:39:14,389 - INFO - acessando SUAP
2024-10-24 13:39:15,782 - INFO - inserindo nome e senha
2024-10-24 13:39:25,108 - INFO - preparando url search params 
2024-10-24 13:39:25,109 - INFO - paginando pagina-1 
2024-10-24 13:39:55,505 - INFO - capturando tabela e convertendo em lista
2024-10-24 13:40:06,875 - INFO - montando DatFrame
2024-10-24 13:40:06,880 - INFO - DataFrame montado
2024-10-24 13:40:06,880 - INFO - paginando pagina-2 
2024-10-24 13:40:36,874 - INFO - capturando tabela e convertendo em lista
2024-10-24 13:40:47,521 - INFO - montando DatFrame
2024-10-24 13:40:47,531 - INFO - DataFrame montado
2024-10-24 13:40:47,532 - INFO - paginando pagina-3 
2024-10-24 13:41:17,396 - INFO - capturando tabela e convertendo em lista
2024-10-24 13:41:28,813 - INFO - montando DatFrame
2024-10-24 13:41:28,817 - INFO - DataFrame montado
2024-10-24 13:41:28,818 - INFO - paginando pagina-4 
2024-10-24 13:41:59,277 - INFO - capturando tabela e convertendo em lista
2024-10-24 13:42:11,033 - INFO - montando DatFrame
2024-10-24 13:42:11,038 - INFO - DataFrame montado
2024-10-24 13:42:11,039 - INFO - paginando pagina-5 
2024-10-24 13:42:41,477 - INFO - capturando tabela e convertendo em lista
2024-10-24 13:42:52,933 - INFO - montando DatFrame
2024-10-24 13:42:52,938 - INFO - DataFrame montado
2024-10-24 13:42:52,939 - INFO - paginando pagina-6 
2024-10-24 13:43:22,483 - INFO - capturando tabela e convertendo em lista
2024-10-24 13:43:33,805 - INFO - montando DatFrame
2024-10-24 13:43:33,809 - INFO - DataFrame montado
2024-10-24 13:43:33,809 - INFO - paginando pagina-7 
2024-10-24 13:44:02,663 - INFO - capturando tabela e convertendo em lista
2024-10-24 13:44:15,731 - INFO - montando DatFrame
2024-10-24 13:44:15,736 - INFO - DataFrame montado
2024-10-24 13:44:15,737 - INFO - paginando pagina-8 
2024-10-24 13:44:45,011 - INFO - capturando tabela e convertendo em lista
2024-10-24 13:44:56,084 - INFO - montando DatFrame
2024-10-24 13:44:56,088 - INFO - DataFrame montado
2024-10-24 13:44:56,089 - INFO - paginando pagina-9 
2024-10-24 13:45:25,091 - INFO - capturando tabela e convertendo em lista
2024-10-24 13:45:36,644 - INFO - montando DatFrame
2024-10-24 13:45:36,648 - INFO - DataFrame montado
2024-10-24 13:45:36,649 - INFO - paginando pagina-10 
2024-10-24 13:46:05,241 - INFO - capturando tabela e convertendo em lista
2024-10-24 13:46:16,490 - INFO - montando DatFrame
2024-10-24 13:46:16,494 - INFO - DataFrame montado
2024-10-24 13:46:16,495 - INFO - paginando pagina-11 
2024-10-24 13:46:42,517 - INFO - capturando tabela e convertendo em lista
2024-10-24 13:46:53,804 - INFO - montando DatFrame
2024-10-24 13:46:53,809 - INFO - DataFrame montado
2024-10-24 13:46:53,810 - INFO - paginando pagina-12 
2024-10-24 13:47:17,225 - INFO - capturando tabela e convertendo em lista
2024-10-24 13:47:30,630 - INFO - montando DatFrame
2024-10-24 13:47:30,634 - INFO - DataFrame montado
2024-10-24 13:47:30,635 - INFO - paginando pagina-13 
2024-10-24 13:47:58,699 - INFO - capturando tabela e convertendo em lista
2024-10-24 13:48:09,796 - INFO - montando DatFrame
2024-10-24 13:48:09,801 - INFO - DataFrame montado
2024-10-24 13:48:09,801 - INFO - paginando pagina-14 
2024-10-24 13:48:38,341 - INFO - capturando tabela e convertendo em lista
2024-10-24 13:48:49,763 - INFO - montando DatFrame
2024-10-24 13:48:49,767 - INFO - DataFrame montado
2024-10-24 13:48:49,768 - INFO - paginando pagina-15 
2024-10-24 13:49:19,417 - INFO - capturando tabela e convertendo em lista
2024-10-24 13:49:30,454 - INFO - montando DatFrame
2024-10-24 13:49:30,459 - INFO - DataFrame montado
2024-10-24 13:49:30,460 - INFO - paginando pagina-16 
2024-10-24 13:50:01,656 - INFO - capturando tabela e convertendo em lista
2024-10-24 13:50:12,866 - INFO - montando DatFrame
2024-10-24 13:50:12,870 - INFO - DataFrame montado
2024-10-24 13:50:12,871 - INFO - paginando pagina-17 
2024-10-24 13:50:42,664 - INFO - capturando tabela e convertendo em lista
2024-10-24 13:50:58,017 - INFO - montando DatFrame
2024-10-24 13:50:58,022 - INFO - DataFrame montado
2024-10-24 13:50:58,023 - INFO - paginando pagina-18 
2024-10-24 13:51:27,081 - INFO - capturando tabela e convertendo em lista
2024-10-24 13:51:38,502 - INFO - montando DatFrame
2024-10-24 13:51:38,506 - INFO - DataFrame montado
2024-10-24 13:51:38,507 - INFO - paginando pagina-19 
2024-10-24 13:52:07,780 - INFO - capturando tabela e convertendo em lista
2024-10-24 13:52:17,192 - INFO - montando DatFrame
2024-10-24 13:52:17,196 - INFO - DataFrame montado
2024-10-24 13:52:17,197 - INFO - paginando pagina-20 
2024-10-24 13:52:47,057 - INFO - capturando tabela e convertendo em lista
2024-10-24 13:53:02,220 - INFO - montando DatFrame
2024-10-24 13:53:02,227 - INFO - DataFrame montado
2024-10-24 13:53:02,229 - INFO - paginando pagina-21 
2024-10-24 13:53:32,125 - INFO - capturando tabela e convertendo em lista
2024-10-24 13:53:47,494 - INFO - montando DatFrame
2024-10-24 13:53:47,500 - INFO - DataFrame montado
2024-10-24 13:53:47,501 - INFO - paginando pagina-22 
2024-10-24 13:54:20,406 - INFO - capturando tabela e convertendo em lista
2024-10-24 13:54:36,306 - INFO - montando DatFrame
2024-10-24 13:54:36,314 - INFO - DataFrame montado
2024-10-24 13:54:36,315 - INFO - paginando pagina-23 
2024-10-24 13:55:09,025 - INFO - capturando tabela e convertendo em lista
2024-10-24 13:55:23,916 - INFO - montando DatFrame
2024-10-24 13:55:23,921 - INFO - DataFrame montado
2024-10-24 13:55:23,923 - INFO - paginando pagina-24 
2024-10-24 13:55:54,145 - INFO - capturando tabela e convertendo em lista
2024-10-24 13:56:05,714 - INFO - montando DatFrame
2024-10-24 13:56:05,718 - INFO - DataFrame montado
2024-10-24 13:56:05,719 - INFO - paginando pagina-25 
2024-10-24 13:56:34,323 - INFO - capturando tabela e convertendo em lista
2024-10-24 13:56:45,043 - INFO - montando DatFrame
2024-10-24 13:56:45,048 - INFO - DataFrame montado
2024-10-24 13:56:45,049 - INFO - paginando pagina-26 
2024-10-24 13:57:13,925 - INFO - capturando tabela e convertendo em lista
2024-10-24 13:57:24,277 - INFO - montando DatFrame
2024-10-24 13:57:24,281 - INFO - DataFrame montado
2024-10-24 13:57:24,282 - INFO - paginando pagina-27 
2024-10-24 13:57:52,225 - INFO - capturando tabela e convertendo em lista
2024-10-24 13:58:03,458 - INFO - montando DatFrame
2024-10-24 13:58:03,461 - INFO - DataFrame montado
2024-10-24 13:58:03,463 - INFO - paginando pagina-28 
2024-10-24 13:58:32,758 - INFO - capturando tabela e convertendo em lista
2024-10-24 13:58:43,452 - INFO - montando DatFrame
2024-10-24 13:58:43,456 - INFO - DataFrame montado
2024-10-24 13:58:43,456 - INFO - paginando pagina-29 
2024-10-24 13:59:13,815 - INFO - capturando tabela e convertendo em lista
2024-10-24 13:59:24,322 - INFO - montando DatFrame
2024-10-24 13:59:24,326 - INFO - DataFrame montado
2024-10-24 13:59:24,327 - INFO - paginando pagina-30 
2024-10-24 13:59:53,387 - INFO - capturando tabela e convertendo em lista
2024-10-24 14:00:03,739 - INFO - montando DatFrame
2024-10-24 14:00:03,743 - INFO - DataFrame montado
2024-10-24 14:00:03,744 - INFO - paginando pagina-31 
2024-10-24 14:00:35,208 - INFO - capturando tabela e convertendo em lista
2024-10-24 14:00:45,941 - INFO - montando DatFrame
2024-10-24 14:00:45,946 - INFO - DataFrame montado
2024-10-24 14:00:45,947 - INFO - paginando pagina-32 
2024-10-24 14:01:19,226 - INFO - capturando tabela e convertendo em lista
2024-10-24 14:01:29,537 - INFO - montando DatFrame
2024-10-24 14:01:29,541 - INFO - DataFrame montado
2024-10-24 14:01:29,542 - INFO - paginando pagina-33 
2024-10-24 14:01:54,366 - INFO - capturando tabela e convertendo em lista
2024-10-24 14:02:05,107 - INFO - montando DatFrame
2024-10-24 14:02:05,111 - INFO - DataFrame montado
2024-10-24 14:02:05,112 - INFO - paginando pagina-34 
2024-10-24 14:02:30,794 - INFO - capturando tabela e convertendo em lista
2024-10-24 14:02:41,796 - INFO - montando DatFrame
2024-10-24 14:02:41,800 - INFO - DataFrame montado
2024-10-24 14:02:41,801 - INFO - paginando pagina-35 
2024-10-24 14:03:12,398 - INFO - capturando tabela e convertendo em lista
2024-10-24 14:03:22,866 - INFO - montando DatFrame
2024-10-24 14:03:22,871 - INFO - DataFrame montado
2024-10-24 14:03:22,872 - INFO - paginando pagina-36 
2024-10-24 14:03:53,512 - INFO - capturando tabela e convertendo em lista
2024-10-24 14:04:05,070 - INFO - montando DatFrame
2024-10-24 14:04:05,074 - INFO - DataFrame montado
2024-10-24 14:04:05,076 - INFO - paginando pagina-37 
2024-10-24 14:04:35,090 - INFO - capturando tabela e convertendo em lista
2024-10-24 14:04:45,922 - INFO - montando DatFrame
2024-10-24 14:04:45,926 - INFO - DataFrame montado
2024-10-24 14:04:45,928 - INFO - paginando pagina-38 
2024-10-24 14:05:18,357 - INFO - capturando tabela e convertendo em lista
2024-10-24 14:05:29,058 - INFO - montando DatFrame
2024-10-24 14:05:29,062 - INFO - DataFrame montado
2024-10-24 14:05:29,063 - INFO - paginando pagina-39 
2024-10-24 14:06:02,527 - INFO - capturando tabela e convertendo em lista
2024-10-24 14:06:12,720 - INFO - montando DatFrame
2024-10-24 14:06:12,726 - INFO - DataFrame montado
2024-10-24 14:06:12,727 - INFO - paginando pagina-40 
2024-10-24 14:06:42,430 - INFO - capturando tabela e convertendo em lista
2024-10-24 14:06:52,882 - INFO - montando DatFrame
2024-10-24 14:06:52,888 - INFO - DataFrame montado
2024-10-24 14:06:52,890 - INFO - paginando pagina-41 
2024-10-24 14:07:22,411 - INFO - capturando tabela e convertendo em lista
2024-10-24 14:07:32,914 - INFO - montando DatFrame
2024-10-24 14:07:32,918 - INFO - DataFrame montado
2024-10-24 14:07:32,919 - INFO - paginando pagina-42 
2024-10-24 14:08:02,742 - INFO - capturando tabela e convertendo em lista
2024-10-24 14:08:13,282 - INFO - montando DatFrame
2024-10-24 14:08:13,287 - INFO - DataFrame montado
2024-10-24 14:08:13,288 - INFO - paginando pagina-43 
2024-10-24 14:08:45,009 - INFO - capturando tabela e convertendo em lista
2024-10-24 14:08:55,159 - INFO - montando DatFrame
2024-10-24 14:08:55,162 - INFO - DataFrame montado
2024-10-24 14:08:55,164 - INFO - paginando pagina-44 
2024-10-24 14:09:28,728 - INFO - capturando tabela e convertendo em lista
2024-10-24 14:09:38,948 - INFO - montando DatFrame
2024-10-24 14:09:38,952 - INFO - DataFrame montado
2024-10-24 14:09:38,953 - INFO - paginando pagina-45 
2024-10-24 14:10:11,394 - INFO - capturando tabela e convertendo em lista
2024-10-24 14:10:21,915 - INFO - montando DatFrame
2024-10-24 14:10:21,920 - INFO - DataFrame montado
2024-10-24 14:10:21,923 - INFO - paginando pagina-46 
2024-10-24 14:10:54,324 - INFO - capturando tabela e convertendo em lista
2024-10-24 14:11:04,854 - INFO - montando DatFrame
2024-10-24 14:11:04,858 - INFO - DataFrame montado
2024-10-24 14:11:04,860 - INFO - paginando pagina-47 
2024-10-24 14:11:37,573 - INFO - capturando tabela e convertendo em lista
2024-10-24 14:11:47,916 - INFO - montando DatFrame
2024-10-24 14:11:47,920 - INFO - DataFrame montado
2024-10-24 14:11:47,921 - INFO - paginando pagina-48 
2024-10-24 14:12:21,578 - INFO - capturando tabela e convertendo em lista
2024-10-24 14:12:32,365 - INFO - montando DatFrame
2024-10-24 14:12:32,370 - INFO - DataFrame montado
2024-10-24 14:12:32,372 - INFO - paginando pagina-49 
2024-10-24 14:13:03,807 - INFO - capturando tabela e convertendo em lista
2024-10-24 14:13:14,288 - INFO - montando DatFrame
2024-10-24 14:13:14,292 - INFO - DataFrame montado
2024-10-24 14:13:14,293 - INFO - paginando pagina-50 
2024-10-24 14:13:44,265 - INFO - capturando tabela e convertendo em lista
2024-10-24 14:13:55,056 - INFO - montando DatFrame
2024-10-24 14:13:55,059 - INFO - DataFrame montado
2024-10-24 14:13:55,060 - INFO - paginando pagina-51 
2024-10-24 14:14:25,159 - INFO - capturando tabela e convertendo em lista
2024-10-24 14:14:35,707 - INFO - montando DatFrame
2024-10-24 14:14:35,710 - INFO - DataFrame montado
2024-10-24 14:14:35,712 - INFO - paginando pagina-52 
2024-10-24 14:15:08,438 - INFO - capturando tabela e convertendo em lista
2024-10-24 14:15:18,541 - INFO - montando DatFrame
2024-10-24 14:15:18,546 - INFO - DataFrame montado
2024-10-24 14:15:18,547 - INFO - paginando pagina-53 
2024-10-24 14:15:51,885 - INFO - capturando tabela e convertendo em lista
2024-10-24 14:16:02,359 - INFO - montando DatFrame
2024-10-24 14:16:02,363 - INFO - DataFrame montado
2024-10-24 14:16:02,364 - INFO - paginando pagina-54 
2024-10-24 14:16:34,740 - INFO - capturando tabela e convertendo em lista
2024-10-24 14:16:45,085 - INFO - montando DatFrame
2024-10-24 14:16:45,090 - INFO - DataFrame montado
2024-10-24 14:16:45,092 - INFO - paginando pagina-55 
2024-10-24 14:17:14,245 - INFO - capturando tabela e convertendo em lista
2024-10-24 14:17:26,313 - INFO - montando DatFrame
2024-10-24 14:17:26,316 - INFO - DataFrame montado
2024-10-24 14:17:26,318 - INFO - paginando pagina-56 
2024-10-24 14:17:57,126 - INFO - capturando tabela e convertendo em lista
2024-10-24 14:18:07,962 - INFO - montando DatFrame
2024-10-24 14:18:07,966 - INFO - DataFrame montado
2024-10-24 14:18:07,968 - INFO - paginando pagina-57 
2024-10-24 14:18:36,660 - INFO - capturando tabela e convertendo em lista
2024-10-24 14:18:46,809 - INFO - montando DatFrame
2024-10-24 14:18:46,813 - INFO - DataFrame montado
2024-10-24 14:18:46,814 - INFO - paginando pagina-58 
2024-10-24 14:19:15,974 - INFO - capturando tabela e convertendo em lista
2024-10-24 14:19:26,674 - INFO - montando DatFrame
2024-10-24 14:19:26,679 - INFO - DataFrame montado
2024-10-24 14:19:26,681 - INFO - paginando pagina-59 
2024-10-24 14:19:56,592 - INFO - capturando tabela e convertendo em lista
2024-10-24 14:20:06,783 - INFO - montando DatFrame
2024-10-24 14:20:06,787 - INFO - DataFrame montado
2024-10-24 14:20:06,788 - INFO - paginando pagina-60 
2024-10-24 14:20:38,685 - INFO - capturando tabela e convertendo em lista
2024-10-24 14:20:49,463 - INFO - montando DatFrame
2024-10-24 14:20:49,466 - INFO - DataFrame montado
2024-10-24 14:20:49,468 - INFO - paginando pagina-61 
2024-10-24 14:21:17,828 - INFO - capturando tabela e convertendo em lista
2024-10-24 14:21:28,183 - INFO - montando DatFrame
2024-10-24 14:21:28,186 - INFO - DataFrame montado
2024-10-24 14:21:28,188 - INFO - paginando pagina-62 
2024-10-24 14:21:57,706 - INFO - capturando tabela e convertendo em lista
2024-10-24 14:22:08,626 - INFO - montando DatFrame
2024-10-24 14:22:08,630 - INFO - DataFrame montado
2024-10-24 14:22:08,632 - INFO - paginando pagina-63 
2024-10-24 14:22:41,082 - INFO - capturando tabela e convertendo em lista
2024-10-24 14:22:51,462 - INFO - montando DatFrame
2024-10-24 14:22:51,466 - INFO - DataFrame montado
2024-10-24 14:22:51,468 - INFO - paginando pagina-64 
2024-10-24 14:23:20,719 - INFO - capturando tabela e convertendo em lista
2024-10-24 14:23:31,274 - INFO - montando DatFrame
2024-10-24 14:23:31,278 - INFO - DataFrame montado
2024-10-24 14:23:31,280 - INFO - paginando pagina-65 
2024-10-24 14:24:02,007 - INFO - capturando tabela e convertendo em lista
2024-10-24 14:24:12,439 - INFO - montando DatFrame
2024-10-24 14:24:12,443 - INFO - DataFrame montado
2024-10-24 14:24:12,445 - INFO - paginando pagina-66 
2024-10-24 14:24:42,373 - INFO - capturando tabela e convertendo em lista
2024-10-24 14:24:52,579 - INFO - montando DatFrame
2024-10-24 14:24:52,583 - INFO - DataFrame montado
2024-10-24 14:24:52,585 - INFO - paginando pagina-67 
2024-10-24 14:25:21,853 - INFO - capturando tabela e convertendo em lista
2024-10-24 14:25:32,323 - INFO - montando DatFrame
2024-10-24 14:25:32,328 - INFO - DataFrame montado
2024-10-24 14:25:32,329 - INFO - paginando pagina-68 
2024-10-24 14:26:02,477 - INFO - capturando tabela e convertendo em lista
2024-10-24 14:26:12,583 - INFO - montando DatFrame
2024-10-24 14:26:12,587 - INFO - DataFrame montado
2024-10-24 14:26:12,589 - INFO - paginando pagina-69 
2024-10-24 14:26:42,395 - INFO - capturando tabela e convertendo em lista
2024-10-24 14:26:52,788 - INFO - montando DatFrame
2024-10-24 14:26:52,792 - INFO - DataFrame montado
2024-10-24 14:26:52,794 - INFO - paginando pagina-70 
2024-10-24 14:27:22,588 - INFO - capturando tabela e convertendo em lista
2024-10-24 14:27:34,208 - INFO - montando DatFrame
2024-10-24 14:27:34,212 - INFO - DataFrame montado
2024-10-24 14:27:34,213 - INFO - paginando pagina-71 
2024-10-24 14:28:05,528 - INFO - capturando tabela e convertendo em lista
2024-10-24 14:28:16,488 - INFO - montando DatFrame
2024-10-24 14:28:16,493 - INFO - DataFrame montado
2024-10-24 14:28:16,495 - INFO - paginando pagina-72 
2024-10-24 14:28:49,354 - INFO - capturando tabela e convertendo em lista
2024-10-24 14:29:00,057 - INFO - montando DatFrame
2024-10-24 14:29:00,062 - INFO - DataFrame montado
2024-10-24 14:29:00,064 - INFO - paginando pagina-73 
2024-10-24 14:29:32,323 - INFO - capturando tabela e convertendo em lista
2024-10-24 14:29:42,437 - INFO - montando DatFrame
2024-10-24 14:29:42,441 - INFO - DataFrame montado
2024-10-24 14:29:42,443 - INFO - paginando pagina-74 
2024-10-24 14:30:12,135 - INFO - capturando tabela e convertendo em lista
2024-10-24 14:30:22,769 - INFO - montando DatFrame
2024-10-24 14:30:22,773 - INFO - DataFrame montado
2024-10-24 14:30:22,775 - INFO - paginando pagina-75 
2024-10-24 14:30:50,544 - INFO - capturando tabela e convertendo em lista
2024-10-24 14:31:02,957 - INFO - montando DatFrame
2024-10-24 14:31:02,960 - INFO - DataFrame montado
2024-10-24 14:31:02,962 - INFO - paginando pagina-76 
2024-10-24 14:31:34,835 - INFO - capturando tabela e convertendo em lista
2024-10-24 14:31:45,394 - INFO - montando DatFrame
2024-10-24 14:31:45,398 - INFO - DataFrame montado
2024-10-24 14:31:45,400 - INFO - paginando pagina-77 
2024-10-24 14:32:18,217 - INFO - capturando tabela e convertendo em lista
2024-10-24 14:32:28,453 - INFO - montando DatFrame
2024-10-24 14:32:28,458 - INFO - DataFrame montado
2024-10-24 14:32:28,460 - INFO - paginando pagina-78 
2024-10-24 14:33:00,045 - INFO - capturando tabela e convertendo em lista
2024-10-24 14:33:10,355 - INFO - montando DatFrame
2024-10-24 14:33:10,359 - INFO - DataFrame montado
2024-10-24 14:33:10,361 - INFO - paginando pagina-79 
2024-10-24 14:33:39,553 - INFO - capturando tabela e convertendo em lista
2024-10-24 14:33:50,129 - INFO - montando DatFrame
2024-10-24 14:33:50,133 - INFO - DataFrame montado
2024-10-24 14:33:50,136 - INFO - paginando pagina-80 
2024-10-24 14:34:21,395 - INFO - capturando tabela e convertendo em lista
2024-10-24 14:34:31,552 - INFO - montando DatFrame
2024-10-24 14:34:31,555 - INFO - DataFrame montado
2024-10-24 14:34:31,558 - INFO - paginando pagina-81 
2024-10-24 14:35:04,384 - INFO - capturando tabela e convertendo em lista
2024-10-24 14:35:14,968 - INFO - montando DatFrame
2024-10-24 14:35:14,971 - INFO - DataFrame montado
2024-10-24 14:35:14,973 - INFO - paginando pagina-82 
2024-10-24 14:35:46,856 - INFO - capturando tabela e convertendo em lista
2024-10-24 14:35:57,596 - INFO - montando DatFrame
2024-10-24 14:35:57,601 - INFO - DataFrame montado
2024-10-24 14:35:57,603 - INFO - paginando pagina-83 
2024-10-24 14:36:28,468 - INFO - capturando tabela e convertendo em lista
2024-10-24 14:36:38,850 - INFO - montando DatFrame
2024-10-24 14:36:38,854 - INFO - DataFrame montado
2024-10-24 14:36:38,856 - INFO - paginando pagina-84 
2024-10-24 14:37:07,431 - INFO - capturando tabela e convertendo em lista
2024-10-24 14:37:19,259 - INFO - montando DatFrame
2024-10-24 14:37:19,263 - INFO - DataFrame montado
2024-10-24 14:37:19,265 - INFO - paginando pagina-85 
2024-10-24 14:37:49,252 - INFO - capturando tabela e convertendo em lista
2024-10-24 14:37:59,964 - INFO - montando DatFrame
2024-10-24 14:37:59,968 - INFO - DataFrame montado
2024-10-24 14:37:59,970 - INFO - paginando pagina-86 
2024-10-24 14:38:28,395 - INFO - capturando tabela e convertendo em lista
2024-10-24 14:38:39,594 - INFO - montando DatFrame
2024-10-24 14:38:39,600 - INFO - DataFrame montado
2024-10-24 14:38:39,602 - INFO - paginando pagina-87 
2024-10-24 14:39:08,064 - INFO - capturando tabela e convertendo em lista
2024-10-24 14:39:18,327 - INFO - montando DatFrame
2024-10-24 14:39:18,331 - INFO - DataFrame montado
2024-10-24 14:39:18,333 - INFO - paginando pagina-88 
2024-10-24 14:39:47,553 - INFO - capturando tabela e convertendo em lista
2024-10-24 14:39:58,212 - INFO - montando DatFrame
2024-10-24 14:39:58,217 - INFO - DataFrame montado
2024-10-24 14:39:58,220 - INFO - paginando pagina-89 
2024-10-24 14:40:30,135 - INFO - capturando tabela e convertendo em lista
2024-10-24 14:40:41,277 - INFO - montando DatFrame
2024-10-24 14:40:41,281 - INFO - DataFrame montado
2024-10-24 14:40:41,283 - INFO - paginando pagina-90 
2024-10-24 14:41:12,958 - INFO - capturando tabela e convertendo em lista
2024-10-24 14:41:23,347 - INFO - montando DatFrame
2024-10-24 14:41:23,350 - INFO - DataFrame montado
2024-10-24 14:41:23,352 - INFO - paginando pagina-91 
2024-10-24 14:41:55,672 - INFO - capturando tabela e convertendo em lista
2024-10-24 14:42:06,162 - INFO - montando DatFrame
2024-10-24 14:42:06,167 - INFO - DataFrame montado
2024-10-24 14:42:06,169 - INFO - paginando pagina-92 
2024-10-24 14:42:35,519 - INFO - capturando tabela e convertendo em lista
2024-10-24 14:42:45,895 - INFO - montando DatFrame
2024-10-24 14:42:45,899 - INFO - DataFrame montado
2024-10-24 14:42:45,901 - INFO - paginando pagina-93 
2024-10-24 14:43:14,621 - INFO - capturando tabela e convertendo em lista
2024-10-24 14:43:25,054 - INFO - montando DatFrame
2024-10-24 14:43:25,058 - INFO - DataFrame montado
2024-10-24 14:43:25,060 - INFO - paginando pagina-94 
2024-10-24 14:43:54,312 - INFO - capturando tabela e convertendo em lista
2024-10-24 14:44:04,957 - INFO - montando DatFrame
2024-10-24 14:44:04,961 - INFO - DataFrame montado
2024-10-24 14:44:04,963 - INFO - paginando pagina-95 
2024-10-24 14:44:34,733 - INFO - capturando tabela e convertendo em lista
2024-10-24 14:44:45,172 - INFO - montando DatFrame
2024-10-24 14:44:45,176 - INFO - DataFrame montado
2024-10-24 14:44:45,179 - INFO - paginando pagina-96 
2024-10-24 14:45:14,436 - INFO - capturando tabela e convertendo em lista
2024-10-24 14:45:24,701 - INFO - montando DatFrame
2024-10-24 14:45:24,705 - INFO - DataFrame montado
2024-10-24 14:45:24,707 - INFO - paginando pagina-97 
2024-10-24 14:45:54,584 - INFO - capturando tabela e convertendo em lista
2024-10-24 14:46:05,101 - INFO - montando DatFrame
2024-10-24 14:46:05,105 - INFO - DataFrame montado
2024-10-24 14:46:05,108 - INFO - paginando pagina-98 
2024-10-24 14:46:37,611 - INFO - capturando tabela e convertendo em lista
2024-10-24 14:46:47,764 - INFO - montando DatFrame
2024-10-24 14:46:47,768 - INFO - DataFrame montado
2024-10-24 14:46:47,770 - INFO - paginando pagina-99 
2024-10-24 14:47:20,831 - INFO - capturando tabela e convertendo em lista
2024-10-24 14:47:31,347 - INFO - montando DatFrame
2024-10-24 14:47:31,351 - INFO - DataFrame montado
2024-10-24 14:47:31,353 - INFO - paginando pagina-100 
2024-10-24 14:48:04,515 - INFO - capturando tabela e convertendo em lista
2024-10-24 14:48:15,056 - INFO - montando DatFrame
2024-10-24 14:48:15,062 - INFO - DataFrame montado
2024-10-24 14:48:15,065 - INFO - paginando pagina-101 
2024-10-24 14:48:43,166 - INFO - capturando tabela e convertendo em lista
2024-10-24 14:48:53,339 - INFO - montando DatFrame
2024-10-24 14:48:53,343 - INFO - DataFrame montado
2024-10-24 14:48:53,345 - INFO - paginando pagina-102 
2024-10-24 14:49:22,027 - INFO - capturando tabela e convertendo em lista
2024-10-24 14:49:32,392 - INFO - montando DatFrame
2024-10-24 14:49:32,396 - INFO - DataFrame montado
2024-10-24 14:49:32,398 - INFO - paginando pagina-103 
2024-10-24 14:50:00,310 - INFO - capturando tabela e convertendo em lista
2024-10-24 14:50:11,131 - INFO - montando DatFrame
2024-10-24 14:50:11,135 - INFO - DataFrame montado
2024-10-24 14:50:11,137 - INFO - paginando pagina-104 
2024-10-24 14:50:40,087 - INFO - capturando tabela e convertendo em lista
2024-10-24 14:50:50,642 - INFO - montando DatFrame
2024-10-24 14:50:50,646 - INFO - DataFrame montado
2024-10-24 14:50:50,649 - INFO - paginando pagina-105 
2024-10-24 14:51:19,855 - INFO - capturando tabela e convertendo em lista
2024-10-24 14:51:30,722 - INFO - montando DatFrame
2024-10-24 14:51:30,726 - INFO - DataFrame montado
2024-10-24 14:51:30,728 - INFO - paginando pagina-106 
2024-10-24 14:52:01,198 - INFO - capturando tabela e convertendo em lista
2024-10-24 14:52:11,583 - INFO - montando DatFrame
2024-10-24 14:52:11,587 - INFO - DataFrame montado
2024-10-24 14:52:11,590 - INFO - paginando pagina-107 
2024-10-24 14:52:45,593 - INFO - capturando tabela e convertendo em lista
2024-10-24 14:52:55,907 - INFO - montando DatFrame
2024-10-24 14:52:55,910 - INFO - DataFrame montado
2024-10-24 14:52:55,913 - INFO - paginando pagina-108 
2024-10-24 14:53:29,338 - INFO - capturando tabela e convertendo em lista
2024-10-24 14:53:40,159 - INFO - montando DatFrame
2024-10-24 14:53:40,163 - INFO - DataFrame montado
2024-10-24 14:53:40,166 - INFO - paginando pagina-109 
2024-10-24 14:54:12,707 - INFO - capturando tabela e convertendo em lista
2024-10-24 14:54:23,153 - INFO - montando DatFrame
2024-10-24 14:54:23,158 - INFO - DataFrame montado
2024-10-24 14:54:23,161 - INFO - paginando pagina-110 
2024-10-24 14:54:53,234 - INFO - capturando tabela e convertendo em lista
2024-10-24 14:55:03,434 - INFO - montando DatFrame
2024-10-24 14:55:03,438 - INFO - DataFrame montado
2024-10-24 14:55:03,440 - INFO - paginando pagina-111 
2024-10-24 14:55:33,020 - INFO - capturando tabela e convertendo em lista
2024-10-24 14:55:43,868 - INFO - montando DatFrame
2024-10-24 14:55:43,873 - INFO - DataFrame montado
2024-10-24 14:55:43,875 - INFO - paginando pagina-112 
2024-10-24 14:56:13,433 - INFO - capturando tabela e convertendo em lista
2024-10-24 14:56:23,457 - INFO - montando DatFrame
2024-10-24 14:56:23,460 - INFO - DataFrame montado
2024-10-24 14:56:23,463 - INFO - paginando pagina-113 
2024-10-24 14:56:53,564 - INFO - capturando tabela e convertendo em lista
2024-10-24 14:57:04,697 - INFO - montando DatFrame
2024-10-24 14:57:04,701 - INFO - DataFrame montado
2024-10-24 14:57:04,704 - INFO - paginando pagina-114 
2024-10-24 14:57:34,418 - INFO - capturando tabela e convertendo em lista
2024-10-24 14:57:44,819 - INFO - montando DatFrame
2024-10-24 14:57:44,824 - INFO - DataFrame montado
2024-10-24 14:57:44,827 - INFO - paginando pagina-115 
2024-10-24 14:58:14,091 - INFO - capturando tabela e convertendo em lista
2024-10-24 14:58:25,203 - INFO - montando DatFrame
2024-10-24 14:58:25,207 - INFO - DataFrame montado
2024-10-24 14:58:25,210 - INFO - paginando pagina-116 
2024-10-24 14:58:58,482 - INFO - capturando tabela e convertendo em lista
2024-10-24 14:59:08,874 - INFO - montando DatFrame
2024-10-24 14:59:08,878 - INFO - DataFrame montado
2024-10-24 14:59:08,881 - INFO - paginando pagina-117 
2024-10-24 14:59:41,837 - INFO - capturando tabela e convertendo em lista
2024-10-24 14:59:50,354 - INFO - montando DatFrame
2024-10-24 14:59:50,358 - INFO - DataFrame montado
2024-10-24 14:59:50,360 - INFO - paginando pagina-118 
2024-10-24 15:00:23,668 - INFO - capturando tabela e convertendo em lista
2024-10-24 15:00:32,654 - INFO - montando DatFrame
2024-10-24 15:00:32,658 - INFO - DataFrame montado
2024-10-24 15:00:32,660 - INFO - paginando pagina-119 
2024-10-24 15:01:02,137 - INFO - capturando tabela e convertendo em lista
2024-10-24 15:01:10,779 - INFO - montando DatFrame
2024-10-24 15:01:10,783 - INFO - DataFrame montado
2024-10-24 15:01:10,786 - INFO - paginando pagina-120 
2024-10-24 15:01:39,843 - INFO - capturando tabela e convertendo em lista
2024-10-24 15:01:48,437 - INFO - montando DatFrame
2024-10-24 15:01:48,441 - INFO - DataFrame montado
2024-10-24 15:01:48,443 - INFO - paginando pagina-121 
2024-10-24 15:02:18,753 - INFO - capturando tabela e convertendo em lista
2024-10-24 15:02:27,906 - INFO - montando DatFrame
2024-10-24 15:02:27,910 - INFO - DataFrame montado
2024-10-24 15:02:27,913 - INFO - paginando pagina-122 
2024-10-24 15:02:57,411 - INFO - capturando tabela e convertendo em lista
2024-10-24 15:03:06,267 - INFO - montando DatFrame
2024-10-24 15:03:06,272 - INFO - DataFrame montado
2024-10-24 15:03:06,276 - INFO - paginando pagina-123 
2024-10-24 15:03:35,783 - INFO - capturando tabela e convertendo em lista
2024-10-24 15:03:44,980 - INFO - montando DatFrame
2024-10-24 15:03:44,984 - INFO - DataFrame montado
2024-10-24 15:03:44,987 - INFO - paginando pagina-124 
2024-10-24 15:04:15,471 - INFO - capturando tabela e convertendo em lista
2024-10-24 15:04:23,940 - INFO - montando DatFrame
2024-10-24 15:04:23,943 - INFO - DataFrame montado
2024-10-24 15:04:23,946 - INFO - paginando pagina-125 
2024-10-24 15:04:52,347 - INFO - capturando tabela e convertendo em lista
2024-10-24 15:05:00,875 - INFO - montando DatFrame
2024-10-24 15:05:00,880 - INFO - DataFrame montado
2024-10-24 15:05:00,882 - INFO - paginando pagina-126 
2024-10-24 15:05:29,615 - INFO - capturando tabela e convertendo em lista
2024-10-24 15:05:39,080 - INFO - montando DatFrame
2024-10-24 15:05:39,084 - INFO - DataFrame montado
2024-10-24 15:05:39,086 - INFO - paginando pagina-127 
2024-10-24 15:06:10,874 - INFO - capturando tabela e convertendo em lista
2024-10-24 15:06:19,285 - INFO - montando DatFrame
2024-10-24 15:06:19,288 - INFO - DataFrame montado
2024-10-24 15:06:19,290 - INFO - paginando pagina-128 
2024-10-24 15:06:47,344 - INFO - capturando tabela e convertendo em lista
2024-10-24 15:06:56,446 - INFO - montando DatFrame
2024-10-24 15:06:56,450 - INFO - DataFrame montado
2024-10-24 15:06:56,453 - INFO - paginando pagina-129 
2024-10-24 15:07:24,216 - INFO - capturando tabela e convertendo em lista
2024-10-24 15:07:34,408 - INFO - montando DatFrame
2024-10-24 15:07:34,412 - INFO - DataFrame montado
2024-10-24 15:07:34,413 - INFO - paginando pagina-130 
2024-10-24 15:08:03,856 - INFO - capturando tabela e convertendo em lista
2024-10-24 15:08:09,309 - INFO - montando DatFrame
2024-10-24 15:08:09,311 - INFO - DataFrame montado
2024-10-24 15:08:09,314 - INFO - paginando pagina-131 
2024-10-24 15:08:33,769 - INFO - acabaram as paginas
2024-10-24 15:08:33,770 - INFO - Extracao finalizada as: 2024-10-24 15:08:33.770415 na pagina 131
2024-10-24 15:08:33,797 - INFO - exportando arquivo .xlsx
